{"E:\\code\\xfinity-route-app-1\\xfinity-route-app\\components\\Alert.tsx": {"path":"E:\\code\\xfinity-route-app-1\\xfinity-route-app\\components\\Alert.tsx","statementMap":{"0":{"start":{"line":24,"column":24},"end":{"line":32,"column":3}},"1":{"start":{"line":25,"column":4},"end":{"line":31,"column":5}},"2":{"start":{"line":26,"column":19},"end":{"line":26,"column":36}},"3":{"start":{"line":27,"column":22},"end":{"line":27,"column":39}},"4":{"start":{"line":28,"column":22},"end":{"line":28,"column":39}},"5":{"start":{"line":29,"column":20},"end":{"line":29,"column":37}},"6":{"start":{"line":30,"column":15},"end":{"line":30,"column":32}},"7":{"start":{"line":34,"column":23},"end":{"line":42,"column":3}},"8":{"start":{"line":35,"column":4},"end":{"line":41,"column":5}},"9":{"start":{"line":36,"column":19},"end":{"line":36,"column":33}},"10":{"start":{"line":37,"column":22},"end":{"line":37,"column":44}},"11":{"start":{"line":38,"column":22},"end":{"line":38,"column":39}},"12":{"start":{"line":39,"column":20},"end":{"line":39,"column":35}},"13":{"start":{"line":40,"column":15},"end":{"line":40,"column":29}},"14":{"start":{"line":44,"column":29},"end":{"line":52,"column":3}},"15":{"start":{"line":45,"column":4},"end":{"line":51,"column":5}},"16":{"start":{"line":46,"column":19},"end":{"line":46,"column":36}},"17":{"start":{"line":47,"column":22},"end":{"line":47,"column":39}},"18":{"start":{"line":48,"column":22},"end":{"line":48,"column":39}},"19":{"start":{"line":49,"column":20},"end":{"line":49,"column":37}},"20":{"start":{"line":50,"column":15},"end":{"line":50,"column":32}},"21":{"start":{"line":54,"column":2},"end":{"line":89,"column":4}},"22":{"start":{"line":92,"column":15},"end":{"line":116,"column":2}}},"fnMap":{"0":{"name":"Alert","decl":{"start":{"line":16,"column":24},"end":{"line":16,"column":29}},"loc":{"start":{"line":23,"column":15},"end":{"line":90,"column":1}},"line":23},"1":{"name":"(anonymous_1)","decl":{"start":{"line":24,"column":24},"end":{"line":24,"column":25}},"loc":{"start":{"line":24,"column":30},"end":{"line":32,"column":3}},"line":24},"2":{"name":"(anonymous_2)","decl":{"start":{"line":34,"column":23},"end":{"line":34,"column":24}},"loc":{"start":{"line":34,"column":29},"end":{"line":42,"column":3}},"line":34},"3":{"name":"(anonymous_3)","decl":{"start":{"line":44,"column":29},"end":{"line":44,"column":30}},"loc":{"start":{"line":44,"column":35},"end":{"line":52,"column":3}},"line":44}},"branchMap":{"0":{"loc":{"start":{"line":17,"column":2},"end":{"line":17,"column":15}},"type":"default-arg","locations":[{"start":{"line":17,"column":9},"end":{"line":17,"column":15}}],"line":17},"1":{"loc":{"start":{"line":25,"column":4},"end":{"line":31,"column":5}},"type":"switch","locations":[{"start":{"line":26,"column":6},"end":{"line":26,"column":36}},{"start":{"line":27,"column":6},"end":{"line":27,"column":39}},{"start":{"line":28,"column":6},"end":{"line":28,"column":39}},{"start":{"line":29,"column":6},"end":{"line":29,"column":37}},{"start":{"line":30,"column":6},"end":{"line":30,"column":32}}],"line":25},"2":{"loc":{"start":{"line":35,"column":4},"end":{"line":41,"column":5}},"type":"switch","locations":[{"start":{"line":36,"column":6},"end":{"line":36,"column":33}},{"start":{"line":37,"column":6},"end":{"line":37,"column":44}},{"start":{"line":38,"column":6},"end":{"line":38,"column":39}},{"start":{"line":39,"column":6},"end":{"line":39,"column":35}},{"start":{"line":40,"column":6},"end":{"line":40,"column":29}}],"line":35},"3":{"loc":{"start":{"line":45,"column":4},"end":{"line":51,"column":5}},"type":"switch","locations":[{"start":{"line":46,"column":6},"end":{"line":46,"column":36}},{"start":{"line":47,"column":6},"end":{"line":47,"column":39}},{"start":{"line":48,"column":6},"end":{"line":48,"column":39}},{"start":{"line":49,"column":6},"end":{"line":49,"column":37}},{"start":{"line":50,"column":6},"end":{"line":50,"column":32}}],"line":45},"4":{"loc":{"start":{"line":71,"column":9},"end":{"line":79,"column":9}},"type":"binary-expr","locations":[{"start":{"line":71,"column":9},"end":{"line":71,"column":14}},{"start":{"line":72,"column":10},"end":{"line":78,"column":17}}],"line":71}},"s":{"0":0,"1":0,"2":0,"3":0,"4":0,"5":0,"6":0,"7":0,"8":0,"9":0,"10":0,"11":0,"12":0,"13":0,"14":0,"15":0,"16":0,"17":0,"18":0,"19":0,"20":0,"21":0,"22":0},"f":{"0":0,"1":0,"2":0,"3":0},"b":{"0":[0],"1":[0,0,0,0,0],"2":[0,0,0,0,0],"3":[0,0,0,0,0],"4":[0,0]}}
,"E:\\code\\xfinity-route-app-1\\xfinity-route-app\\components\\Button.tsx": {"path":"E:\\code\\xfinity-route-app-1\\xfinity-route-app\\components\\Button.tsx","statementMap":{"0":{"start":{"line":28,"column":29},"end":{"line":39,"column":3}},"1":{"start":{"line":29,"column":4},"end":{"line":29,"column":38}},"2":{"start":{"line":29,"column":17},"end":{"line":29,"column":38}},"3":{"start":{"line":31,"column":4},"end":{"line":38,"column":5}},"4":{"start":{"line":32,"column":22},"end":{"line":32,"column":39}},"5":{"start":{"line":33,"column":24},"end":{"line":33,"column":41}},"6":{"start":{"line":34,"column":21},"end":{"line":34,"column":38}},"7":{"start":{"line":35,"column":22},"end":{"line":35,"column":39}},"8":{"start":{"line":36,"column":22},"end":{"line":36,"column":39}},"9":{"start":{"line":37,"column":15},"end":{"line":37,"column":32}},"10":{"start":{"line":42,"column":23},"end":{"line":55,"column":3}},"11":{"start":{"line":43,"column":4},"end":{"line":52,"column":5}},"12":{"start":{"line":44,"column":6},"end":{"line":51,"column":7}},"13":{"start":{"line":45,"column":24},"end":{"line":45,"column":41}},"14":{"start":{"line":46,"column":26},"end":{"line":46,"column":43}},"15":{"start":{"line":47,"column":23},"end":{"line":47,"column":40}},"16":{"start":{"line":48,"column":24},"end":{"line":48,"column":41}},"17":{"start":{"line":49,"column":24},"end":{"line":49,"column":41}},"18":{"start":{"line":50,"column":17},"end":{"line":50,"column":34}},"19":{"start":{"line":54,"column":4},"end":{"line":54,"column":19}},"20":{"start":{"line":58,"column":25},"end":{"line":69,"column":3}},"21":{"start":{"line":59,"column":4},"end":{"line":59,"column":39}},"22":{"start":{"line":59,"column":18},"end":{"line":59,"column":39}},"23":{"start":{"line":61,"column":4},"end":{"line":68,"column":5}},"24":{"start":{"line":62,"column":22},"end":{"line":62,"column":39}},"25":{"start":{"line":63,"column":24},"end":{"line":63,"column":41}},"26":{"start":{"line":64,"column":21},"end":{"line":64,"column":38}},"27":{"start":{"line":65,"column":22},"end":{"line":65,"column":39}},"28":{"start":{"line":66,"column":22},"end":{"line":66,"column":39}},"29":{"start":{"line":67,"column":15},"end":{"line":67,"column":32}},"30":{"start":{"line":72,"column":21},"end":{"line":79,"column":3}},"31":{"start":{"line":73,"column":4},"end":{"line":78,"column":5}},"32":{"start":{"line":74,"column":20},"end":{"line":74,"column":73}},"33":{"start":{"line":75,"column":21},"end":{"line":75,"column":75}},"34":{"start":{"line":76,"column":20},"end":{"line":76,"column":74}},"35":{"start":{"line":77,"column":15},"end":{"line":77,"column":69}},"36":{"start":{"line":82,"column":22},"end":{"line":89,"column":3}},"37":{"start":{"line":83,"column":4},"end":{"line":88,"column":5}},"38":{"start":{"line":84,"column":20},"end":{"line":84,"column":30}},"39":{"start":{"line":85,"column":21},"end":{"line":85,"column":31}},"40":{"start":{"line":86,"column":20},"end":{"line":86,"column":30}},"41":{"start":{"line":87,"column":15},"end":{"line":87,"column":25}},"42":{"start":{"line":92,"column":22},"end":{"line":99,"column":3}},"43":{"start":{"line":93,"column":4},"end":{"line":98,"column":5}},"44":{"start":{"line":94,"column":20},"end":{"line":94,"column":30}},"45":{"start":{"line":95,"column":21},"end":{"line":95,"column":31}},"46":{"start":{"line":96,"column":20},"end":{"line":96,"column":30}},"47":{"start":{"line":97,"column":15},"end":{"line":97,"column":25}},"48":{"start":{"line":101,"column":2},"end":{"line":147,"column":4}},"49":{"start":{"line":150,"column":15},"end":{"line":168,"column":2}}},"fnMap":{"0":{"name":"Button","decl":{"start":{"line":15,"column":24},"end":{"line":15,"column":30}},"loc":{"start":{"line":26,"column":16},"end":{"line":148,"column":1}},"line":26},"1":{"name":"(anonymous_1)","decl":{"start":{"line":28,"column":29},"end":{"line":28,"column":30}},"loc":{"start":{"line":28,"column":35},"end":{"line":39,"column":3}},"line":28},"2":{"name":"(anonymous_2)","decl":{"start":{"line":42,"column":23},"end":{"line":42,"column":24}},"loc":{"start":{"line":42,"column":29},"end":{"line":55,"column":3}},"line":42},"3":{"name":"(anonymous_3)","decl":{"start":{"line":58,"column":25},"end":{"line":58,"column":26}},"loc":{"start":{"line":58,"column":31},"end":{"line":69,"column":3}},"line":58},"4":{"name":"(anonymous_4)","decl":{"start":{"line":72,"column":21},"end":{"line":72,"column":22}},"loc":{"start":{"line":72,"column":27},"end":{"line":79,"column":3}},"line":72},"5":{"name":"(anonymous_5)","decl":{"start":{"line":82,"column":22},"end":{"line":82,"column":23}},"loc":{"start":{"line":82,"column":28},"end":{"line":89,"column":3}},"line":82},"6":{"name":"(anonymous_6)","decl":{"start":{"line":92,"column":22},"end":{"line":92,"column":23}},"loc":{"start":{"line":92,"column":28},"end":{"line":99,"column":3}},"line":92}},"branchMap":{"0":{"loc":{"start":{"line":17,"column":2},"end":{"line":17,"column":19}},"type":"default-arg","locations":[{"start":{"line":17,"column":10},"end":{"line":17,"column":19}}],"line":17},"1":{"loc":{"start":{"line":18,"column":2},"end":{"line":18,"column":17}},"type":"default-arg","locations":[{"start":{"line":18,"column":9},"end":{"line":18,"column":17}}],"line":18},"2":{"loc":{"start":{"line":20,"column":2},"end":{"line":20,"column":17}},"type":"default-arg","locations":[{"start":{"line":20,"column":12},"end":{"line":20,"column":17}}],"line":20},"3":{"loc":{"start":{"line":21,"column":2},"end":{"line":21,"column":17}},"type":"default-arg","locations":[{"start":{"line":21,"column":12},"end":{"line":21,"column":17}}],"line":21},"4":{"loc":{"start":{"line":22,"column":2},"end":{"line":22,"column":19}},"type":"default-arg","locations":[{"start":{"line":22,"column":14},"end":{"line":22,"column":19}}],"line":22},"5":{"loc":{"start":{"line":29,"column":4},"end":{"line":29,"column":38}},"type":"if","locations":[{"start":{"line":29,"column":4},"end":{"line":29,"column":38}},{"start":{},"end":{}}],"line":29},"6":{"loc":{"start":{"line":31,"column":4},"end":{"line":38,"column":5}},"type":"switch","locations":[{"start":{"line":32,"column":6},"end":{"line":32,"column":39}},{"start":{"line":33,"column":6},"end":{"line":33,"column":41}},{"start":{"line":34,"column":6},"end":{"line":34,"column":38}},{"start":{"line":35,"column":6},"end":{"line":35,"column":39}},{"start":{"line":36,"column":6},"end":{"line":36,"column":39}},{"start":{"line":37,"column":6},"end":{"line":37,"column":32}}],"line":31},"7":{"loc":{"start":{"line":43,"column":4},"end":{"line":52,"column":5}},"type":"if","locations":[{"start":{"line":43,"column":4},"end":{"line":52,"column":5}},{"start":{},"end":{}}],"line":43},"8":{"loc":{"start":{"line":44,"column":6},"end":{"line":51,"column":7}},"type":"switch","locations":[{"start":{"line":45,"column":8},"end":{"line":45,"column":41}},{"start":{"line":46,"column":8},"end":{"line":46,"column":43}},{"start":{"line":47,"column":8},"end":{"line":47,"column":40}},{"start":{"line":48,"column":8},"end":{"line":48,"column":41}},{"start":{"line":49,"column":8},"end":{"line":49,"column":41}},{"start":{"line":50,"column":8},"end":{"line":50,"column":34}}],"line":44},"9":{"loc":{"start":{"line":59,"column":4},"end":{"line":59,"column":39}},"type":"if","locations":[{"start":{"line":59,"column":4},"end":{"line":59,"column":39}},{"start":{},"end":{}}],"line":59},"10":{"loc":{"start":{"line":61,"column":4},"end":{"line":68,"column":5}},"type":"switch","locations":[{"start":{"line":62,"column":6},"end":{"line":62,"column":39}},{"start":{"line":63,"column":6},"end":{"line":63,"column":41}},{"start":{"line":64,"column":6},"end":{"line":64,"column":38}},{"start":{"line":65,"column":6},"end":{"line":65,"column":39}},{"start":{"line":66,"column":6},"end":{"line":66,"column":39}},{"start":{"line":67,"column":6},"end":{"line":67,"column":32}}],"line":61},"11":{"loc":{"start":{"line":73,"column":4},"end":{"line":78,"column":5}},"type":"switch","locations":[{"start":{"line":74,"column":6},"end":{"line":74,"column":73}},{"start":{"line":75,"column":6},"end":{"line":75,"column":75}},{"start":{"line":76,"column":6},"end":{"line":76,"column":74}},{"start":{"line":77,"column":6},"end":{"line":77,"column":69}}],"line":73},"12":{"loc":{"start":{"line":83,"column":4},"end":{"line":88,"column":5}},"type":"switch","locations":[{"start":{"line":84,"column":6},"end":{"line":84,"column":30}},{"start":{"line":85,"column":6},"end":{"line":85,"column":31}},{"start":{"line":86,"column":6},"end":{"line":86,"column":30}},{"start":{"line":87,"column":6},"end":{"line":87,"column":25}}],"line":83},"13":{"loc":{"start":{"line":93,"column":4},"end":{"line":98,"column":5}},"type":"switch","locations":[{"start":{"line":94,"column":6},"end":{"line":94,"column":30}},{"start":{"line":95,"column":6},"end":{"line":95,"column":31}},{"start":{"line":96,"column":6},"end":{"line":96,"column":30}},{"start":{"line":97,"column":6},"end":{"line":97,"column":25}}],"line":93},"14":{"loc":{"start":{"line":108,"column":23},"end":{"line":108,"column":38}},"type":"cond-expr","locations":[{"start":{"line":108,"column":33},"end":{"line":108,"column":34}},{"start":{"line":108,"column":37},"end":{"line":108,"column":38}}],"line":108},"15":{"loc":{"start":{"line":110,"column":19},"end":{"line":110,"column":37}},"type":"cond-expr","locations":[{"start":{"line":110,"column":30},"end":{"line":110,"column":33}},{"start":{"line":110,"column":36},"end":{"line":110,"column":37}}],"line":110},"16":{"loc":{"start":{"line":111,"column":17},"end":{"line":111,"column":44}},"type":"cond-expr","locations":[{"start":{"line":111,"column":29},"end":{"line":111,"column":35}},{"start":{"line":111,"column":38},"end":{"line":111,"column":44}}],"line":111},"17":{"loc":{"start":{"line":115,"column":16},"end":{"line":115,"column":35}},"type":"binary-expr","locations":[{"start":{"line":115,"column":16},"end":{"line":115,"column":24}},{"start":{"line":115,"column":28},"end":{"line":115,"column":35}}],"line":115},"18":{"loc":{"start":{"line":118,"column":7},"end":{"line":145,"column":7}},"type":"cond-expr","locations":[{"start":{"line":119,"column":8},"end":{"line":122,"column":10}},{"start":{"line":124,"column":8},"end":{"line":144,"column":15}}],"line":118},"19":{"loc":{"start":{"line":121,"column":17},"end":{"line":121,"column":51}},"type":"cond-expr","locations":[{"start":{"line":121,"column":27},"end":{"line":121,"column":41}},{"start":{"line":121,"column":44},"end":{"line":121,"column":51}}],"line":121},"20":{"loc":{"start":{"line":125,"column":11},"end":{"line":132,"column":11}},"type":"binary-expr","locations":[{"start":{"line":125,"column":11},"end":{"line":125,"column":19}},{"start":{"line":126,"column":12},"end":{"line":131,"column":14}}],"line":125}},"s":{"0":0,"1":0,"2":0,"3":0,"4":0,"5":0,"6":0,"7":0,"8":0,"9":0,"10":0,"11":0,"12":0,"13":0,"14":0,"15":0,"16":0,"17":0,"18":0,"19":0,"20":0,"21":0,"22":0,"23":0,"24":0,"25":0,"26":0,"27":0,"28":0,"29":0,"30":0,"31":0,"32":0,"33":0,"34":0,"35":0,"36":0,"37":0,"38":0,"39":0,"40":0,"41":0,"42":0,"43":0,"44":0,"45":0,"46":0,"47":0,"48":0,"49":0},"f":{"0":0,"1":0,"2":0,"3":0,"4":0,"5":0,"6":0},"b":{"0":[0],"1":[0],"2":[0],"3":[0],"4":[0],"5":[0,0],"6":[0,0,0,0,0,0],"7":[0,0],"8":[0,0,0,0,0,0],"9":[0,0],"10":[0,0,0,0,0,0],"11":[0,0,0,0],"12":[0,0,0,0],"13":[0,0,0,0],"14":[0,0],"15":[0,0],"16":[0,0],"17":[0,0],"18":[0,0],"19":[0,0],"20":[0,0]}}
,"E:\\code\\xfinity-route-app-1\\xfinity-route-app\\components\\ConfirmModal.tsx": {"path":"E:\\code\\xfinity-route-app-1\\xfinity-route-app\\components\\ConfirmModal.tsx","statementMap":{"0":{"start":{"line":32,"column":2},"end":{"line":77,"column":4}},"1":{"start":{"line":40,"column":75},"end":{"line":40,"column":79}},"2":{"start":{"line":80,"column":15},"end":{"line":150,"column":2}}},"fnMap":{"0":{"name":"ConfirmModal","decl":{"start":{"line":19,"column":24},"end":{"line":19,"column":36}},"loc":{"start":{"line":31,"column":22},"end":{"line":78,"column":1}},"line":31},"1":{"name":"(anonymous_1)","decl":{"start":{"line":40,"column":69},"end":{"line":40,"column":70}},"loc":{"start":{"line":40,"column":75},"end":{"line":40,"column":79}},"line":40}},"branchMap":{"0":{"loc":{"start":{"line":23,"column":2},"end":{"line":23,"column":25}},"type":"default-arg","locations":[{"start":{"line":23,"column":16},"end":{"line":23,"column":25}}],"line":23},"1":{"loc":{"start":{"line":24,"column":2},"end":{"line":24,"column":23}},"type":"default-arg","locations":[{"start":{"line":24,"column":15},"end":{"line":24,"column":23}}],"line":24},"2":{"loc":{"start":{"line":30,"column":2},"end":{"line":30,"column":19}},"type":"default-arg","locations":[{"start":{"line":30,"column":14},"end":{"line":30,"column":19}}],"line":30},"3":{"loc":{"start":{"line":41,"column":11},"end":{"line":49,"column":11}},"type":"binary-expr","locations":[{"start":{"line":41,"column":11},"end":{"line":41,"column":15}},{"start":{"line":42,"column":12},"end":{"line":48,"column":19}}],"line":41},"4":{"loc":{"start":{"line":42,"column":48},"end":{"line":42,"column":81}},"type":"binary-expr","locations":[{"start":{"line":42,"column":48},"end":{"line":42,"column":57}},{"start":{"line":42,"column":61},"end":{"line":42,"column":81}}],"line":42},"5":{"loc":{"start":{"line":46,"column":23},"end":{"line":46,"column":71}},"type":"binary-expr","locations":[{"start":{"line":46,"column":23},"end":{"line":46,"column":32}},{"start":{"line":46,"column":37},"end":{"line":46,"column":70}}],"line":46},"6":{"loc":{"start":{"line":46,"column":37},"end":{"line":46,"column":70}},"type":"cond-expr","locations":[{"start":{"line":46,"column":49},"end":{"line":46,"column":58}},{"start":{"line":46,"column":61},"end":{"line":46,"column":70}}],"line":46},"7":{"loc":{"start":{"line":66,"column":16},"end":{"line":66,"column":48}},"type":"binary-expr","locations":[{"start":{"line":66,"column":16},"end":{"line":66,"column":25}},{"start":{"line":66,"column":29},"end":{"line":66,"column":48}}],"line":66},"8":{"loc":{"start":{"line":67,"column":16},"end":{"line":67,"column":65}},"type":"binary-expr","locations":[{"start":{"line":67,"column":16},"end":{"line":67,"column":28}},{"start":{"line":67,"column":32},"end":{"line":67,"column":65}}],"line":67}},"s":{"0":0,"1":0,"2":0},"f":{"0":0,"1":0},"b":{"0":[0],"1":[0],"2":[0],"3":[0,0],"4":[0,0],"5":[0,0],"6":[0,0],"7":[0,0],"8":[0,0]}}
,"E:\\code\\xfinity-route-app-1\\xfinity-route-app\\components\\CustomToggle.tsx": {"path":"E:\\code\\xfinity-route-app-1\\xfinity-route-app\\components\\CustomToggle.tsx","statementMap":{"0":{"start":{"line":14,"column":57},"end":{"line":62,"column":1}},"1":{"start":{"line":22,"column":2},"end":{"line":38,"column":3}},"2":{"start":{"line":23,"column":4},"end":{"line":37,"column":6}},"3":{"start":{"line":26,"column":23},"end":{"line":26,"column":57}},"4":{"start":{"line":40,"column":2},"end":{"line":61,"column":4}},"5":{"start":{"line":43,"column":21},"end":{"line":43,"column":55}},"6":{"start":{"line":64,"column":15},"end":{"line":132,"column":2}}},"fnMap":{"0":{"name":"(anonymous_0)","decl":{"start":{"line":14,"column":57},"end":{"line":14,"column":58}},"loc":{"start":{"line":21,"column":6},"end":{"line":62,"column":1}},"line":21},"1":{"name":"(anonymous_1)","decl":{"start":{"line":26,"column":17},"end":{"line":26,"column":18}},"loc":{"start":{"line":26,"column":23},"end":{"line":26,"column":57}},"line":26},"2":{"name":"(anonymous_2)","decl":{"start":{"line":43,"column":15},"end":{"line":43,"column":16}},"loc":{"start":{"line":43,"column":21},"end":{"line":43,"column":55}},"line":43}},"branchMap":{"0":{"loc":{"start":{"line":17,"column":2},"end":{"line":17,"column":18}},"type":"default-arg","locations":[{"start":{"line":17,"column":13},"end":{"line":17,"column":18}}],"line":17},"1":{"loc":{"start":{"line":20,"column":2},"end":{"line":20,"column":15}},"type":"default-arg","locations":[{"start":{"line":20,"column":10},"end":{"line":20,"column":15}}],"line":20},"2":{"loc":{"start":{"line":22,"column":2},"end":{"line":38,"column":3}},"type":"if","locations":[{"start":{"line":22,"column":2},"end":{"line":38,"column":3}},{"start":{},"end":{}}],"line":22},"3":{"loc":{"start":{"line":25,"column":36},"end":{"line":25,"column":78}},"type":"cond-expr","locations":[{"start":{"line":25,"column":44},"end":{"line":25,"column":59}},{"start":{"line":25,"column":62},"end":{"line":25,"column":78}}],"line":25},"4":{"loc":{"start":{"line":26,"column":23},"end":{"line":26,"column":57}},"type":"binary-expr","locations":[{"start":{"line":26,"column":23},"end":{"line":26,"column":32}},{"start":{"line":26,"column":36},"end":{"line":26,"column":57}}],"line":26},"5":{"loc":{"start":{"line":29,"column":41},"end":{"line":29,"column":81}},"type":"cond-expr","locations":[{"start":{"line":29,"column":49},"end":{"line":29,"column":63}},{"start":{"line":29,"column":66},"end":{"line":29,"column":81}}],"line":29},"6":{"loc":{"start":{"line":31,"column":18},"end":{"line":31,"column":43}},"type":"cond-expr","locations":[{"start":{"line":31,"column":26},"end":{"line":31,"column":33}},{"start":{"line":31,"column":36},"end":{"line":31,"column":43}}],"line":31},"7":{"loc":{"start":{"line":42,"column":38},"end":{"line":42,"column":65}},"type":"binary-expr","locations":[{"start":{"line":42,"column":38},"end":{"line":42,"column":46}},{"start":{"line":42,"column":50},"end":{"line":42,"column":65}}],"line":42},"8":{"loc":{"start":{"line":43,"column":21},"end":{"line":43,"column":55}},"type":"binary-expr","locations":[{"start":{"line":43,"column":21},"end":{"line":43,"column":30}},{"start":{"line":43,"column":34},"end":{"line":43,"column":55}}],"line":43},"9":{"loc":{"start":{"line":47,"column":9},"end":{"line":47,"column":59}},"type":"binary-expr","locations":[{"start":{"line":47,"column":9},"end":{"line":47,"column":14}},{"start":{"line":47,"column":18},"end":{"line":47,"column":59}}],"line":47},"10":{"loc":{"start":{"line":48,"column":9},"end":{"line":48,"column":77}},"type":"binary-expr","locations":[{"start":{"line":48,"column":9},"end":{"line":48,"column":20}},{"start":{"line":48,"column":24},"end":{"line":48,"column":77}}],"line":48},"11":{"loc":{"start":{"line":51,"column":35},"end":{"line":51,"column":77}},"type":"cond-expr","locations":[{"start":{"line":51,"column":43},"end":{"line":51,"column":58}},{"start":{"line":51,"column":61},"end":{"line":51,"column":77}}],"line":51},"12":{"loc":{"start":{"line":52,"column":36},"end":{"line":52,"column":76}},"type":"cond-expr","locations":[{"start":{"line":52,"column":44},"end":{"line":52,"column":58}},{"start":{"line":52,"column":61},"end":{"line":52,"column":76}}],"line":52},"13":{"loc":{"start":{"line":54,"column":18},"end":{"line":54,"column":43}},"type":"cond-expr","locations":[{"start":{"line":54,"column":26},"end":{"line":54,"column":33}},{"start":{"line":54,"column":36},"end":{"line":54,"column":43}}],"line":54}},"s":{"0":0,"1":0,"2":0,"3":0,"4":0,"5":0,"6":0},"f":{"0":0,"1":0,"2":0},"b":{"0":[0],"1":[0],"2":[0,0],"3":[0,0],"4":[0,0],"5":[0,0],"6":[0,0],"7":[0,0],"8":[0,0],"9":[0,0],"10":[0,0],"11":[0,0],"12":[0,0],"13":[0,0]}}
,"E:\\code\\xfinity-route-app-1\\xfinity-route-app\\components\\DebugPanel.tsx": {"path":"E:\\code\\xfinity-route-app-1\\xfinity-route-app\\components\\DebugPanel.tsx","statementMap":{},"fnMap":{},"branchMap":{},"s":{},"f":{},"b":{}}
,"E:\\code\\xfinity-route-app-1\\xfinity-route-app\\components\\DeviceList.tsx": {"path":"E:\\code\\xfinity-route-app-1\\xfinity-route-app\\components\\DeviceList.tsx","statementMap":{"0":{"start":{"line":13,"column":43},"end":{"line":142,"column":1}},"1":{"start":{"line":14,"column":32},"end":{"line":14,"column":54}},"2":{"start":{"line":15,"column":32},"end":{"line":15,"column":46}},"3":{"start":{"line":16,"column":38},"end":{"line":16,"column":53}},"4":{"start":{"line":17,"column":21},"end":{"line":17,"column":36}},"5":{"start":{"line":19,"column":2},"end":{"line":21,"column":22}},"6":{"start":{"line":20,"column":4},"end":{"line":20,"column":18}},"7":{"start":{"line":23,"column":22},"end":{"line":34,"column":3}},"8":{"start":{"line":24,"column":4},"end":{"line":33,"column":5}},"9":{"start":{"line":25,"column":6},"end":{"line":25,"column":52}},"10":{"start":{"line":26,"column":25},"end":{"line":26,"column":57}},"11":{"start":{"line":27,"column":6},"end":{"line":27,"column":83}},"12":{"start":{"line":28,"column":6},"end":{"line":28,"column":29}},"13":{"start":{"line":30,"column":6},"end":{"line":30,"column":54}},"14":{"start":{"line":32,"column":6},"end":{"line":32,"column":24}},"15":{"start":{"line":36,"column":20},"end":{"line":40,"column":3}},"16":{"start":{"line":37,"column":4},"end":{"line":37,"column":24}},"17":{"start":{"line":38,"column":4},"end":{"line":38,"column":24}},"18":{"start":{"line":39,"column":4},"end":{"line":39,"column":25}},"19":{"start":{"line":42,"column":27},"end":{"line":44,"column":3}},"20":{"start":{"line":43,"column":4},"end":{"line":43,"column":62}},"21":{"start":{"line":46,"column":24},"end":{"line":50,"column":3}},"22":{"start":{"line":47,"column":4},"end":{"line":47,"column":41}},"23":{"start":{"line":47,"column":26},"end":{"line":47,"column":41}},"24":{"start":{"line":48,"column":4},"end":{"line":48,"column":39}},"25":{"start":{"line":48,"column":25},"end":{"line":48,"column":39}},"26":{"start":{"line":49,"column":4},"end":{"line":49,"column":22}},"27":{"start":{"line":52,"column":25},"end":{"line":56,"column":3}},"28":{"start":{"line":53,"column":4},"end":{"line":53,"column":43}},"29":{"start":{"line":53,"column":26},"end":{"line":53,"column":43}},"30":{"start":{"line":54,"column":4},"end":{"line":54,"column":42}},"31":{"start":{"line":54,"column":25},"end":{"line":54,"column":42}},"32":{"start":{"line":55,"column":4},"end":{"line":55,"column":21}},"33":{"start":{"line":58,"column":32},"end":{"line":67,"column":3}},"34":{"start":{"line":59,"column":4},"end":{"line":66,"column":5}},"35":{"start":{"line":61,"column":8},"end":{"line":61,"column":22}},"36":{"start":{"line":63,"column":8},"end":{"line":63,"column":23}},"37":{"start":{"line":65,"column":8},"end":{"line":65,"column":25}},"38":{"start":{"line":69,"column":23},"end":{"line":113,"column":3}},"39":{"start":{"line":70,"column":4},"end":{"line":112,"column":23}},"40":{"start":{"line":72,"column":21},"end":{"line":72,"column":43}},"41":{"start":{"line":115,"column":2},"end":{"line":122,"column":3}},"42":{"start":{"line":116,"column":4},"end":{"line":121,"column":6}},"43":{"start":{"line":124,"column":2},"end":{"line":141,"column":4}},"44":{"start":{"line":133,"column":32},"end":{"line":133,"column":40}},"45":{"start":{"line":144,"column":15},"end":{"line":227,"column":2}}},"fnMap":{"0":{"name":"(anonymous_0)","decl":{"start":{"line":13,"column":43},"end":{"line":13,"column":44}},"loc":{"start":{"line":13,"column":73},"end":{"line":142,"column":1}},"line":13},"1":{"name":"(anonymous_1)","decl":{"start":{"line":19,"column":12},"end":{"line":19,"column":13}},"loc":{"start":{"line":19,"column":18},"end":{"line":21,"column":3}},"line":19},"2":{"name":"(anonymous_2)","decl":{"start":{"line":23,"column":22},"end":{"line":23,"column":23}},"loc":{"start":{"line":23,"column":34},"end":{"line":34,"column":3}},"line":23},"3":{"name":"(anonymous_3)","decl":{"start":{"line":36,"column":20},"end":{"line":36,"column":21}},"loc":{"start":{"line":36,"column":32},"end":{"line":40,"column":3}},"line":36},"4":{"name":"(anonymous_4)","decl":{"start":{"line":42,"column":27},"end":{"line":42,"column":28}},"loc":{"start":{"line":42,"column":47},"end":{"line":44,"column":3}},"line":42},"5":{"name":"(anonymous_5)","decl":{"start":{"line":46,"column":24},"end":{"line":46,"column":25}},"loc":{"start":{"line":46,"column":44},"end":{"line":50,"column":3}},"line":46},"6":{"name":"(anonymous_6)","decl":{"start":{"line":52,"column":25},"end":{"line":52,"column":26}},"loc":{"start":{"line":52,"column":45},"end":{"line":56,"column":3}},"line":52},"7":{"name":"(anonymous_7)","decl":{"start":{"line":58,"column":32},"end":{"line":58,"column":33}},"loc":{"start":{"line":58,"column":50},"end":{"line":67,"column":3}},"line":58},"8":{"name":"(anonymous_8)","decl":{"start":{"line":69,"column":23},"end":{"line":69,"column":24}},"loc":{"start":{"line":70,"column":4},"end":{"line":112,"column":23}},"line":70},"9":{"name":"(anonymous_9)","decl":{"start":{"line":72,"column":15},"end":{"line":72,"column":16}},"loc":{"start":{"line":72,"column":21},"end":{"line":72,"column":43}},"line":72},"10":{"name":"(anonymous_10)","decl":{"start":{"line":133,"column":22},"end":{"line":133,"column":23}},"loc":{"start":{"line":133,"column":32},"end":{"line":133,"column":40}},"line":133}},"branchMap":{"0":{"loc":{"start":{"line":47,"column":4},"end":{"line":47,"column":41}},"type":"if","locations":[{"start":{"line":47,"column":4},"end":{"line":47,"column":41}},{"start":{},"end":{}}],"line":47},"1":{"loc":{"start":{"line":48,"column":4},"end":{"line":48,"column":39}},"type":"if","locations":[{"start":{"line":48,"column":4},"end":{"line":48,"column":39}},{"start":{},"end":{}}],"line":48},"2":{"loc":{"start":{"line":53,"column":4},"end":{"line":53,"column":43}},"type":"if","locations":[{"start":{"line":53,"column":4},"end":{"line":53,"column":43}},{"start":{},"end":{}}],"line":53},"3":{"loc":{"start":{"line":54,"column":4},"end":{"line":54,"column":42}},"type":"if","locations":[{"start":{"line":54,"column":4},"end":{"line":54,"column":42}},{"start":{},"end":{}}],"line":54},"4":{"loc":{"start":{"line":59,"column":4},"end":{"line":66,"column":5}},"type":"switch","locations":[{"start":{"line":60,"column":6},"end":{"line":61,"column":22}},{"start":{"line":62,"column":6},"end":{"line":63,"column":23}},{"start":{"line":64,"column":6},"end":{"line":65,"column":25}}],"line":59},"5":{"loc":{"start":{"line":84,"column":11},"end":{"line":84,"column":43}},"type":"binary-expr","locations":[{"start":{"line":84,"column":11},"end":{"line":84,"column":26}},{"start":{"line":84,"column":30},"end":{"line":84,"column":43}}],"line":84},"6":{"loc":{"start":{"line":89,"column":11},"end":{"line":91,"column":11}},"type":"binary-expr","locations":[{"start":{"line":89,"column":11},"end":{"line":89,"column":49}},{"start":{"line":90,"column":12},"end":{"line":90,"column":71}}],"line":89},"7":{"loc":{"start":{"line":102,"column":11},"end":{"line":102,"column":76}},"type":"cond-expr","locations":[{"start":{"line":102,"column":28},"end":{"line":102,"column":37}},{"start":{"line":102,"column":40},"end":{"line":102,"column":76}}],"line":102},"8":{"loc":{"start":{"line":102,"column":40},"end":{"line":102,"column":76}},"type":"cond-expr","locations":[{"start":{"line":102,"column":56},"end":{"line":102,"column":64}},{"start":{"line":102,"column":67},"end":{"line":102,"column":76}}],"line":102},"9":{"loc":{"start":{"line":104,"column":9},"end":{"line":108,"column":9}},"type":"binary-expr","locations":[{"start":{"line":104,"column":9},"end":{"line":104,"column":43}},{"start":{"line":105,"column":10},"end":{"line":107,"column":17}}],"line":104},"10":{"loc":{"start":{"line":115,"column":2},"end":{"line":122,"column":3}},"type":"if","locations":[{"start":{"line":115,"column":2},"end":{"line":122,"column":3}},{"start":{},"end":{}}],"line":115}},"s":{"0":0,"1":0,"2":0,"3":0,"4":0,"5":0,"6":0,"7":0,"8":0,"9":0,"10":0,"11":0,"12":0,"13":0,"14":0,"15":0,"16":0,"17":0,"18":0,"19":0,"20":0,"21":0,"22":0,"23":0,"24":0,"25":0,"26":0,"27":0,"28":0,"29":0,"30":0,"31":0,"32":0,"33":0,"34":0,"35":0,"36":0,"37":0,"38":0,"39":0,"40":0,"41":0,"42":0,"43":0,"44":0,"45":0},"f":{"0":0,"1":0,"2":0,"3":0,"4":0,"5":0,"6":0,"7":0,"8":0,"9":0,"10":0},"b":{"0":[0,0],"1":[0,0],"2":[0,0],"3":[0,0],"4":[0,0,0],"5":[0,0],"6":[0,0],"7":[0,0],"8":[0,0],"9":[0,0],"10":[0,0]}}
,"E:\\code\\xfinity-route-app-1\\xfinity-route-app\\components\\EnvironmentAlert.tsx": {"path":"E:\\code\\xfinity-route-app-1\\xfinity-route-app\\components\\EnvironmentAlert.tsx","statementMap":{"0":{"start":{"line":7,"column":17},"end":{"line":7,"column":62}},"1":{"start":{"line":9,"column":2},"end":{"line":11,"column":3}},"2":{"start":{"line":10,"column":4},"end":{"line":10,"column":16}},"3":{"start":{"line":13,"column":2},"end":{"line":27,"column":4}},"4":{"start":{"line":21,"column":10},"end":{"line":23,"column":17}},"5":{"start":{"line":30,"column":15},"end":{"line":68,"column":2}}},"fnMap":{"0":{"name":"EnvironmentAlert","decl":{"start":{"line":6,"column":16},"end":{"line":6,"column":32}},"loc":{"start":{"line":6,"column":35},"end":{"line":28,"column":1}},"line":6},"1":{"name":"(anonymous_1)","decl":{"start":{"line":20,"column":30},"end":{"line":20,"column":31}},"loc":{"start":{"line":21,"column":10},"end":{"line":23,"column":17}},"line":21}},"branchMap":{"0":{"loc":{"start":{"line":9,"column":2},"end":{"line":11,"column":3}},"type":"if","locations":[{"start":{"line":9,"column":2},"end":{"line":11,"column":3}},{"start":{},"end":{}}],"line":9}},"s":{"0":0,"1":0,"2":0,"3":0,"4":0,"5":0},"f":{"0":0,"1":0},"b":{"0":[0,0]}}
,"E:\\code\\xfinity-route-app-1\\xfinity-route-app\\components\\LoggerManager.tsx": {"path":"E:\\code\\xfinity-route-app-1\\xfinity-route-app\\components\\LoggerManager.tsx","statementMap":{"0":{"start":{"line":27,"column":59},"end":{"line":342,"column":1}},"1":{"start":{"line":28,"column":28},"end":{"line":28,"column":47}},"2":{"start":{"line":29,"column":56},"end":{"line":29,"column":75}},"3":{"start":{"line":30,"column":32},"end":{"line":30,"column":47}},"4":{"start":{"line":31,"column":54},"end":{"line":31,"column":69}},"5":{"start":{"line":32,"column":54},"end":{"line":32,"column":69}},"6":{"start":{"line":33,"column":50},"end":{"line":33,"column":83}},"7":{"start":{"line":35,"column":2},"end":{"line":39,"column":16}},"8":{"start":{"line":36,"column":4},"end":{"line":38,"column":5}},"9":{"start":{"line":37,"column":6},"end":{"line":37,"column":24}},"10":{"start":{"line":41,"column":26},"end":{"line":52,"column":3}},"11":{"start":{"line":42,"column":4},"end":{"line":51,"column":5}},"12":{"start":{"line":43,"column":21},"end":{"line":43,"column":41}},"13":{"start":{"line":44,"column":27},"end":{"line":44,"column":44}},"14":{"start":{"line":45,"column":23},"end":{"line":45,"column":54}},"15":{"start":{"line":47,"column":6},"end":{"line":47,"column":29}},"16":{"start":{"line":48,"column":6},"end":{"line":48,"column":39}},"17":{"start":{"line":50,"column":6},"end":{"line":50,"column":59}},"18":{"start":{"line":54,"column":27},"end":{"line":81,"column":3}},"19":{"start":{"line":55,"column":4},"end":{"line":55,"column":21}},"20":{"start":{"line":56,"column":4},"end":{"line":80,"column":5}},"21":{"start":{"line":57,"column":21},"end":{"line":57,"column":41}},"22":{"start":{"line":58,"column":25},"end":{"line":62,"column":8}},"23":{"start":{"line":64,"column":6},"end":{"line":74,"column":8}},"24":{"start":{"line":71,"column":27},"end":{"line":71,"column":76}},"25":{"start":{"line":76,"column":6},"end":{"line":76,"column":70}},"26":{"start":{"line":78,"column":6},"end":{"line":78,"column":24}},"27":{"start":{"line":79,"column":6},"end":{"line":79,"column":35}},"28":{"start":{"line":83,"column":26},"end":{"line":105,"column":3}},"29":{"start":{"line":84,"column":4},"end":{"line":104,"column":6}},"30":{"start":{"line":93,"column":12},"end":{"line":100,"column":13}},"31":{"start":{"line":94,"column":29},"end":{"line":94,"column":49}},"32":{"start":{"line":95,"column":14},"end":{"line":95,"column":42}},"33":{"start":{"line":96,"column":14},"end":{"line":96,"column":38}},"34":{"start":{"line":97,"column":14},"end":{"line":97,"column":67}},"35":{"start":{"line":99,"column":14},"end":{"line":99,"column":69}},"36":{"start":{"line":107,"column":31},"end":{"line":117,"column":3}},"37":{"start":{"line":108,"column":4},"end":{"line":116,"column":5}},"38":{"start":{"line":109,"column":21},"end":{"line":109,"column":41}},"39":{"start":{"line":110,"column":6},"end":{"line":110,"column":38}},"40":{"start":{"line":111,"column":6},"end":{"line":111,"column":33}},"41":{"start":{"line":112,"column":6},"end":{"line":112,"column":30}},"42":{"start":{"line":113,"column":6},"end":{"line":113,"column":72}},"43":{"start":{"line":115,"column":6},"end":{"line":115,"column":67}},"44":{"start":{"line":119,"column":33},"end":{"line":137,"column":3}},"45":{"start":{"line":120,"column":4},"end":{"line":120,"column":42}},"46":{"start":{"line":120,"column":30},"end":{"line":120,"column":42}},"47":{"start":{"line":122,"column":22},"end":{"line":122,"column":41}},"48":{"start":{"line":123,"column":26},"end":{"line":127,"column":5}},"49":{"start":{"line":124,"column":6},"end":{"line":124,"column":40}},"50":{"start":{"line":124,"column":23},"end":{"line":124,"column":40}},"51":{"start":{"line":125,"column":6},"end":{"line":125,"column":40}},"52":{"start":{"line":125,"column":23},"end":{"line":125,"column":40}},"53":{"start":{"line":126,"column":6},"end":{"line":126,"column":23}},"54":{"start":{"line":129,"column":4},"end":{"line":136,"column":6}},"55":{"start":{"line":139,"column":22},"end":{"line":188,"column":3}},"56":{"start":{"line":140,"column":4},"end":{"line":140,"column":28}},"57":{"start":{"line":140,"column":16},"end":{"line":140,"column":28}},"58":{"start":{"line":142,"column":4},"end":{"line":187,"column":6}},"59":{"start":{"line":190,"column":34},"end":{"line":201,"column":3}},"60":{"start":{"line":191,"column":4},"end":{"line":191,"column":58}},"61":{"start":{"line":191,"column":46},"end":{"line":191,"column":58}},"62":{"start":{"line":193,"column":4},"end":{"line":200,"column":6}},"63":{"start":{"line":197,"column":10},"end":{"line":197,"column":69}},"64":{"start":{"line":203,"column":32},"end":{"line":214,"column":3}},"65":{"start":{"line":204,"column":4},"end":{"line":204,"column":67}},"66":{"start":{"line":204,"column":55},"end":{"line":204,"column":67}},"67":{"start":{"line":206,"column":4},"end":{"line":213,"column":6}},"68":{"start":{"line":210,"column":10},"end":{"line":210,"column":76}},"69":{"start":{"line":216,"column":33},"end":{"line":247,"column":3}},"70":{"start":{"line":217,"column":19},"end":{"line":223,"column":5}},"71":{"start":{"line":225,"column":4},"end":{"line":246,"column":6}},"72":{"start":{"line":229,"column":10},"end":{"line":243,"column":29}},"73":{"start":{"line":235,"column":27},"end":{"line":235,"column":60}},"74":{"start":{"line":249,"column":2},"end":{"line":341,"column":4}},"75":{"start":{"line":269,"column":29},"end":{"line":269,"column":56}},"76":{"start":{"line":277,"column":16},"end":{"line":282,"column":17}},"77":{"start":{"line":278,"column":33},"end":{"line":278,"column":53}},"78":{"start":{"line":279,"column":18},"end":{"line":279,"column":53}},"79":{"start":{"line":281,"column":18},"end":{"line":281,"column":80}},"80":{"start":{"line":323,"column":35},"end":{"line":323,"column":63}},"81":{"start":{"line":344,"column":15},"end":{"line":563,"column":2}}},"fnMap":{"0":{"name":"(anonymous_0)","decl":{"start":{"line":27,"column":59},"end":{"line":27,"column":60}},"loc":{"start":{"line":27,"column":85},"end":{"line":342,"column":1}},"line":27},"1":{"name":"(anonymous_1)","decl":{"start":{"line":35,"column":12},"end":{"line":35,"column":13}},"loc":{"start":{"line":35,"column":18},"end":{"line":39,"column":3}},"line":35},"2":{"name":"(anonymous_2)","decl":{"start":{"line":41,"column":26},"end":{"line":41,"column":27}},"loc":{"start":{"line":41,"column":38},"end":{"line":52,"column":3}},"line":41},"3":{"name":"(anonymous_3)","decl":{"start":{"line":54,"column":27},"end":{"line":54,"column":28}},"loc":{"start":{"line":54,"column":39},"end":{"line":81,"column":3}},"line":54},"4":{"name":"(anonymous_4)","decl":{"start":{"line":71,"column":21},"end":{"line":71,"column":22}},"loc":{"start":{"line":71,"column":27},"end":{"line":71,"column":76}},"line":71},"5":{"name":"(anonymous_5)","decl":{"start":{"line":83,"column":26},"end":{"line":83,"column":27}},"loc":{"start":{"line":83,"column":32},"end":{"line":105,"column":3}},"line":83},"6":{"name":"(anonymous_6)","decl":{"start":{"line":92,"column":19},"end":{"line":92,"column":20}},"loc":{"start":{"line":92,"column":31},"end":{"line":101,"column":11}},"line":92},"7":{"name":"(anonymous_7)","decl":{"start":{"line":107,"column":31},"end":{"line":107,"column":32}},"loc":{"start":{"line":107,"column":58},"end":{"line":117,"column":3}},"line":107},"8":{"name":"(anonymous_8)","decl":{"start":{"line":119,"column":33},"end":{"line":119,"column":34}},"loc":{"start":{"line":119,"column":39},"end":{"line":137,"column":3}},"line":119},"9":{"name":"(anonymous_9)","decl":{"start":{"line":123,"column":26},"end":{"line":123,"column":27}},"loc":{"start":{"line":123,"column":45},"end":{"line":127,"column":5}},"line":123},"10":{"name":"(anonymous_10)","decl":{"start":{"line":139,"column":22},"end":{"line":139,"column":23}},"loc":{"start":{"line":139,"column":28},"end":{"line":188,"column":3}},"line":139},"11":{"name":"(anonymous_11)","decl":{"start":{"line":190,"column":34},"end":{"line":190,"column":35}},"loc":{"start":{"line":190,"column":40},"end":{"line":201,"column":3}},"line":190},"12":{"name":"(anonymous_12)","decl":{"start":{"line":196,"column":40},"end":{"line":196,"column":41}},"loc":{"start":{"line":197,"column":10},"end":{"line":197,"column":69}},"line":197},"13":{"name":"(anonymous_13)","decl":{"start":{"line":203,"column":32},"end":{"line":203,"column":33}},"loc":{"start":{"line":203,"column":38},"end":{"line":214,"column":3}},"line":203},"14":{"name":"(anonymous_14)","decl":{"start":{"line":209,"column":49},"end":{"line":209,"column":50}},"loc":{"start":{"line":210,"column":10},"end":{"line":210,"column":76}},"line":210},"15":{"name":"(anonymous_15)","decl":{"start":{"line":216,"column":33},"end":{"line":216,"column":34}},"loc":{"start":{"line":216,"column":39},"end":{"line":247,"column":3}},"line":216},"16":{"name":"(anonymous_16)","decl":{"start":{"line":228,"column":20},"end":{"line":228,"column":21}},"loc":{"start":{"line":229,"column":10},"end":{"line":243,"column":29}},"line":229},"17":{"name":"(anonymous_17)","decl":{"start":{"line":235,"column":21},"end":{"line":235,"column":22}},"loc":{"start":{"line":235,"column":27},"end":{"line":235,"column":60}},"line":235},"18":{"name":"(anonymous_18)","decl":{"start":{"line":269,"column":23},"end":{"line":269,"column":24}},"loc":{"start":{"line":269,"column":29},"end":{"line":269,"column":56}},"line":269},"19":{"name":"(anonymous_19)","decl":{"start":{"line":276,"column":23},"end":{"line":276,"column":24}},"loc":{"start":{"line":276,"column":35},"end":{"line":283,"column":15}},"line":276},"20":{"name":"(anonymous_20)","decl":{"start":{"line":323,"column":29},"end":{"line":323,"column":30}},"loc":{"start":{"line":323,"column":35},"end":{"line":323,"column":63}},"line":323}},"branchMap":{"0":{"loc":{"start":{"line":36,"column":4},"end":{"line":38,"column":5}},"type":"if","locations":[{"start":{"line":36,"column":4},"end":{"line":38,"column":5}},{"start":{},"end":{}}],"line":36},"1":{"loc":{"start":{"line":120,"column":4},"end":{"line":120,"column":42}},"type":"if","locations":[{"start":{"line":120,"column":4},"end":{"line":120,"column":42}},{"start":{},"end":{}}],"line":120},"2":{"loc":{"start":{"line":124,"column":6},"end":{"line":124,"column":40}},"type":"if","locations":[{"start":{"line":124,"column":6},"end":{"line":124,"column":40}},{"start":{},"end":{}}],"line":124},"3":{"loc":{"start":{"line":125,"column":6},"end":{"line":125,"column":40}},"type":"if","locations":[{"start":{"line":125,"column":6},"end":{"line":125,"column":40}},{"start":{},"end":{}}],"line":125},"4":{"loc":{"start":{"line":140,"column":4},"end":{"line":140,"column":28}},"type":"if","locations":[{"start":{"line":140,"column":4},"end":{"line":140,"column":28}},{"start":{},"end":{}}],"line":140},"5":{"loc":{"start":{"line":154,"column":13},"end":{"line":154,"column":70}},"type":"binary-expr","locations":[{"start":{"line":154,"column":13},"end":{"line":154,"column":65}},{"start":{"line":154,"column":69},"end":{"line":154,"column":70}}],"line":154},"6":{"loc":{"start":{"line":161,"column":13},"end":{"line":161,"column":49}},"type":"binary-expr","locations":[{"start":{"line":161,"column":13},"end":{"line":161,"column":44}},{"start":{"line":161,"column":48},"end":{"line":161,"column":49}}],"line":161},"7":{"loc":{"start":{"line":168,"column":13},"end":{"line":168,"column":49}},"type":"binary-expr","locations":[{"start":{"line":168,"column":13},"end":{"line":168,"column":44}},{"start":{"line":168,"column":48},"end":{"line":168,"column":49}}],"line":168},"8":{"loc":{"start":{"line":174,"column":42},"end":{"line":174,"column":63}},"type":"binary-expr","locations":[{"start":{"line":174,"column":42},"end":{"line":174,"column":58}},{"start":{"line":174,"column":62},"end":{"line":174,"column":63}}],"line":174},"9":{"loc":{"start":{"line":181,"column":21},"end":{"line":181,"column":81}},"type":"cond-expr","locations":[{"start":{"line":181,"column":60},"end":{"line":181,"column":69}},{"start":{"line":181,"column":72},"end":{"line":181,"column":81}}],"line":181},"10":{"loc":{"start":{"line":183,"column":13},"end":{"line":183,"column":72}},"type":"cond-expr","locations":[{"start":{"line":183,"column":52},"end":{"line":183,"column":61}},{"start":{"line":183,"column":64},"end":{"line":183,"column":72}}],"line":183},"11":{"loc":{"start":{"line":191,"column":4},"end":{"line":191,"column":58}},"type":"if","locations":[{"start":{"line":191,"column":4},"end":{"line":191,"column":58}},{"start":{},"end":{}}],"line":191},"12":{"loc":{"start":{"line":204,"column":4},"end":{"line":204,"column":67}},"type":"if","locations":[{"start":{"line":204,"column":4},"end":{"line":204,"column":67}},{"start":{},"end":{}}],"line":204},"13":{"loc":{"start":{"line":233,"column":14},"end":{"line":233,"column":73}},"type":"binary-expr","locations":[{"start":{"line":233,"column":14},"end":{"line":233,"column":46}},{"start":{"line":233,"column":50},"end":{"line":233,"column":73}}],"line":233},"14":{"loc":{"start":{"line":239,"column":14},"end":{"line":239,"column":77}},"type":"binary-expr","locations":[{"start":{"line":239,"column":14},"end":{"line":239,"column":46}},{"start":{"line":239,"column":50},"end":{"line":239,"column":77}}],"line":239},"15":{"loc":{"start":{"line":317,"column":15},"end":{"line":335,"column":15}},"type":"cond-expr","locations":[{"start":{"line":318,"column":16},"end":{"line":318,"column":66}},{"start":{"line":320,"column":16},"end":{"line":334,"column":23}}],"line":317}},"s":{"0":0,"1":0,"2":0,"3":0,"4":0,"5":0,"6":0,"7":0,"8":0,"9":0,"10":0,"11":0,"12":0,"13":0,"14":0,"15":0,"16":0,"17":0,"18":0,"19":0,"20":0,"21":0,"22":0,"23":0,"24":0,"25":0,"26":0,"27":0,"28":0,"29":0,"30":0,"31":0,"32":0,"33":0,"34":0,"35":0,"36":0,"37":0,"38":0,"39":0,"40":0,"41":0,"42":0,"43":0,"44":0,"45":0,"46":0,"47":0,"48":0,"49":0,"50":0,"51":0,"52":0,"53":0,"54":0,"55":0,"56":0,"57":0,"58":0,"59":0,"60":0,"61":0,"62":0,"63":0,"64":0,"65":0,"66":0,"67":0,"68":0,"69":0,"70":0,"71":0,"72":0,"73":0,"74":0,"75":0,"76":0,"77":0,"78":0,"79":0,"80":0,"81":0},"f":{"0":0,"1":0,"2":0,"3":0,"4":0,"5":0,"6":0,"7":0,"8":0,"9":0,"10":0,"11":0,"12":0,"13":0,"14":0,"15":0,"16":0,"17":0,"18":0,"19":0,"20":0},"b":{"0":[0,0],"1":[0,0],"2":[0,0],"3":[0,0],"4":[0,0],"5":[0,0],"6":[0,0],"7":[0,0],"8":[0,0],"9":[0,0],"10":[0,0],"11":[0,0],"12":[0,0],"13":[0,0],"14":[0,0],"15":[0,0]}}
,"E:\\code\\xfinity-route-app-1\\xfinity-route-app\\components\\MockModeIndicator.tsx": {"path":"E:\\code\\xfinity-route-app-1\\xfinity-route-app\\components\\MockModeIndicator.tsx","statementMap":{"0":{"start":{"line":5,"column":43},"end":{"line":15,"column":1}},"1":{"start":{"line":6,"column":25},"end":{"line":6,"column":38}},"2":{"start":{"line":8,"column":2},"end":{"line":8,"column":31}},"3":{"start":{"line":8,"column":19},"end":{"line":8,"column":31}},"4":{"start":{"line":10,"column":2},"end":{"line":14,"column":4}},"5":{"start":{"line":17,"column":15},"end":{"line":32,"column":2}}},"fnMap":{"0":{"name":"(anonymous_0)","decl":{"start":{"line":5,"column":43},"end":{"line":5,"column":44}},"loc":{"start":{"line":5,"column":49},"end":{"line":15,"column":1}},"line":5}},"branchMap":{"0":{"loc":{"start":{"line":8,"column":2},"end":{"line":8,"column":31}},"type":"if","locations":[{"start":{"line":8,"column":2},"end":{"line":8,"column":31}},{"start":{},"end":{}}],"line":8}},"s":{"0":0,"1":0,"2":0,"3":0,"4":0,"5":0},"f":{"0":0},"b":{"0":[0,0]}}
,"E:\\code\\xfinity-route-app-1\\xfinity-route-app\\components\\RestartRouterButton.tsx": {"path":"E:\\code\\xfinity-route-app-1\\xfinity-route-app\\components\\RestartRouterButton.tsx","statementMap":{"0":{"start":{"line":10,"column":52},"end":{"line":67,"column":1}},"1":{"start":{"line":11,"column":42},"end":{"line":11,"column":57}},"2":{"start":{"line":13,"column":24},"end":{"line":26,"column":3}},"3":{"start":{"line":14,"column":4},"end":{"line":25,"column":6}},"4":{"start":{"line":28,"column":25},"end":{"line":43,"column":3}},"5":{"start":{"line":29,"column":4},"end":{"line":29,"column":26}},"6":{"start":{"line":30,"column":4},"end":{"line":42,"column":5}},"7":{"start":{"line":31,"column":21},"end":{"line":31,"column":56}},"8":{"start":{"line":33,"column":6},"end":{"line":37,"column":8}},"9":{"start":{"line":39,"column":6},"end":{"line":39,"column":73}},"10":{"start":{"line":41,"column":6},"end":{"line":41,"column":29}},"11":{"start":{"line":45,"column":2},"end":{"line":47,"column":3}},"12":{"start":{"line":46,"column":4},"end":{"line":46,"column":16}},"13":{"start":{"line":49,"column":2},"end":{"line":66,"column":4}},"14":{"start":{"line":69,"column":15},"end":{"line":92,"column":2}}},"fnMap":{"0":{"name":"(anonymous_0)","decl":{"start":{"line":10,"column":52},"end":{"line":10,"column":53}},"loc":{"start":{"line":10,"column":82},"end":{"line":67,"column":1}},"line":10},"1":{"name":"(anonymous_1)","decl":{"start":{"line":13,"column":24},"end":{"line":13,"column":25}},"loc":{"start":{"line":13,"column":36},"end":{"line":26,"column":3}},"line":13},"2":{"name":"(anonymous_2)","decl":{"start":{"line":28,"column":25},"end":{"line":28,"column":26}},"loc":{"start":{"line":28,"column":37},"end":{"line":43,"column":3}},"line":28}},"branchMap":{"0":{"loc":{"start":{"line":34,"column":8},"end":{"line":34,"column":44}},"type":"cond-expr","locations":[{"start":{"line":34,"column":25},"end":{"line":34,"column":34}},{"start":{"line":34,"column":37},"end":{"line":34,"column":44}}],"line":34},"1":{"loc":{"start":{"line":35,"column":26},"end":{"line":35,"column":119}},"type":"cond-expr","locations":[{"start":{"line":35,"column":53},"end":{"line":35,"column":114}},{"start":{"line":35,"column":117},"end":{"line":35,"column":119}}],"line":35},"2":{"loc":{"start":{"line":45,"column":2},"end":{"line":47,"column":3}},"type":"if","locations":[{"start":{"line":45,"column":2},"end":{"line":47,"column":3}},{"start":{},"end":{}}],"line":45},"3":{"loc":{"start":{"line":56,"column":9},"end":{"line":63,"column":9}},"type":"cond-expr","locations":[{"start":{"line":57,"column":10},"end":{"line":60,"column":13}},{"start":{"line":62,"column":10},"end":{"line":62,"column":63}}],"line":56}},"s":{"0":0,"1":0,"2":0,"3":0,"4":0,"5":0,"6":0,"7":0,"8":0,"9":0,"10":0,"11":0,"12":0,"13":0,"14":0},"f":{"0":0,"1":0,"2":0},"b":{"0":[0,0],"1":[0,0],"2":[0,0],"3":[0,0]}}
,"E:\\code\\xfinity-route-app-1\\xfinity-route-app\\components\\TextInput.tsx": {"path":"E:\\code\\xfinity-route-app-1\\xfinity-route-app\\components\\TextInput.tsx","statementMap":{"0":{"start":{"line":24,"column":36},"end":{"line":24,"column":51}},"1":{"start":{"line":25,"column":52},"end":{"line":25,"column":67}},"2":{"start":{"line":27,"column":2},"end":{"line":86,"column":4}},"3":{"start":{"line":53,"column":25},"end":{"line":53,"column":43}},"4":{"start":{"line":54,"column":24},"end":{"line":54,"column":43}},"5":{"start":{"line":62,"column":27},"end":{"line":62,"column":67}},"6":{"start":{"line":89,"column":15},"end":{"line":134,"column":2}}},"fnMap":{"0":{"name":"TextInput","decl":{"start":{"line":14,"column":24},"end":{"line":14,"column":33}},"loc":{"start":{"line":23,"column":15},"end":{"line":87,"column":1}},"line":23},"1":{"name":"(anonymous_1)","decl":{"start":{"line":53,"column":19},"end":{"line":53,"column":20}},"loc":{"start":{"line":53,"column":25},"end":{"line":53,"column":43}},"line":53},"2":{"name":"(anonymous_2)","decl":{"start":{"line":54,"column":18},"end":{"line":54,"column":19}},"loc":{"start":{"line":54,"column":24},"end":{"line":54,"column":43}},"line":54},"3":{"name":"(anonymous_3)","decl":{"start":{"line":62,"column":21},"end":{"line":62,"column":22}},"loc":{"start":{"line":62,"column":27},"end":{"line":62,"column":67}},"line":62}},"branchMap":{"0":{"loc":{"start":{"line":29,"column":7},"end":{"line":29,"column":57}},"type":"binary-expr","locations":[{"start":{"line":29,"column":7},"end":{"line":29,"column":12}},{"start":{"line":29,"column":16},"end":{"line":29,"column":57}}],"line":29},"1":{"loc":{"start":{"line":34,"column":10},"end":{"line":34,"column":37}},"type":"binary-expr","locations":[{"start":{"line":34,"column":10},"end":{"line":34,"column":19}},{"start":{"line":34,"column":23},"end":{"line":34,"column":37}}],"line":34},"2":{"loc":{"start":{"line":35,"column":10},"end":{"line":35,"column":36}},"type":"binary-expr","locations":[{"start":{"line":35,"column":10},"end":{"line":35,"column":15}},{"start":{"line":35,"column":19},"end":{"line":35,"column":36}}],"line":35},"3":{"loc":{"start":{"line":38,"column":9},"end":{"line":45,"column":9}},"type":"binary-expr","locations":[{"start":{"line":38,"column":9},"end":{"line":38,"column":17}},{"start":{"line":39,"column":10},"end":{"line":44,"column":12}}],"line":38},"4":{"loc":{"start":{"line":50,"column":12},"end":{"line":50,"column":42}},"type":"binary-expr","locations":[{"start":{"line":50,"column":12},"end":{"line":50,"column":20}},{"start":{"line":50,"column":24},"end":{"line":50,"column":42}}],"line":50},"5":{"loc":{"start":{"line":51,"column":12},"end":{"line":51,"column":44}},"type":"binary-expr","locations":[{"start":{"line":51,"column":12},"end":{"line":51,"column":21}},{"start":{"line":51,"column":25},"end":{"line":51,"column":44}}],"line":51},"6":{"loc":{"start":{"line":55,"column":27},"end":{"line":55,"column":64}},"type":"binary-expr","locations":[{"start":{"line":55,"column":27},"end":{"line":55,"column":42}},{"start":{"line":55,"column":46},"end":{"line":55,"column":64}}],"line":55},"7":{"loc":{"start":{"line":60,"column":9},"end":{"line":71,"column":9}},"type":"binary-expr","locations":[{"start":{"line":60,"column":9},"end":{"line":60,"column":24}},{"start":{"line":61,"column":10},"end":{"line":70,"column":29}}],"line":60},"8":{"loc":{"start":{"line":66,"column":20},"end":{"line":66,"column":71}},"type":"cond-expr","locations":[{"start":{"line":66,"column":40},"end":{"line":66,"column":52}},{"start":{"line":66,"column":55},"end":{"line":66,"column":71}}],"line":66},"9":{"loc":{"start":{"line":73,"column":9},"end":{"line":81,"column":9}},"type":"binary-expr","locations":[{"start":{"line":73,"column":9},"end":{"line":73,"column":18}},{"start":{"line":73,"column":22},"end":{"line":73,"column":38}},{"start":{"line":74,"column":10},"end":{"line":80,"column":29}}],"line":73},"10":{"loc":{"start":{"line":84,"column":7},"end":{"line":84,"column":61}},"type":"binary-expr","locations":[{"start":{"line":84,"column":7},"end":{"line":84,"column":12}},{"start":{"line":84,"column":16},"end":{"line":84,"column":61}}],"line":84}},"s":{"0":0,"1":0,"2":0,"3":0,"4":0,"5":0,"6":0},"f":{"0":0,"1":0,"2":0,"3":0},"b":{"0":[0,0],"1":[0,0],"2":[0,0],"3":[0,0],"4":[0,0],"5":[0,0],"6":[0,0],"7":[0,0],"8":[0,0],"9":[0,0,0],"10":[0,0]}}
,"E:\\code\\xfinity-route-app-1\\xfinity-route-app\\screens\\DeviceControlScreen.tsx": {"path":"E:\\code\\xfinity-route-app-1\\xfinity-route-app\\screens\\DeviceControlScreen.tsx","statementMap":{"0":{"start":{"line":16,"column":21},"end":{"line":16,"column":36}},"1":{"start":{"line":17,"column":16},"end":{"line":17,"column":26}},"2":{"start":{"line":18,"column":25},"end":{"line":18,"column":38}},"3":{"start":{"line":21,"column":24},"end":{"line":21,"column":70}},"4":{"start":{"line":23,"column":2},"end":{"line":32,"column":9}},"5":{"start":{"line":25,"column":19},"end":{"line":25,"column":54}},"6":{"start":{"line":26,"column":4},"end":{"line":31,"column":5}},"7":{"start":{"line":27,"column":6},"end":{"line":27,"column":71}},"8":{"start":{"line":28,"column":6},"end":{"line":28,"column":61}},"9":{"start":{"line":29,"column":6},"end":{"line":29,"column":26}},"10":{"start":{"line":30,"column":6},"end":{"line":30,"column":13}},"11":{"start":{"line":35,"column":17},"end":{"line":35,"column":52}},"12":{"start":{"line":36,"column":17},"end":{"line":36,"column":39}},"13":{"start":{"line":39,"column":2},"end":{"line":45,"column":3}},"14":{"start":{"line":40,"column":4},"end":{"line":44,"column":6}},"15":{"start":{"line":47,"column":38},"end":{"line":47,"column":97}},"16":{"start":{"line":48,"column":36},"end":{"line":48,"column":71}},"17":{"start":{"line":49,"column":34},"end":{"line":49,"column":49}},"18":{"start":{"line":52,"column":52},"end":{"line":52,"column":66}},"19":{"start":{"line":53,"column":50},"end":{"line":53,"column":65}},"20":{"start":{"line":56,"column":52},"end":{"line":56,"column":67}},"21":{"start":{"line":57,"column":36},"end":{"line":57,"column":56}},"22":{"start":{"line":58,"column":32},"end":{"line":58,"column":83}},"23":{"start":{"line":59,"column":56},"end":{"line":59,"column":71}},"24":{"start":{"line":60,"column":52},"end":{"line":60,"column":67}},"25":{"start":{"line":61,"column":42},"end":{"line":69,"column":4}},"26":{"start":{"line":71,"column":2},"end":{"line":73,"column":19}},"27":{"start":{"line":75,"column":25},"end":{"line":90,"column":3}},"28":{"start":{"line":76,"column":4},"end":{"line":76,"column":22}},"29":{"start":{"line":77,"column":4},"end":{"line":89,"column":5}},"30":{"start":{"line":78,"column":21},"end":{"line":78,"column":90}},"31":{"start":{"line":79,"column":6},"end":{"line":83,"column":7}},"32":{"start":{"line":80,"column":8},"end":{"line":80,"column":45}},"33":{"start":{"line":82,"column":8},"end":{"line":82,"column":45}},"34":{"start":{"line":85,"column":6},"end":{"line":85,"column":56}},"35":{"start":{"line":86,"column":6},"end":{"line":86,"column":39}},"36":{"start":{"line":88,"column":6},"end":{"line":88,"column":25}},"37":{"start":{"line":92,"column":28},"end":{"line":122,"column":3}},"38":{"start":{"line":93,"column":4},"end":{"line":93,"column":22}},"39":{"start":{"line":94,"column":4},"end":{"line":121,"column":5}},"40":{"start":{"line":97,"column":6},"end":{"line":115,"column":7}},"41":{"start":{"line":99,"column":8},"end":{"line":99,"column":61}},"42":{"start":{"line":100,"column":8},"end":{"line":105,"column":9}},"43":{"start":{"line":101,"column":10},"end":{"line":101,"column":42}},"44":{"start":{"line":102,"column":10},"end":{"line":102,"column":29}},"45":{"start":{"line":104,"column":10},"end":{"line":104,"column":48}},"46":{"start":{"line":108,"column":8},"end":{"line":108,"column":63}},"47":{"start":{"line":109,"column":8},"end":{"line":114,"column":9}},"48":{"start":{"line":110,"column":10},"end":{"line":110,"column":44}},"49":{"start":{"line":111,"column":10},"end":{"line":111,"column":30}},"50":{"start":{"line":113,"column":10},"end":{"line":113,"column":50}},"51":{"start":{"line":117,"column":6},"end":{"line":117,"column":52}},"52":{"start":{"line":118,"column":6},"end":{"line":118,"column":49}},"53":{"start":{"line":120,"column":6},"end":{"line":120,"column":25}},"54":{"start":{"line":124,"column":23},"end":{"line":150,"column":3}},"55":{"start":{"line":125,"column":4},"end":{"line":125,"column":22}},"56":{"start":{"line":126,"column":4},"end":{"line":149,"column":5}},"57":{"start":{"line":127,"column":33},"end":{"line":127,"column":140}},"58":{"start":{"line":128,"column":31},"end":{"line":128,"column":134}},"59":{"start":{"line":130,"column":31},"end":{"line":130,"column":89}},"60":{"start":{"line":130,"column":71},"end":{"line":130,"column":88}},"61":{"start":{"line":132,"column":21},"end":{"line":137,"column":7}},"62":{"start":{"line":139,"column":6},"end":{"line":143,"column":7}},"63":{"start":{"line":140,"column":8},"end":{"line":140,"column":40}},"64":{"start":{"line":142,"column":8},"end":{"line":142,"column":47}},"65":{"start":{"line":145,"column":6},"end":{"line":145,"column":53}},"66":{"start":{"line":146,"column":6},"end":{"line":146,"column":43}},"67":{"start":{"line":148,"column":6},"end":{"line":148,"column":25}},"68":{"start":{"line":152,"column":29},"end":{"line":163,"column":3}},"69":{"start":{"line":153,"column":4},"end":{"line":162,"column":6}},"70":{"start":{"line":165,"column":27},"end":{"line":169,"column":3}},"71":{"start":{"line":166,"column":18},"end":{"line":166,"column":61}},"72":{"start":{"line":167,"column":20},"end":{"line":167,"column":65}},"73":{"start":{"line":168,"column":4},"end":{"line":168,"column":33}},"74":{"start":{"line":171,"column":28},"end":{"line":175,"column":3}},"75":{"start":{"line":172,"column":24},"end":{"line":172,"column":49}},"76":{"start":{"line":173,"column":4},"end":{"line":173,"column":50}},"77":{"start":{"line":174,"column":4},"end":{"line":174,"column":30}},"78":{"start":{"line":177,"column":26},"end":{"line":181,"column":3}},"79":{"start":{"line":178,"column":24},"end":{"line":178,"column":47}},"80":{"start":{"line":179,"column":4},"end":{"line":179,"column":48}},"81":{"start":{"line":180,"column":4},"end":{"line":180,"column":28}},"82":{"start":{"line":183,"column":28},"end":{"line":208,"column":3}},"83":{"start":{"line":184,"column":4},"end":{"line":207,"column":11}},"84":{"start":{"line":186,"column":8},"end":{"line":205,"column":27}},"85":{"start":{"line":192,"column":25},"end":{"line":195,"column":12}},"86":{"start":{"line":211,"column":2},"end":{"line":218,"column":9}},"87":{"start":{"line":212,"column":19},"end":{"line":212,"column":54}},"88":{"start":{"line":213,"column":4},"end":{"line":217,"column":5}},"89":{"start":{"line":214,"column":6},"end":{"line":214,"column":70}},"90":{"start":{"line":215,"column":6},"end":{"line":215,"column":61}},"91":{"start":{"line":216,"column":6},"end":{"line":216,"column":26}},"92":{"start":{"line":220,"column":2},"end":{"line":432,"column":4}},"93":{"start":{"line":233,"column":25},"end":{"line":233,"column":44}},"94":{"start":{"line":295,"column":37},"end":{"line":295,"column":57}},"95":{"start":{"line":318,"column":48},"end":{"line":318,"column":86}},"96":{"start":{"line":370,"column":33},"end":{"line":370,"column":61}},"97":{"start":{"line":379,"column":33},"end":{"line":379,"column":59}},"98":{"start":{"line":424,"column":27},"end":{"line":424,"column":84}},"99":{"start":{"line":435,"column":15},"end":{"line":714,"column":2}}},"fnMap":{"0":{"name":"DeviceControlScreen","decl":{"start":{"line":15,"column":24},"end":{"line":15,"column":43}},"loc":{"start":{"line":15,"column":46},"end":{"line":433,"column":1}},"line":15},"1":{"name":"(anonymous_1)","decl":{"start":{"line":23,"column":12},"end":{"line":23,"column":13}},"loc":{"start":{"line":23,"column":18},"end":{"line":32,"column":3}},"line":23},"2":{"name":"(anonymous_2)","decl":{"start":{"line":71,"column":12},"end":{"line":71,"column":13}},"loc":{"start":{"line":71,"column":18},"end":{"line":73,"column":3}},"line":71},"3":{"name":"(anonymous_3)","decl":{"start":{"line":75,"column":25},"end":{"line":75,"column":26}},"loc":{"start":{"line":75,"column":37},"end":{"line":90,"column":3}},"line":75},"4":{"name":"(anonymous_4)","decl":{"start":{"line":92,"column":28},"end":{"line":92,"column":29}},"loc":{"start":{"line":92,"column":40},"end":{"line":122,"column":3}},"line":92},"5":{"name":"(anonymous_5)","decl":{"start":{"line":124,"column":23},"end":{"line":124,"column":24}},"loc":{"start":{"line":124,"column":35},"end":{"line":150,"column":3}},"line":124},"6":{"name":"(anonymous_6)","decl":{"start":{"line":130,"column":64},"end":{"line":130,"column":65}},"loc":{"start":{"line":130,"column":71},"end":{"line":130,"column":88}},"line":130},"7":{"name":"(anonymous_7)","decl":{"start":{"line":152,"column":29},"end":{"line":152,"column":30}},"loc":{"start":{"line":152,"column":35},"end":{"line":163,"column":3}},"line":152},"8":{"name":"(anonymous_8)","decl":{"start":{"line":165,"column":27},"end":{"line":165,"column":28}},"loc":{"start":{"line":165,"column":43},"end":{"line":169,"column":3}},"line":165},"9":{"name":"(anonymous_9)","decl":{"start":{"line":171,"column":28},"end":{"line":171,"column":29}},"loc":{"start":{"line":171,"column":65},"end":{"line":175,"column":3}},"line":171},"10":{"name":"(anonymous_10)","decl":{"start":{"line":177,"column":26},"end":{"line":177,"column":27}},"loc":{"start":{"line":177,"column":63},"end":{"line":181,"column":3}},"line":177},"11":{"name":"(anonymous_11)","decl":{"start":{"line":183,"column":28},"end":{"line":183,"column":29}},"loc":{"start":{"line":184,"column":4},"end":{"line":207,"column":11}},"line":184},"12":{"name":"(anonymous_12)","decl":{"start":{"line":185,"column":37},"end":{"line":185,"column":38}},"loc":{"start":{"line":186,"column":8},"end":{"line":205,"column":27}},"line":186},"13":{"name":"(anonymous_13)","decl":{"start":{"line":192,"column":19},"end":{"line":192,"column":20}},"loc":{"start":{"line":192,"column":25},"end":{"line":195,"column":12}},"line":192},"14":{"name":"(anonymous_14)","decl":{"start":{"line":211,"column":12},"end":{"line":211,"column":13}},"loc":{"start":{"line":211,"column":18},"end":{"line":218,"column":3}},"line":211},"15":{"name":"(anonymous_15)","decl":{"start":{"line":233,"column":19},"end":{"line":233,"column":20}},"loc":{"start":{"line":233,"column":25},"end":{"line":233,"column":44}},"line":233},"16":{"name":"(anonymous_16)","decl":{"start":{"line":295,"column":31},"end":{"line":295,"column":32}},"loc":{"start":{"line":295,"column":37},"end":{"line":295,"column":57}},"line":295},"17":{"name":"(anonymous_17)","decl":{"start":{"line":318,"column":37},"end":{"line":318,"column":38}},"loc":{"start":{"line":318,"column":48},"end":{"line":318,"column":86}},"line":318},"18":{"name":"(anonymous_18)","decl":{"start":{"line":370,"column":27},"end":{"line":370,"column":28}},"loc":{"start":{"line":370,"column":33},"end":{"line":370,"column":61}},"line":370},"19":{"name":"(anonymous_19)","decl":{"start":{"line":379,"column":27},"end":{"line":379,"column":28}},"loc":{"start":{"line":379,"column":33},"end":{"line":379,"column":59}},"line":379},"20":{"name":"(anonymous_20)","decl":{"start":{"line":424,"column":21},"end":{"line":424,"column":22}},"loc":{"start":{"line":424,"column":27},"end":{"line":424,"column":84}},"line":424}},"branchMap":{"0":{"loc":{"start":{"line":26,"column":4},"end":{"line":31,"column":5}},"type":"if","locations":[{"start":{"line":26,"column":4},"end":{"line":31,"column":5}},{"start":{},"end":{}}],"line":26},"1":{"loc":{"start":{"line":26,"column":8},"end":{"line":26,"column":51}},"type":"binary-expr","locations":[{"start":{"line":26,"column":8},"end":{"line":26,"column":28}},{"start":{"line":26,"column":32},"end":{"line":26,"column":51}}],"line":26},"2":{"loc":{"start":{"line":36,"column":17},"end":{"line":36,"column":39}},"type":"binary-expr","locations":[{"start":{"line":36,"column":17},"end":{"line":36,"column":31}},{"start":{"line":36,"column":35},"end":{"line":36,"column":39}}],"line":36},"3":{"loc":{"start":{"line":39,"column":2},"end":{"line":45,"column":3}},"type":"if","locations":[{"start":{"line":39,"column":2},"end":{"line":45,"column":3}},{"start":{},"end":{}}],"line":39},"4":{"loc":{"start":{"line":47,"column":47},"end":{"line":47,"column":96}},"type":"binary-expr","locations":[{"start":{"line":47,"column":47},"end":{"line":47,"column":64}},{"start":{"line":47,"column":68},"end":{"line":47,"column":83}},{"start":{"line":47,"column":87},"end":{"line":47,"column":96}}],"line":47},"5":{"loc":{"start":{"line":79,"column":6},"end":{"line":83,"column":7}},"type":"if","locations":[{"start":{"line":79,"column":6},"end":{"line":83,"column":7}},{"start":{"line":81,"column":13},"end":{"line":83,"column":7}}],"line":79},"6":{"loc":{"start":{"line":97,"column":6},"end":{"line":115,"column":7}},"type":"if","locations":[{"start":{"line":97,"column":6},"end":{"line":115,"column":7}},{"start":{"line":106,"column":13},"end":{"line":115,"column":7}}],"line":97},"7":{"loc":{"start":{"line":100,"column":8},"end":{"line":105,"column":9}},"type":"if","locations":[{"start":{"line":100,"column":8},"end":{"line":105,"column":9}},{"start":{"line":103,"column":15},"end":{"line":105,"column":9}}],"line":100},"8":{"loc":{"start":{"line":109,"column":8},"end":{"line":114,"column":9}},"type":"if","locations":[{"start":{"line":109,"column":8},"end":{"line":114,"column":9}},{"start":{"line":112,"column":15},"end":{"line":114,"column":9}}],"line":109},"9":{"loc":{"start":{"line":139,"column":6},"end":{"line":143,"column":7}},"type":"if","locations":[{"start":{"line":139,"column":6},"end":{"line":143,"column":7}},{"start":{"line":141,"column":13},"end":{"line":143,"column":7}}],"line":139},"10":{"loc":{"start":{"line":154,"column":6},"end":{"line":154,"column":51}},"type":"cond-expr","locations":[{"start":{"line":154,"column":18},"end":{"line":154,"column":34}},{"start":{"line":154,"column":37},"end":{"line":154,"column":51}}],"line":154},"11":{"loc":{"start":{"line":155,"column":6},"end":{"line":157,"column":100}},"type":"cond-expr","locations":[{"start":{"line":156,"column":10},"end":{"line":156,"column":102}},{"start":{"line":157,"column":10},"end":{"line":157,"column":100}}],"line":155},"12":{"loc":{"start":{"line":156,"column":46},"end":{"line":156,"column":99}},"type":"binary-expr","locations":[{"start":{"line":156,"column":46},"end":{"line":156,"column":63}},{"start":{"line":156,"column":67},"end":{"line":156,"column":82}},{"start":{"line":156,"column":86},"end":{"line":156,"column":99}}],"line":156},"13":{"loc":{"start":{"line":157,"column":44},"end":{"line":157,"column":97}},"type":"binary-expr","locations":[{"start":{"line":157,"column":44},"end":{"line":157,"column":61}},{"start":{"line":157,"column":65},"end":{"line":157,"column":80}},{"start":{"line":157,"column":84},"end":{"line":157,"column":97}}],"line":157},"14":{"loc":{"start":{"line":172,"column":24},"end":{"line":172,"column":49}},"type":"binary-expr","locations":[{"start":{"line":172,"column":24},"end":{"line":172,"column":36}},{"start":{"line":172,"column":40},"end":{"line":172,"column":49}}],"line":172},"15":{"loc":{"start":{"line":178,"column":24},"end":{"line":178,"column":47}},"type":"binary-expr","locations":[{"start":{"line":178,"column":24},"end":{"line":178,"column":36}},{"start":{"line":178,"column":40},"end":{"line":178,"column":47}}],"line":178},"16":{"loc":{"start":{"line":190,"column":12},"end":{"line":190,"column":57}},"type":"binary-expr","locations":[{"start":{"line":190,"column":12},"end":{"line":190,"column":29}},{"start":{"line":190,"column":33},"end":{"line":190,"column":57}}],"line":190},"17":{"loc":{"start":{"line":200,"column":14},"end":{"line":200,"column":57}},"type":"binary-expr","locations":[{"start":{"line":200,"column":14},"end":{"line":200,"column":31}},{"start":{"line":200,"column":35},"end":{"line":200,"column":57}}],"line":200},"18":{"loc":{"start":{"line":213,"column":4},"end":{"line":217,"column":5}},"type":"if","locations":[{"start":{"line":213,"column":4},"end":{"line":217,"column":5}},{"start":{},"end":{}}],"line":213},"19":{"loc":{"start":{"line":223,"column":7},"end":{"line":227,"column":7}},"type":"binary-expr","locations":[{"start":{"line":223,"column":7},"end":{"line":223,"column":17}},{"start":{"line":224,"column":8},"end":{"line":226,"column":15}}],"line":223},"20":{"loc":{"start":{"line":246,"column":22},"end":{"line":246,"column":71}},"type":"cond-expr","locations":[{"start":{"line":246,"column":57},"end":{"line":246,"column":63}},{"start":{"line":246,"column":66},"end":{"line":246,"column":71}}],"line":246},"21":{"loc":{"start":{"line":248,"column":23},"end":{"line":248,"column":60}},"type":"cond-expr","locations":[{"start":{"line":248,"column":42},"end":{"line":248,"column":48}},{"start":{"line":248,"column":51},"end":{"line":248,"column":60}}],"line":248},"22":{"loc":{"start":{"line":253,"column":17},"end":{"line":253,"column":73}},"type":"binary-expr","locations":[{"start":{"line":253,"column":17},"end":{"line":253,"column":34}},{"start":{"line":253,"column":38},"end":{"line":253,"column":53}},{"start":{"line":253,"column":57},"end":{"line":253,"column":73}}],"line":253},"23":{"loc":{"start":{"line":258,"column":54},"end":{"line":258,"column":128}},"type":"cond-expr","locations":[{"start":{"line":258,"column":89},"end":{"line":258,"column":105}},{"start":{"line":258,"column":108},"end":{"line":258,"column":128}}],"line":258},"24":{"loc":{"start":{"line":273,"column":27},"end":{"line":273,"column":65}},"type":"binary-expr","locations":[{"start":{"line":273,"column":27},"end":{"line":273,"column":42}},{"start":{"line":273,"column":46},"end":{"line":273,"column":65}}],"line":273},"25":{"loc":{"start":{"line":290,"column":27},"end":{"line":290,"column":78}},"type":"cond-expr","locations":[{"start":{"line":290,"column":39},"end":{"line":290,"column":57}},{"start":{"line":290,"column":60},"end":{"line":290,"column":78}}],"line":290},"26":{"loc":{"start":{"line":291,"column":17},"end":{"line":291,"column":50}},"type":"cond-expr","locations":[{"start":{"line":291,"column":29},"end":{"line":291,"column":38}},{"start":{"line":291,"column":41},"end":{"line":291,"column":50}}],"line":291},"27":{"loc":{"start":{"line":297,"column":28},"end":{"line":297,"column":61}},"type":"cond-expr","locations":[{"start":{"line":297,"column":40},"end":{"line":297,"column":49}},{"start":{"line":297,"column":52},"end":{"line":297,"column":61}}],"line":297},"28":{"loc":{"start":{"line":302,"column":11},"end":{"line":334,"column":11}},"type":"binary-expr","locations":[{"start":{"line":302,"column":11},"end":{"line":302,"column":21}},{"start":{"line":303,"column":12},"end":{"line":333,"column":19}}],"line":302},"29":{"loc":{"start":{"line":312,"column":15},"end":{"line":332,"column":15}},"type":"binary-expr","locations":[{"start":{"line":312,"column":15},"end":{"line":312,"column":31}},{"start":{"line":313,"column":16},"end":{"line":331,"column":23}}],"line":312},"30":{"loc":{"start":{"line":339,"column":14},"end":{"line":339,"column":72}},"type":"cond-expr","locations":[{"start":{"line":339,"column":26},"end":{"line":339,"column":46}},{"start":{"line":339,"column":49},"end":{"line":339,"column":72}}],"line":339},"31":{"loc":{"start":{"line":345,"column":20},"end":{"line":345,"column":56}},"type":"cond-expr","locations":[{"start":{"line":345,"column":32},"end":{"line":345,"column":46}},{"start":{"line":345,"column":49},"end":{"line":345,"column":56}}],"line":345},"32":{"loc":{"start":{"line":350,"column":15},"end":{"line":350,"column":122}},"type":"cond-expr","locations":[{"start":{"line":350,"column":27},"end":{"line":350,"column":43}},{"start":{"line":350,"column":46},"end":{"line":350,"column":122}}],"line":350},"33":{"loc":{"start":{"line":350,"column":46},"end":{"line":350,"column":122}},"type":"cond-expr","locations":[{"start":{"line":350,"column":65},"end":{"line":350,"column":105}},{"start":{"line":350,"column":108},"end":{"line":350,"column":122}}],"line":350},"34":{"loc":{"start":{"line":364,"column":11},"end":{"line":398,"column":11}},"type":"binary-expr","locations":[{"start":{"line":364,"column":11},"end":{"line":364,"column":28}},{"start":{"line":365,"column":12},"end":{"line":397,"column":15}}],"line":364},"35":{"loc":{"start":{"line":390,"column":51},"end":{"line":390,"column":84}},"type":"binary-expr","locations":[{"start":{"line":390,"column":51},"end":{"line":390,"column":59}},{"start":{"line":390,"column":63},"end":{"line":390,"column":84}}],"line":390},"36":{"loc":{"start":{"line":400,"column":11},"end":{"line":408,"column":11}},"type":"binary-expr","locations":[{"start":{"line":400,"column":11},"end":{"line":400,"column":30}},{"start":{"line":401,"column":12},"end":{"line":407,"column":14}}],"line":400},"37":{"loc":{"start":{"line":410,"column":11},"end":{"line":418,"column":11}},"type":"binary-expr","locations":[{"start":{"line":410,"column":11},"end":{"line":410,"column":28}},{"start":{"line":411,"column":12},"end":{"line":417,"column":14}}],"line":410}},"s":{"0":0,"1":0,"2":0,"3":0,"4":0,"5":0,"6":0,"7":0,"8":0,"9":0,"10":0,"11":0,"12":0,"13":0,"14":0,"15":0,"16":0,"17":0,"18":0,"19":0,"20":0,"21":0,"22":0,"23":0,"24":0,"25":0,"26":0,"27":0,"28":0,"29":0,"30":0,"31":0,"32":0,"33":0,"34":0,"35":0,"36":0,"37":0,"38":0,"39":0,"40":0,"41":0,"42":0,"43":0,"44":0,"45":0,"46":0,"47":0,"48":0,"49":0,"50":0,"51":0,"52":0,"53":0,"54":0,"55":0,"56":0,"57":0,"58":0,"59":0,"60":0,"61":0,"62":0,"63":0,"64":0,"65":0,"66":0,"67":0,"68":0,"69":0,"70":0,"71":0,"72":0,"73":0,"74":0,"75":0,"76":0,"77":0,"78":0,"79":0,"80":0,"81":0,"82":0,"83":0,"84":0,"85":0,"86":0,"87":0,"88":0,"89":0,"90":0,"91":0,"92":0,"93":0,"94":0,"95":0,"96":0,"97":0,"98":0,"99":0},"f":{"0":0,"1":0,"2":0,"3":0,"4":0,"5":0,"6":0,"7":0,"8":0,"9":0,"10":0,"11":0,"12":0,"13":0,"14":0,"15":0,"16":0,"17":0,"18":0,"19":0,"20":0},"b":{"0":[0,0],"1":[0,0],"2":[0,0],"3":[0,0],"4":[0,0,0],"5":[0,0],"6":[0,0],"7":[0,0],"8":[0,0],"9":[0,0],"10":[0,0],"11":[0,0],"12":[0,0,0],"13":[0,0,0],"14":[0,0],"15":[0,0],"16":[0,0],"17":[0,0],"18":[0,0],"19":[0,0],"20":[0,0],"21":[0,0],"22":[0,0,0],"23":[0,0],"24":[0,0],"25":[0,0],"26":[0,0],"27":[0,0],"28":[0,0],"29":[0,0],"30":[0,0],"31":[0,0],"32":[0,0],"33":[0,0],"34":[0,0],"35":[0,0],"36":[0,0],"37":[0,0]}}
[...]
mn":77}},"60":{"start":{"line":235,"column":4},"end":{"line":265,"column":5}},"61":{"start":{"line":236,"column":6},"end":{"line":236,"column":60}},"62":{"start":{"line":239,"column":23},"end":{"line":239,"column":73}},"63":{"start":{"line":240,"column":19},"end":{"line":240,"column":39}},"64":{"start":{"line":243,"column":41},"end":{"line":250,"column":7}},"65":{"start":{"line":252,"column":6},"end":{"line":252,"column":68}},"66":{"start":{"line":253,"column":6},"end":{"line":253,"column":20}},"67":{"start":{"line":255,"column":6},"end":{"line":255,"column":73}},"68":{"start":{"line":257,"column":6},"end":{"line":264,"column":8}},"69":{"start":{"line":269,"column":4},"end":{"line":304,"column":5}},"70":{"start":{"line":270,"column":6},"end":{"line":270,"column":55}},"71":{"start":{"line":273,"column":23},"end":{"line":278,"column":8}},"72":{"start":{"line":280,"column":23},"end":{"line":288,"column":7}},"73":{"start":{"line":290,"column":6},"end":{"line":293,"column":7}},"74":{"start":{"line":291,"column":8},"end":{"line":291,"column":55}},"75":{"start":{"line":292,"column":8},"end":{"line":292,"column":20}},"76":{"start":{"line":295,"column":6},"end":{"line":295,"column":70}},"77":{"start":{"line":296,"column":6},"end":{"line":296,"column":19}},"78":{"start":{"line":298,"column":6},"end":{"line":298,"column":60}},"79":{"start":{"line":300,"column":6},"end":{"line":302,"column":7}},"80":{"start":{"line":301,"column":8},"end":{"line":301,"column":73}},"81":{"start":{"line":303,"column":6},"end":{"line":303,"column":72}},"82":{"start":{"line":308,"column":4},"end":{"line":334,"column":5}},"83":{"start":{"line":309,"column":6},"end":{"line":309,"column":47}},"84":{"start":{"line":312,"column":23},"end":{"line":312,"column":73}},"85":{"start":{"line":313,"column":19},"end":{"line":313,"column":39}},"86":{"start":{"line":316,"column":37},"end":{"line":321,"column":7}},"87":{"start":{"line":318,"column":86},"end":{"line":318,"column":87}},"88":{"start":{"line":323,"column":6},"end":{"line":323,"column":57}},"89":{"start":{"line":324,"column":6},"end":{"line":324,"column":22}},"90":{"start":{"line":326,"column":6},"end":{"line":326,"column":60}},"91":{"start":{"line":328,"column":6},"end":{"line":333,"column":8}},"92":{"start":{"line":341,"column":23},"end":{"line":341,"column":54}},"93":{"start":{"line":343,"column":4},"end":{"line":352,"column":6}},"94":{"start":{"line":357,"column":18},"end":{"line":357,"column":66}},"95":{"start":{"line":358,"column":4},"end":{"line":360,"column":5}},"96":{"start":{"line":359,"column":6},"end":{"line":359,"column":47}},"97":{"start":{"line":363,"column":19},"end":{"line":363,"column":85}},"98":{"start":{"line":364,"column":4},"end":{"line":366,"column":5}},"99":{"start":{"line":365,"column":6},"end":{"line":365,"column":48}},"100":{"start":{"line":369,"column":20},"end":{"line":369,"column":55}},"101":{"start":{"line":370,"column":4},"end":{"line":372,"column":5}},"102":{"start":{"line":371,"column":6},"end":{"line":371,"column":65}},"103":{"start":{"line":374,"column":4},"end":{"line":374,"column":14}},"104":{"start":{"line":379,"column":4},"end":{"line":381,"column":5}},"105":{"start":{"line":380,"column":6},"end":{"line":380,"column":66}},"106":{"start":{"line":384,"column":4},"end":{"line":388,"column":5}},"107":{"start":{"line":385,"column":6},"end":{"line":387,"column":7}},"108":{"start":{"line":386,"column":8},"end":{"line":386,"column":72}},"109":{"start":{"line":391,"column":30},"end":{"line":393,"column":46}},"110":{"start":{"line":395,"column":4},"end":{"line":397,"column":5}},"111":{"start":{"line":396,"column":6},"end":{"line":396,"column":78}},"112":{"start":{"line":402,"column":46},"end":{"line":409,"column":5}},"113":{"start":{"line":411,"column":4},"end":{"line":411,"column":42}},"114":{"start":{"line":416,"column":49},"end":{"line":423,"column":5}},"115":{"start":{"line":425,"column":4},"end":{"line":425,"column":57}}},"fnMap":{"0":{"name":"(anonymous_0)","decl":{"start":{"line":61,"column":2},"end":{"line":61,"column":3}},"loc":{"start":{"line":61,"column":16},"end":{"line":63,"column":3}},"line":61},"1":{"name":"(anonymous_1)","decl":{"start":{"line":65,"column":2},"end":{"line":65,"column":3}},"loc":{"start":{"line":65,"column":74},"end":{"line":85,"column":3}},"line":65},"2":{"name":"(anonymous_2)","decl":{"start":{"line":87,"column":2},"end":{"line":87,"column":3}},"loc":{"start":{"line":87,"column":74},"end":{"line":128,"column":3}},"line":87},"3":{"name":"(anonymous_3)","decl":{"start":{"line":130,"column":2},"end":{"line":130,"column":3}},"loc":{"start":{"line":130,"column":64},"end":{"line":150,"column":3}},"line":130},"4":{"name":"(anonymous_4)","decl":{"start":{"line":152,"column":2},"end":{"line":152,"column":3}},"loc":{"start":{"line":152,"column":47},"end":{"line":166,"column":3}},"line":152},"5":{"name":"(anonymous_5)","decl":{"start":{"line":168,"column":2},"end":{"line":168,"column":3}},"loc":{"start":{"line":168,"column":72},"end":{"line":190,"column":3}},"line":168},"6":{"name":"(anonymous_6)","decl":{"start":{"line":192,"column":2},"end":{"line":192,"column":3}},"loc":{"start":{"line":192,"column":76},"end":{"line":232,"column":3}},"line":192},"7":{"name":"(anonymous_7)","decl":{"start":{"line":234,"column":2},"end":{"line":234,"column":3}},"loc":{"start":{"line":234,"column":61},"end":{"line":266,"column":3}},"line":234},"8":{"name":"(anonymous_8)","decl":{"start":{"line":268,"column":2},"end":{"line":268,"column":3}},"loc":{"start":{"line":268,"column":66},"end":{"line":305,"column":3}},"line":268},"9":{"name":"(anonymous_9)","decl":{"start":{"line":307,"column":2},"end":{"line":307,"column":3}},"loc":{"start":{"line":307,"column":49},"end":{"line":335,"column":3}},"line":307},"10":{"name":"(anonymous_10)","decl":{"start":{"line":318,"column":81},"end":{"line":318,"column":82}},"loc":{"start":{"line":318,"column":86},"end":{"line":318,"column":87}},"line":318},"11":{"name":"(anonymous_11)","decl":{"start":{"line":338,"column":2},"end":{"line":338,"column":3}},"loc":{"start":{"line":338,"column":74},"end":{"line":353,"column":3}},"line":338},"12":{"name":"(anonymous_12)","decl":{"start":{"line":355,"column":2},"end":{"line":355,"column":3}},"loc":{"start":{"line":355,"column":66},"end":{"line":375,"column":3}},"line":355},"13":{"name":"(anonymous_13)","decl":{"start":{"line":377,"column":2},"end":{"line":377,"column":3}},"loc":{"start":{"line":377,"column":56},"end":{"line":398,"column":3}},"line":377},"14":{"name":"(anonymous_14)","decl":{"start":{"line":400,"column":2},"end":{"line":400,"column":3}},"loc":{"start":{"line":400,"column":50},"end":{"line":412,"column":3}},"line":400},"15":{"name":"(anonymous_15)","decl":{"start":{"line":414,"column":2},"end":{"line":414,"column":3}},"loc":{"start":{"line":414,"column":49},"end":{"line":426,"column":3}},"line":414}},"branchMap":{"0":{"loc":{"start":{"line":67,"column":53},"end":{"line":67,"column":72}},"type":"binary-expr","locations":[{"start":{"line":67,"column":53},"end":{"line":67,"column":57}},{"start":{"line":67,"column":61},"end":{"line":67,"column":72}}],"line":67},"1":{"loc":{"start":{"line":76,"column":25},"end":{"line":76,"column":41}},"type":"binary-expr","locations":[{"start":{"line":76,"column":25},"end":{"line":76,"column":29}},{"start":{"line":76,"column":33},"end":{"line":76,"column":41}}],"line":76},"2":{"loc":{"start":{"line":96,"column":18},"end":{"line":96,"column":56}},"type":"cond-expr","locations":[{"start":{"line":96,"column":43},"end":{"line":96,"column":47}},{"start":{"line":96,"column":50},"end":{"line":96,"column":56}}],"line":96},"3":{"loc":{"start":{"line":101,"column":16},"end":{"line":101,"column":48}},"type":"cond-expr","locations":[{"start":{"line":101,"column":39},"end":{"line":101,"column":42}},{"start":{"line":101,"column":45},"end":{"line":101,"column":48}}],"line":101},"4":{"loc":{"start":{"line":102,"column":26},"end":{"line":102,"column":52}},"type":"cond-expr","locations":[{"start":{"line":102,"column":43},"end":{"line":102,"column":46}},{"start":{"line":102,"column":49},"end":{"line":102,"column":52}}],"line":102},"5":{"loc":{"start":{"line":103,"column":21},"end":{"line":103,"column":50}},"type":"cond-expr","locations":[{"start":{"line":103,"column":41},"end":{"line":103,"column":44}},{"start":{"line":103,"column":47},"end":{"line":103,"column":50}}],"line":103},"6":{"loc":{"start":{"line":117,"column":6},"end":{"line":120,"column":7}},"type":"if","locations":[{"start":{"line":117,"column":6},"end":{"line":120,"column":7}},{"start":{},"end":{}}],"line":117},"7":{"loc":{"start":{"line":117,"column":10},"end":{"line":117,"column":60}},"type":"binary-expr","locations":[{"start":{"line":117,"column":10},"end":{"line":117,"column":33}},{"start":{"line":117,"column":37},"end":{"line":117,"column":60}}],"line":117},"8":{"loc":{"start":{"line":142,"column":23},"end":{"line":142,"column":45}},"type":"binary-expr","locations":[{"start":{"line":142,"column":23},"end":{"line":142,"column":39}},{"start":{"line":142,"column":43},"end":{"line":142,"column":45}}],"line":142},"9":{"loc":{"start":{"line":170,"column":21},"end":{"line":170,"column":55}},"type":"cond-expr","locations":[{"start":{"line":170,"column":31},"end":{"line":170,"column":41}},{"start":{"line":170,"column":44},"end":{"line":170,"column":55}}],"line":170},"10":{"loc":{"start":{"line":170,"column":69},"end":{"line":170,"column":88}},"type":"binary-expr","locations":[{"start":{"line":170,"column":69},"end":{"line":170,"column":73}},{"start":{"line":170,"column":77},"end":{"line":170,"column":88}}],"line":170},"11":{"loc":{"start":{"line":181,"column":6},"end":{"line":183,"column":7}},"type":"if","locations":[{"start":{"line":181,"column":6},"end":{"line":183,"column":7}},{"start":{},"end":{}}],"line":181},"12":{"loc":{"start":{"line":182,"column":29},"end":{"line":182,"column":61}},"type":"cond-expr","locations":[{"start":{"line":182,"column":39},"end":{"line":182,"column":48}},{"start":{"line":182,"column":51},"end":{"line":182,"column":61}}],"line":182},"13":{"loc":{"start":{"line":199,"column":28},"end":{"line":199,"column":54}},"type":"cond-expr","locations":[{"start":{"line":199,"column":45},"end":{"line":199,"column":48}},{"start":{"line":199,"column":51},"end":{"line":199,"column":54}}],"line":199},"14":{"loc":{"start":{"line":204,"column":31},"end":{"line":204,"column":63}},"type":"cond-expr","locations":[{"start":{"line":204,"column":54},"end":{"line":204,"column":57}},{"start":{"line":204,"column":60},"end":{"line":204,"column":63}}],"line":204},"15":{"loc":{"start":{"line":217,"column":6},"end":{"line":220,"column":7}},"type":"if","locations":[{"start":{"line":217,"column":6},"end":{"line":220,"column":7}},{"start":{},"end":{}}],"line":217},"16":{"loc":{"start":{"line":217,"column":10},"end":{"line":217,"column":60}},"type":"binary-expr","locations":[{"start":{"line":217,"column":10},"end":{"line":217,"column":33}},{"start":{"line":217,"column":37},"end":{"line":217,"column":60}}],"line":217},"17":{"loc":{"start":{"line":227,"column":6},"end":{"line":229,"column":7}},"type":"if","locations":[{"start":{"line":227,"column":6},"end":{"line":229,"column":7}},{"start":{},"end":{}}],"line":227},"18":{"loc":{"start":{"line":248,"column":19},"end":{"line":248,"column":89}},"type":"binary-expr","locations":[{"start":{"line":248,"column":19},"end":{"line":248,"column":83}},{"start":{"line":248,"column":87},"end":{"line":248,"column":89}}],"line":248},"19":{"loc":{"start":{"line":274,"column":28},"end":{"line":274,"column":56}},"type":"cond-expr","locations":[{"start":{"line":274,"column":47},"end":{"line":274,"column":50}},{"start":{"line":274,"column":53},"end":{"line":274,"column":56}}],"line":274},"20":{"loc":{"start":{"line":290,"column":6},"end":{"line":293,"column":7}},"type":"if","locations":[{"start":{"line":290,"column":6},"end":{"line":293,"column":7}},{"start":{},"end":{}}],"line":290},"21":{"loc":{"start":{"line":290,"column":10},"end":{"line":290,"column":60}},"type":"binary-expr","locations":[{"start":{"line":290,"column":10},"end":{"line":290,"column":33}},{"start":{"line":290,"column":37},"end":{"line":290,"column":60}}],"line":290},"22":{"loc":{"start":{"line":300,"column":6},"end":{"line":302,"column":7}},"type":"if","locations":[{"start":{"line":300,"column":6},"end":{"line":302,"column":7}},{"start":{},"end":{}}],"line":300},"23":{"loc":{"start":{"line":319,"column":19},"end":{"line":319,"column":83}},"type":"binary-expr","locations":[{"start":{"line":319,"column":19},"end":{"line":319,"column":72}},{"start":{"line":319,"column":76},"end":{"line":319,"column":83}}],"line":319},"24":{"loc":{"start":{"line":320,"column":17},"end":{"line":320,"column":79}},"type":"binary-expr","locations":[{"start":{"line":320,"column":17},"end":{"line":320,"column":68}},{"start":{"line":320,"column":72},"end":{"line":320,"column":79}}],"line":320},"25":{"loc":{"start":{"line":341,"column":23},"end":{"line":341,"column":54}},"type":"cond-expr","locations":[{"start":{"line":341,"column":41},"end":{"line":341,"column":47}},{"start":{"line":341,"column":50},"end":{"line":341,"column":54}}],"line":341},"26":{"loc":{"start":{"line":348,"column":15},"end":{"line":348,"column":82}},"type":"binary-expr","locations":[{"start":{"line":348,"column":15},"end":{"line":348,"column":77}},{"start":{"line":348,"column":81},"end":{"line":348,"column":82}}],"line":348},"27":{"loc":{"start":{"line":358,"column":4},"end":{"line":360,"column":5}},"type":"if","locations":[{"start":{"line":358,"column":4},"end":{"line":360,"column":5}},{"start":{},"end":{}}],"line":358},"28":{"loc":{"start":{"line":359,"column":13},"end":{"line":359,"column":46}},"type":"binary-expr","locations":[{"start":{"line":359,"column":13},"end":{"line":359,"column":40}},{"start":{"line":359,"column":44},"end":{"line":359,"column":46}}],"line":359},"29":{"loc":{"start":{"line":364,"column":4},"end":{"line":366,"column":5}},"type":"if","locations":[{"start":{"line":364,"column":4},"end":{"line":366,"column":5}},{"start":{},"end":{}}],"line":364},"30":{"loc":{"start":{"line":365,"column":13},"end":{"line":365,"column":47}},"type":"binary-expr","locations":[{"start":{"line":365,"column":13},"end":{"line":365,"column":41}},{"start":{"line":365,"column":45},"end":{"line":365,"column":47}}],"line":365},"31":{"loc":{"start":{"line":370,"column":4},"end":{"line":372,"column":5}},"type":"if","locations":[{"start":{"line":370,"column":4},"end":{"line":372,"column":5}},{"start":{},"end":{}}],"line":370},"32":{"loc":{"start":{"line":371,"column":13},"end":{"line":371,"column":64}},"type":"binary-expr","locations":[{"start":{"line":371,"column":13},"end":{"line":371,"column":25}},{"start":{"line":371,"column":29},"end":{"line":371,"column":58}},{"start":{"line":371,"column":62},"end":{"line":371,"column":64}}],"line":371},"33":{"loc":{"start":{"line":379,"column":4},"end":{"line":381,"column":5}},"type":"if","locations":[{"start":{"line":379,"column":4},"end":{"line":381,"column":5}},{"start":{},"end":{}}],"line":379},"34":{"loc":{"start":{"line":379,"column":8},"end":{"line":379,"column":47}},"type":"binary-expr","locations":[{"start":{"line":379,"column":8},"end":{"line":379,"column":20}},{"start":{"line":379,"column":24},"end":{"line":379,"column":47}}],"line":379},"35":{"loc":{"start":{"line":384,"column":4},"end":{"line":388,"column":5}},"type":"if","locations":[{"start":{"line":384,"column":4},"end":{"line":388,"column":5}},{"start":{},"end":{}}],"line":384},"36":{"loc":{"start":{"line":385,"column":6},"end":{"line":387,"column":7}},"type":"if","locations":[{"start":{"line":385,"column":6},"end":{"line":387,"column":7}},{"start":{},"end":{}}],"line":385},"37":{"loc":{"start":{"line":385,"column":10},"end":{"line":385,"column":87}},"type":"binary-expr","locations":[{"start":{"line":385,"column":10},"end":{"line":385,"column":26}},{"start":{"line":385,"column":30},"end":{"line":385,"column":56}},{"start":{"line":385,"column":60},"end":{"line":385,"column":87}}],"line":385},"38":{"loc":{"start":{"line":391,"column":30},"end":{"line":393,"column":46}},"type":"cond-expr","locations":[{"start":{"line":392,"column":8},"end":{"line":392,"column":128}},{"start":{"line":393,"column":8},"end":{"line":393,"column":46}}],"line":391},"39":{"loc":{"start":{"line":395,"column":4},"end":{"line":397,"column":5}},"type":"if","locations":[{"start":{"line":395,"column":4},"end":{"line":397,"column":5}},{"start":{},"end":{}}],"line":395},"40":{"loc":{"start":{"line":411,"column":11},"end":{"line":411,"column":41}},"type":"binary-expr","locations":[{"start":{"line":411,"column":11},"end":{"line":411,"column":28}},{"start":{"line":411,"column":32},"end":{"line":411,"column":41}}],"line":411},"41":{"loc":{"start":{"line":425,"column":11},"end":{"line":425,"column":56}},"type":"binary-expr","locations":[{"start":{"line":425,"column":11},"end":{"line":425,"column":42}},{"start":{"line":425,"column":46},"end":{"line":425,"column":56}}],"line":425}},"s":{"0":0,"1":0,"2":0,"3":0,"4":0,"5":0,"6":0,"7":0,"8":0,"9":0,"10":0,"11":0,"12":0,"13":0,"14":0,"15":0,"16":0,"17":0,"18":0,"19":0,"20":0,"21":0,"22":0,"23":0,"24":0,"25":0,"26":0,"27":0,"28":0,"29":0,"30":0,"31":0,"32":0,"33":0,"34":0,"35":0,"36":0,"37":0,"38":0,"39":0,"40":0,"41":0,"42":0,"43":0,"44":0,"45":0,"46":0,"47":0,"48":0,"49":0,"50":0,"51":0,"52":0,"53":0,"54":0,"55":0,"56":0,"57":0,"58":0,"59":0,"60":0,"61":0,"62":0,"63":0,"64":0,"65":0,"66":0,"67":0,"68":0,"69":0,"70":0,"71":0,"72":0,"73":0,"74":0,"75":0,"76":0,"77":0,"78":0,"79":0,"80":0,"81":0,"82":0,"83":0,"84":0,"85":0,"86":0,"87":0,"88":0,"89":0,"90":0,"91":0,"92":0,"93":0,"94":0,"95":0,"96":0,"97":0,"98":0,"99":0,"100":0,"101":0,"102":0,"103":0,"104":0,"105":0,"106":0,"107":0,"108":0,"109":0,"110":0,"111":0,"112":0,"113":0,"114":0,"115":0},"f":{"0":0,"1":0,"2":0,"3":0,"4":0,"5":0,"6":0,"7":0,"8":0,"9":0,"10":0,"11":0,"12":0,"13":0,"14":0,"15":0},"b":{"0":[0,0],"1":[0,0],"2":[0,0],"3":[0,0],"4":[0,0],"5":[0,0],"6":[0,0],"7":[0,0],"8":[0,0],"9":[0,0],"10":[0,0],"11":[0,0],"12":[0,0],"13":[0,0],"14":[0,0],"15":[0,0],"16":[0,0],"17":[0,0],"18":[0,0],"19":[0,0],"20":[0,0],"21":[0,0],"22":[0,0],"23":[0,0],"24":[0,0],"25":[0,0],"26":[0,0],"27":[0,0],"28":[0,0],"29":[0,0],"30":[0,0],"31":[0,0],"32":[0,0,0],"33":[0,0],"34":[0,0],"35":[0,0],"36":[0,0],"37":[0,0,0],"38":[0,0],"39":[0,0],"40":[0,0],"41":[0,0]}}
,"E:\\code\\xfinity-route-app-1\\xfinity-route-app\\services\\network\\WifiServiceFactory.ts": {"path":"E:\\code\\xfinity-route-app-1\\xfinity-route-app\\services\\network\\WifiServiceFactory.ts","statementMap":{"0":{"start":{"line":10,"column":4},"end":{"line":20,"column":5}},"1":{"start":{"line":11,"column":6},"end":{"line":13,"column":7}},"2":{"start":{"line":12,"column":8},"end":{"line":12,"column":50}},"3":{"start":{"line":14,"column":6},"end":{"line":14,"column":31}},"4":{"start":{"line":16,"column":6},"end":{"line":18,"column":7}},"5":{"start":{"line":17,"column":8},"end":{"line":17,"column":53}},"6":{"start":{"line":19,"column":6},"end":{"line":19,"column":31}}},"fnMap":{"0":{"name":"(anonymous_0)","decl":{"start":{"line":9,"column":2},"end":{"line":9,"column":3}},"loc":{"start":{"line":9,"column":54},"end":{"line":21,"column":3}},"line":9}},"branchMap":{"0":{"loc":{"start":{"line":10,"column":4},"end":{"line":20,"column":5}},"type":"if","locations":[{"start":{"line":10,"column":4},"end":{"line":20,"column":5}},{"start":{"line":15,"column":11},"end":{"line":20,"column":5}}],"line":10},"1":{"loc":{"start":{"line":11,"column":6},"end":{"line":13,"column":7}},"type":"if","locations":[{"start":{"line":11,"column":6},"end":{"line":13,"column":7}},{"start":{},"end":{}}],"line":11},"2":{"loc":{"start":{"line":16,"column":6},"end":{"line":18,"column":7}},"type":"if","locations":[{"start":{"line":16,"column":6},"end":{"line":18,"column":7}},{"start":{},"end":{}}],"line":16}},"s":{"0":0,"1":0,"2":0,"3":0,"4":0,"5":0,"6":0},"f":{"0":0},"b":{"0":[0,0],"1":[0,0],"2":[0,0]}}
}
