TN:
SF:components\Alert.tsx
FN:16,Alert
FN:24,(anonymous_1)
FN:34,(anonymous_2)
FN:44,(anonymous_3)
FNF:4
FNH:0
FNDA:0,Alert
FNDA:0,(anonymous_1)
FNDA:0,(anonymous_2)
FNDA:0,(anonymous_3)
DA:24,0
DA:25,0
DA:26,0
DA:27,0
DA:28,0
DA:29,0
DA:30,0
DA:34,0
DA:35,0
DA:36,0
DA:37,0
DA:38,0
DA:39,0
DA:40,0
DA:44,0
DA:45,0
DA:46,0
DA:47,0
DA:48,0
DA:49,0
DA:50,0
DA:54,0
DA:92,0
LF:23
LH:0
BRDA:17,0,0,0
BRDA:25,1,0,0
BRDA:25,1,1,0
BRDA:25,1,2,0
BRDA:25,1,3,0
BRDA:25,1,4,0
BRDA:35,2,0,0
BRDA:35,2,1,0
BRDA:35,2,2,0
BRDA:35,2,3,0
BRDA:35,2,4,0
BRDA:45,3,0,0
BRDA:45,3,1,0
BRDA:45,3,2,0
BRDA:45,3,3,0
BRDA:45,3,4,0
BRDA:71,4,0,0
BRDA:71,4,1,0
BRF:18
BRH:0
end_of_record
TN:
SF:components\Button.tsx
FN:15,Button
FN:28,(anonymous_1)
FN:42,(anonymous_2)
FN:58,(anonymous_3)
FN:72,(anonymous_4)
FN:82,(anonymous_5)
FN:92,(anonymous_6)
FNF:7
FNH:0
FNDA:0,Button
FNDA:0,(anonymous_1)
FNDA:0,(anonymous_2)
FNDA:0,(anonymous_3)
FNDA:0,(anonymous_4)
FNDA:0,(anonymous_5)
FNDA:0,(anonymous_6)
DA:28,0
DA:29,0
DA:31,0
DA:32,0
DA:33,0
DA:34,0
DA:35,0
DA:36,0
DA:37,0
DA:42,0
DA:43,0
DA:44,0
DA:45,0
DA:46,0
DA:47,0
DA:48,0
DA:49,0
DA:50,0
DA:54,0
DA:58,0
DA:59,0
DA:61,0
DA:62,0
DA:63,0
DA:64,0
DA:65,0
DA:66,0
DA:67,0
DA:72,0
DA:73,0
DA:74,0
DA:75,0
DA:76,0
DA:77,0
DA:82,0
DA:83,0
DA:84,0
DA:85,0
DA:86,0
DA:87,0
DA:92,0
DA:93,0
DA:94,0
DA:95,0
DA:96,0
DA:97,0
DA:101,0
DA:150,0
LF:48
LH:0
BRDA:17,0,0,0
BRDA:18,1,0,0
BRDA:20,2,0,0
BRDA:21,3,0,0
BRDA:22,4,0,0
BRDA:29,5,0,0
BRDA:29,5,1,0
BRDA:31,6,0,0
BRDA:31,6,1,0
BRDA:31,6,2,0
BRDA:31,6,3,0
BRDA:31,6,4,0
BRDA:31,6,5,0
BRDA:43,7,0,0
BRDA:43,7,1,0
BRDA:44,8,0,0
BRDA:44,8,1,0
BRDA:44,8,2,0
BRDA:44,8,3,0
BRDA:44,8,4,0
BRDA:44,8,5,0
BRDA:59,9,0,0
BRDA:59,9,1,0
BRDA:61,10,0,0
BRDA:61,10,1,0
BRDA:61,10,2,0
BRDA:61,10,3,0
BRDA:61,10,4,0
BRDA:61,10,5,0
BRDA:73,11,0,0
BRDA:73,11,1,0
BRDA:73,11,2,0
BRDA:73,11,3,0
BRDA:83,12,0,0
BRDA:83,12,1,0
BRDA:83,12,2,0
BRDA:83,12,3,0
BRDA:93,13,0,0
BRDA:93,13,1,0
BRDA:93,13,2,0
BRDA:93,13,3,0
BRDA:108,14,0,0
BRDA:108,14,1,0
BRDA:110,15,0,0
BRDA:110,15,1,0
BRDA:111,16,0,0
BRDA:111,16,1,0
BRDA:115,17,0,0
BRDA:115,17,1,0
BRDA:118,18,0,0
BRDA:118,18,1,0
BRDA:121,19,0,0
BRDA:121,19,1,0
BRDA:125,20,0,0
BRDA:125,20,1,0
BRF:55
BRH:0
end_of_record
TN:
SF:components\ConfirmModal.tsx
FN:19,ConfirmModal
FN:40,(anonymous_1)
FNF:2
FNH:0
FNDA:0,ConfirmModal
FNDA:0,(anonymous_1)
DA:32,0
DA:40,0
DA:80,0
LF:3
LH:0
BRDA:23,0,0,0
BRDA:24,1,0,0
BRDA:30,2,0,0
BRDA:41,3,0,0
BRDA:41,3,1,0
BRDA:42,4,0,0
BRDA:42,4,1,0
BRDA:46,5,0,0
BRDA:46,5,1,0
BRDA:46,6,0,0
BRDA:46,6,1,0
BRDA:66,7,0,0
BRDA:66,7,1,0
BRDA:67,8,0,0
BRDA:67,8,1,0
BRF:15
BRH:0
end_of_record
TN:
SF:components\CustomToggle.tsx
FN:14,(anonymous_0)
FN:26,(anonymous_1)
FN:43,(anonymous_2)
FNF:3
FNH:0
FNDA:0,(anonymous_0)
FNDA:0,(anonymous_1)
FNDA:0,(anonymous_2)
DA:14,0
DA:22,0
DA:23,0
DA:26,0
DA:40,0
DA:43,0
DA:64,0
LF:7
LH:0
BRDA:17,0,0,0
BRDA:20,1,0,0
BRDA:22,2,0,0
BRDA:22,2,1,0
BRDA:25,3,0,0
BRDA:25,3,1,0
BRDA:26,4,0,0
BRDA:26,4,1,0
BRDA:29,5,0,0
BRDA:29,5,1,0
BRDA:31,6,0,0
BRDA:31,6,1,0
BRDA:42,7,0,0
BRDA:42,7,1,0
BRDA:43,8,0,0
BRDA:43,8,1,0
BRDA:47,9,0,0
BRDA:47,9,1,0
BRDA:48,10,0,0
BRDA:48,10,1,0
BRDA:51,11,0,0
BRDA:51,11,1,0
BRDA:52,12,0,0
BRDA:52,12,1,0
BRDA:54,13,0,0
BRDA:54,13,1,0
BRF:26
BRH:0
end_of_record
TN:
SF:components\DebugPanel.tsx
FNF:0
FNH:0
LF:0
LH:0
BRF:0
BRH:0
end_of_record
TN:
SF:components\DeviceList.tsx
FN:13,(anonymous_0)
FN:19,(anonymous_1)
FN:23,(anonymous_2)
FN:36,(anonymous_3)
FN:42,(anonymous_4)
FN:46,(anonymous_5)
FN:52,(anonymous_6)
FN:58,(anonymous_7)
FN:69,(anonymous_8)
FN:72,(anonymous_9)
FN:133,(anonymous_10)
FNF:11
FNH:0
FNDA:0,(anonymous_0)
FNDA:0,(anonymous_1)
FNDA:0,(anonymous_2)
FNDA:0,(anonymous_3)
FNDA:0,(anonymous_4)
FNDA:0,(anonymous_5)
FNDA:0,(anonymous_6)
FNDA:0,(anonymous_7)
FNDA:0,(anonymous_8)
FNDA:0,(anonymous_9)
FNDA:0,(anonymous_10)
DA:13,0
DA:14,0
DA:15,0
DA:16,0
DA:17,0
DA:19,0
DA:20,0
DA:23,0
DA:24,0
DA:25,0
DA:26,0
DA:27,0
DA:28,0
DA:30,0
DA:32,0
DA:36,0
DA:37,0
DA:38,0
DA:39,0
DA:42,0
DA:43,0
DA:46,0
DA:47,0
DA:48,0
DA:49,0
DA:52,0
DA:53,0
DA:54,0
DA:55,0
DA:58,0
DA:59,0
DA:61,0
DA:63,0
DA:65,0
DA:69,0
DA:70,0
DA:72,0
DA:115,0
DA:116,0
DA:124,0
DA:133,0
DA:144,0
LF:42
LH:0
BRDA:47,0,0,0
BRDA:47,0,1,0
BRDA:48,1,0,0
BRDA:48,1,1,0
BRDA:53,2,0,0
BRDA:53,2,1,0
BRDA:54,3,0,0
BRDA:54,3,1,0
BRDA:59,4,0,0
BRDA:59,4,1,0
BRDA:59,4,2,0
BRDA:84,5,0,0
BRDA:84,5,1,0
BRDA:89,6,0,0
BRDA:89,6,1,0
BRDA:102,7,0,0
BRDA:102,7,1,0
BRDA:102,8,0,0
BRDA:102,8,1,0
BRDA:104,9,0,0
BRDA:104,9,1,0
BRDA:115,10,0,0
BRDA:115,10,1,0
BRF:23
BRH:0
end_of_record
TN:
SF:components\EnvironmentAlert.tsx
FN:6,EnvironmentAlert
FN:20,(anonymous_1)
FNF:2
FNH:0
FNDA:0,EnvironmentAlert
FNDA:0,(anonymous_1)
DA:7,0
DA:9,0
DA:10,0
DA:13,0
DA:21,0
DA:30,0
LF:6
LH:0
BRDA:9,0,0,0
BRDA:9,0,1,0
BRF:2
BRH:0
end_of_record
TN:
SF:components\LoggerManager.tsx
FN:27,(anonymous_0)
FN:35,(anonymous_1)
FN:41,(anonymous_2)
FN:54,(anonymous_3)
FN:71,(anonymous_4)
FN:83,(anonymous_5)
FN:92,(anonymous_6)
FN:107,(anonymous_7)
FN:119,(anonymous_8)
FN:123,(anonymous_9)
FN:139,(anonymous_10)
FN:190,(anonymous_11)
FN:196,(anonymous_12)
FN:203,(anonymous_13)
FN:209,(anonymous_14)
FN:216,(anonymous_15)
FN:228,(anonymous_16)
FN:235,(anonymous_17)
FN:269,(anonymous_18)
FN:276,(anonymous_19)
FN:323,(anonymous_20)
FNF:21
FNH:0
FNDA:0,(anonymous_0)
FNDA:0,(anonymous_1)
FNDA:0,(anonymous_2)
FNDA:0,(anonymous_3)
FNDA:0,(anonymous_4)
FNDA:0,(anonymous_5)
FNDA:0,(anonymous_6)
FNDA:0,(anonymous_7)
FNDA:0,(anonymous_8)
FNDA:0,(anonymous_9)
FNDA:0,(anonymous_10)
FNDA:0,(anonymous_11)
FNDA:0,(anonymous_12)
FNDA:0,(anonymous_13)
FNDA:0,(anonymous_14)
FNDA:0,(anonymous_15)
FNDA:0,(anonymous_16)
FNDA:0,(anonymous_17)
FNDA:0,(anonymous_18)
FNDA:0,(anonymous_19)
FNDA:0,(anonymous_20)
DA:27,0
DA:28,0
DA:29,0
DA:30,0
DA:31,0
DA:32,0
DA:33,0
DA:35,0
DA:36,0
DA:37,0
DA:41,0
DA:42,0
DA:43,0
DA:44,0
DA:45,0
DA:47,0
DA:48,0
DA:50,0
DA:54,0
DA:55,0
DA:56,0
DA:57,0
DA:58,0
DA:64,0
DA:71,0
DA:76,0
DA:78,0
DA:79,0
DA:83,0
DA:84,0
DA:93,0
DA:94,0
DA:95,0
DA:96,0
DA:97,0
DA:99,0
DA:107,0
DA:108,0
DA:109,0
DA:110,0
DA:111,0
DA:112,0
DA:113,0
DA:115,0
DA:119,0
DA:120,0
DA:122,0
DA:123,0
DA:124,0
DA:125,0
DA:126,0
DA:129,0
DA:139,0
DA:140,0
DA:142,0
DA:190,0
DA:191,0
DA:193,0
DA:197,0
DA:203,0
DA:204,0
DA:206,0
DA:210,0
DA:216,0
DA:217,0
DA:225,0
DA:229,0
DA:235,0
DA:249,0
DA:269,0
DA:277,0
DA:278,0
DA:279,0
DA:281,0
DA:323,0
DA:344,0
LF:76
LH:0
BRDA:36,0,0,0
BRDA:36,0,1,0
BRDA:120,1,0,0
BRDA:120,1,1,0
BRDA:124,2,0,0
BRDA:124,2,1,0
BRDA:125,3,0,0
BRDA:125,3,1,0
BRDA:140,4,0,0
BRDA:140,4,1,0
BRDA:154,5,0,0
BRDA:154,5,1,0
BRDA:161,6,0,0
BRDA:161,6,1,0
BRDA:168,7,0,0
BRDA:168,7,1,0
BRDA:174,8,0,0
BRDA:174,8,1,0
BRDA:181,9,0,0
BRDA:181,9,1,0
BRDA:183,10,0,0
BRDA:183,10,1,0
BRDA:191,11,0,0
BRDA:191,11,1,0
BRDA:204,12,0,0
BRDA:204,12,1,0
BRDA:233,13,0,0
BRDA:233,13,1,0
BRDA:239,14,0,0
BRDA:239,14,1,0
BRDA:317,15,0,0
BRDA:317,15,1,0
BRF:32
BRH:0
end_of_record
TN:
SF:components\MockModeIndicator.tsx
FN:5,(anonymous_0)
FNF:1
FNH:0
FNDA:0,(anonymous_0)
DA:5,0
DA:6,0
DA:8,0
DA:10,0
DA:17,0
LF:5
LH:0
BRDA:8,0,0,0
BRDA:8,0,1,0
BRF:2
BRH:0
end_of_record
TN:
SF:components\RestartRouterButton.tsx
FN:10,(anonymous_0)
FN:13,(anonymous_1)
FN:28,(anonymous_2)
FNF:3
FNH:0
FNDA:0,(anonymous_0)
FNDA:0,(anonymous_1)
FNDA:0,(anonymous_2)
DA:10,0
DA:11,0
DA:13,0
DA:14,0
DA:28,0
DA:29,0
DA:30,0
DA:31,0
DA:33,0
DA:39,0
DA:41,0
DA:45,0
DA:46,0
DA:49,0
DA:69,0
LF:15
LH:0
BRDA:34,0,0,0
BRDA:34,0,1,0
BRDA:35,1,0,0
BRDA:35,1,1,0
BRDA:45,2,0,0
BRDA:45,2,1,0
BRDA:56,3,0,0
BRDA:56,3,1,0
BRF:8
BRH:0
end_of_record
TN:
SF:components\TextInput.tsx
FN:14,TextInput
FN:53,(anonymous_1)
FN:54,(anonymous_2)
FN:62,(anonymous_3)
FNF:4
FNH:0
FNDA:0,TextInput
FNDA:0,(anonymous_1)
FNDA:0,(anonymous_2)
FNDA:0,(anonymous_3)
DA:24,0
DA:25,0
DA:27,0
DA:53,0
DA:54,0
DA:62,0
DA:89,0
LF:7
LH:0
BRDA:29,0,0,0
BRDA:29,0,1,0
BRDA:34,1,0,0
BRDA:34,1,1,0
BRDA:35,2,0,0
BRDA:35,2,1,0
BRDA:38,3,0,0
BRDA:38,3,1,0
BRDA:50,4,0,0
BRDA:50,4,1,0
BRDA:51,5,0,0
BRDA:51,5,1,0
BRDA:55,6,0,0
BRDA:55,6,1,0
BRDA:60,7,0,0
BRDA:60,7,1,0
BRDA:66,8,0,0
BRDA:66,8,1,0
BRDA:73,9,0,0
BRDA:73,9,1,0
BRDA:73,9,2,0
BRDA:84,10,0,0
BRDA:84,10,1,0
BRF:23
BRH:0
end_of_record
TN:
SF:screens\DeviceControlScreen.tsx
FN:15,DeviceControlScreen
FN:23,(anonymous_1)
FN:71,(anonymous_2)
FN:75,(anonymous_3)
FN:92,(anonymous_4)
FN:124,(anonymous_5)
FN:130,(anonymous_6)
FN:152,(anonymous_7)
FN:165,(anonymous_8)
FN:171,(anonymous_9)
FN:177,(anonymous_10)
FN:183,(anonymous_11)
FN:185,(anonymous_12)
FN:192,(anonymous_13)
FN:211,(anonymous_14)
FN:233,(anonymous_15)
FN:295,(anonymous_16)
FN:318,(anonymous_17)
FN:370,(anonymous_18)
FN:379,(anonymous_19)
FN:424,(anonymous_20)
FNF:21
FNH:0
FNDA:0,DeviceControlScreen
FNDA:0,(anonymous_1)
FNDA:0,(anonymous_2)
FNDA:0,(anonymous_3)
FNDA:0,(anonymous_4)
FNDA:0,(anonymous_5)
FNDA:0,(anonymous_6)
FNDA:0,(anonymous_7)
FNDA:0,(anonymous_8)
FNDA:0,(anonymous_9)
FNDA:0,(anonymous_10)
FNDA:0,(anonymous_11)
FNDA:0,(anonymous_12)
FNDA:0,(anonymous_13)
FNDA:0,(anonymous_14)
FNDA:0,(anonymous_15)
FNDA:0,(anonymous_16)
FNDA:0,(anonymous_17)
FNDA:0,(anonymous_18)
FNDA:0,(anonymous_19)
FNDA:0,(anonymous_20)
DA:16,0
DA:17,0
DA:18,0
DA:21,0
DA:23,0
DA:25,0
DA:26,0
DA:27,0
DA:28,0
DA:29,0
DA:30,0
DA:35,0
DA:36,0
DA:39,0
DA:40,0
DA:47,0
DA:48,0
DA:49,0
DA:52,0
DA:53,0
DA:56,0
DA:57,0
DA:58,0
DA:59,0
DA:60,0
DA:61,0
DA:71,0
DA:75,0
DA:76,0
DA:77,0
DA:78,0
DA:79,0
DA:80,0
DA:82,0
DA:85,0
DA:86,0
DA:88,0
DA:92,0
DA:93,0
DA:94,0
DA:97,0
DA:99,0
DA:100,0
DA:101,0
DA:102,0
DA:104,0
DA:108,0
DA:109,0
DA:110,0
DA:111,0
DA:113,0
DA:117,0
DA:118,0
DA:120,0
DA:124,0
DA:125,0
DA:126,0
DA:127,0
DA:128,0
DA:130,0
DA:132,0
DA:139,0
DA:140,0
DA:142,0
DA:145,0
DA:146,0
DA:148,0
DA:152,0
DA:153,0
DA:165,0
DA:166,0
DA:167,0
DA:168,0
DA:171,0
DA:172,0
DA:173,0
DA:174,0
DA:177,0
DA:178,0
DA:179,0
DA:180,0
DA:183,0
DA:184,0
DA:186,0
DA:192,0
DA:211,0
DA:212,0
DA:213,0
DA:214,0
DA:215,0
DA:216,0
DA:220,0
DA:233,0
DA:295,0
DA:318,0
DA:370,0
DA:379,0
DA:424,0
DA:435,0
LF:99
LH:0
BRDA:26,0,0,0
BRDA:26,0,1,0
BRDA:26,1,0,0
BRDA:26,1,1,0
BRDA:36,2,0,0
BRDA:36,2,1,0
BRDA:39,3,0,0
BRDA:39,3,1,0
BRDA:47,4,0,0
BRDA:47,4,1,0
BRDA:47,4,2,0
BRDA:79,5,0,0
BRDA:79,5,1,0
BRDA:97,6,0,0
BRDA:97,6,1,0
BRDA:100,7,0,0
BRDA:100,7,1,0
BRDA:109,8,0,0
BRDA:109,8,1,0
BRDA:139,9,0,0
BRDA:139,9,1,0
BRDA:154,10,0,0
BRDA:154,10,1,0
BRDA:155,11,0,0
BRDA:155,11,1,0
BRDA:156,12,0,0
BRDA:156,12,1,0
BRDA:156,12,2,0
BRDA:157,13,0,0
BRDA:157,13,1,0
BRDA:157,13,2,0
BRDA:172,14,0,0
BRDA:172,14,1,0
BRDA:178,15,0,0
BRDA:178,15,1,0
BRDA:190,16,0,0
BRDA:190,16,1,0
BRDA:200,17,0,0
BRDA:200,17,1,0
BRDA:213,18,0,0
BRDA:213,18,1,0
BRDA:223,19,0,0
BRDA:223,19,1,0
BRDA:246,20,0,0
BRDA:246,20,1,0
BRDA:248,21,0,0
BRDA:248,21,1,0
BRDA:253,22,0,0
BRDA:253,22,1,0
BRDA:253,22,2,0
BRDA:258,23,0,0
BRDA:258,23,1,0
BRDA:273,24,0,0
BRDA:273,24,1,0
BRDA:290,25,0,0
BRDA:290,25,1,0
BRDA:291,26,0,0
BRDA:291,26,1,0
BRDA:297,27,0,0
BRDA:297,27,1,0
BRDA:302,28,0,0
BRDA:302,28,1,0
BRDA:312,29,0,0
BRDA:312,29,1,0
BRDA:339,30,0,0
BRDA:339,30,1,0
BRDA:345,31,0,0
BRDA:345,31,1,0
BRDA:350,32,0,0
BRDA:350,32,1,0
BRDA:350,33,0,0
BRDA:350,33,1,0
BRDA:364,34,0,0
BRDA:364,34,1,0
BRDA:390,35,0,0
BRDA:390,35,1,0
BRDA:400,36,0,0
BRDA:400,36,1,0
BRDA:410,37,0,0
BRDA:410,37,1,0
BRF:80
BRH:0
end_of_record
TN:
SF:screens\DeviceSelectionScreen.tsx
FN:12,DeviceSelectionScreen
FN:23,(anonymous_1)
FN:27,(anonymous_2)
FN:46,(anonymous_3)
FN:47,(anonymous_4)
FN:51,(anonymous_5)
FN:60,(anonymous_6)
FN:93,(anonymous_7)
FN:151,(anonymous_8)
FNF:9
FNH:0
FNDA:0,DeviceSelectionScreen
FNDA:0,(anonymous_1)
FNDA:0,(anonymous_2)
FNDA:0,(anonymous_3)
FNDA:0,(anonymous_4)
FNDA:0,(anonymous_5)
FNDA:0,(anonymous_6)
FNDA:0,(anonymous_7)
FNDA:0,(anonymous_8)
DA:13,0
DA:14,0
DA:15,0
DA:16,0
DA:17,0
DA:18,0
DA:21,0
DA:23,0
DA:24,0
DA:27,0
DA:28,0
DA:29,0
DA:30,0
DA:31,0
DA:32,0
DA:35,0
DA:36,0
DA:39,0
DA:40,0
DA:42,0
DA:46,0
DA:47,0
DA:48,0
DA:51,0
DA:52,0
DA:53,0
DA:54,0
DA:57,0
DA:60,0
DA:61,0
DA:81,0
DA:93,0
DA:152,0
DA:195,0
LF:34
LH:0
BRDA:35,0,0,0
BRDA:35,0,1,0
BRDA:48,1,0,0
BRDA:48,1,1,0
BRDA:52,2,0,0
BRDA:52,2,1,0
BRDA:64,3,0,0
BRDA:64,3,1,0
BRDA:69,4,0,0
BRDA:69,4,1,0
BRDA:69,4,2,0
BRDA:76,5,0,0
BRDA:76,5,1,0
BRDA:84,6,0,0
BRDA:84,6,1,0
BRDA:111,7,0,0
BRDA:111,7,1,0
BRDA:116,8,0,0
BRDA:116,8,1,0
BRDA:124,9,0,0
BRDA:124,9,1,0
BRDA:142,10,0,0
BRDA:142,10,1,0
BRDA:154,11,0,0
BRDA:154,11,1,0
BRDA:154,11,2,0
BRDA:162,12,0,0
BRDA:162,12,1,0
BRF:28
BRH:0
end_of_record
TN:
SF:screens\DeviceTrafficScreen.tsx
FN:10,DeviceTrafficScreen
FN:24,(anonymous_1)
FN:30,(anonymous_2)
FN:44,(anonymous_3)
FN:52,(anonymous_4)
FN:67,(anonymous_5)
FNF:6
FNH:0
FNDA:0,DeviceTrafficScreen
FNDA:0,(anonymous_1)
FNDA:0,(anonymous_2)
FNDA:0,(anonymous_3)
FNDA:0,(anonymous_4)
FNDA:0,(anonymous_5)
DA:11,0
DA:12,0
DA:13,0
DA:14,0
DA:15,0
DA:18,0
DA:19,0
DA:22,0
DA:24,0
DA:25,0
DA:26,0
DA:30,0
DA:31,0
DA:33,0
DA:34,0
DA:35,0
DA:36,0
DA:38,0
DA:40,0
DA:44,0
DA:45,0
DA:46,0
DA:47,0
DA:48,0
DA:49,0
DA:52,0
DA:53,0
DA:56,0
DA:57,0
DA:64,0
DA:67,0
DA:144,0
LF:32
LH:0
BRDA:25,0,0,0
BRDA:25,0,1,0
BRDA:31,1,0,0
BRDA:31,1,1,0
BRDA:45,2,0,0
BRDA:45,2,1,0
BRDA:56,3,0,0
BRDA:56,3,1,0
BRDA:79,4,0,0
BRDA:79,4,1,0
BRDA:84,5,0,0
BRDA:84,5,1,0
BRDA:89,6,0,0
BRDA:89,6,1,0
BRF:14
BRH:0
end_of_record
TN:
SF:screens\DevicesScreen.tsx
FN:11,DevicesScreen
FN:19,(anonymous_1)
FN:33,(anonymous_2)
FN:52,(anonymous_3)
FNF:4
FNH:0
FNDA:0,DevicesScreen
FNDA:0,(anonymous_1)
FNDA:0,(anonymous_2)
FNDA:0,(anonymous_3)
DA:12,0
DA:13,0
DA:14,0
DA:17,0
DA:19,0
DA:20,0
DA:23,0
DA:33,0
DA:52,0
DA:66,0
LF:10
LH:0
BRDA:26,0,0,0
BRDA:26,0,1,0
BRDA:51,1,0,0
BRDA:51,1,1,0
BRF:4
BRH:0
end_of_record
TN:
SF:screens\HomeScreen.tsx
FN:15,HomeScreen
FN:32,(anonymous_1)
FN:36,(anonymous_2)
FN:81,(anonymous_3)
FN:86,(anonymous_4)
FN:94,(anonymous_5)
FN:99,(anonymous_6)
FN:103,(anonymous_7)
FN:125,(anonymous_8)
FN:138,(anonymous_9)
FN:156,(anonymous_10)
FN:173,(anonymous_11)
FN:191,(anonymous_12)
FN:194,(anonymous_13)
FN:220,(anonymous_14)
FNF:15
FNH:0
FNDA:0,HomeScreen
FNDA:0,(anonymous_1)
FNDA:0,(anonymous_2)
FNDA:0,(anonymous_3)
FNDA:0,(anonymous_4)
FNDA:0,(anonymous_5)
FNDA:0,(anonymous_6)
FNDA:0,(anonymous_7)
FNDA:0,(anonymous_8)
FNDA:0,(anonymous_9)
FNDA:0,(anonymous_10)
FNDA:0,(anonymous_11)
FNDA:0,(anonymous_12)
FNDA:0,(anonymous_13)
FNDA:0,(anonymous_14)
DA:16,0
DA:17,0
DA:18,0
DA:19,0
DA:20,0
DA:27,0
DA:28,0
DA:30,0
DA:32,0
DA:33,0
DA:36,0
DA:37,0
DA:38,0
DA:40,0
DA:41,0
DA:42,0
DA:43,0
DA:44,0
DA:46,0
DA:48,0
DA:49,0
DA:50,0
DA:52,0
DA:58,0
DA:60,0
DA:61,0
DA:63,0
DA:66,0
DA:68,0
DA:69,0
DA:72,0
DA:73,0
DA:74,0
DA:76,0
DA:77,0
DA:81,0
DA:82,0
DA:84,0
DA:86,0
DA:88,0
DA:94,0
DA:99,0
DA:104,0
DA:105,0
DA:107,0
DA:108,0
DA:109,0
DA:111,0
DA:125,0
DA:127,0
DA:139,0
DA:140,0
DA:141,0
DA:142,0
DA:143,0
DA:148,0
DA:150,0
DA:156,0
DA:166,0
DA:167,0
DA:173,0
DA:182,0
DA:191,0
DA:192,0
DA:194,0
DA:205,0
DA:221,0
DA:223,0
DA:238,0
DA:343,0
LF:70
LH:0
BRDA:30,0,0,0
BRDA:30,0,1,0
BRDA:46,1,0,0
BRDA:46,1,1,0
BRDA:53,2,0,0
BRDA:53,2,1,0
BRDA:54,3,0,0
BRDA:54,3,1,0
BRDA:55,4,0,0
BRDA:55,4,1,0
BRDA:60,5,0,0
BRDA:60,5,1,0
BRDA:84,6,0,0
BRDA:84,6,1,0
BRDA:142,7,0,0
BRDA:142,7,1,0
BRDA:195,8,0,0
BRDA:195,8,1,0
BRDA:209,9,0,0
BRDA:209,9,1,0
BRDA:221,10,0,0
BRDA:221,10,1,0
BRDA:250,11,0,0
BRDA:250,11,1,0
BRDA:253,12,0,0
BRDA:253,12,1,0
BRDA:255,13,0,0
BRDA:255,13,1,0
BRDA:258,14,0,0
BRDA:258,14,1,0
BRDA:261,15,0,0
BRDA:261,15,1,0
BRDA:267,16,0,0
BRDA:267,16,1,0
BRDA:326,17,0,0
BRDA:326,17,1,0
BRF:36
BRH:0
end_of_record
TN:
SF:screens\SettingsScreen.tsx
FN:17,SettingsScreen
FN:37,(anonymous_1)
FN:41,(anonymous_2)
FN:74,(anonymous_3)
FN:86,(anonymous_4)
FN:109,(anonymous_5)
FN:147,(anonymous_6)
FN:167,(anonymous_7)
FN:197,(anonymous_8)
FN:207,(anonymous_9)
FN:220,(anonymous_10)
FN:327,(anonymous_11)
FNF:12
FNH:0
FNDA:0,SettingsScreen
FNDA:0,(anonymous_1)
FNDA:0,(anonymous_2)
FNDA:0,(anonymous_3)
FNDA:0,(anonymous_4)
FNDA:0,(anonymous_5)
FNDA:0,(anonymous_6)
FNDA:0,(anonymous_7)
FNDA:0,(anonymous_8)
FNDA:0,(anonymous_9)
FNDA:0,(anonymous_10)
FNDA:0,(anonymous_11)
DA:18,0
DA:19,0
DA:20,0
DA:21,0
DA:22,0
DA:23,0
DA:26,0
DA:27,0
DA:28,0
DA:31,0
DA:32,0
DA:35,0
DA:37,0
DA:38,0
DA:41,0
DA:42,0
DA:43,0
DA:44,0
DA:47,0
DA:48,0
DA:49,0
DA:50,0
DA:51,0
DA:54,0
DA:55,0
DA:57,0
DA:58,0
DA:60,0
DA:66,0
DA:67,0
DA:68,0
DA:70,0
DA:74,0
DA:75,0
DA:76,0
DA:78,0
DA:79,0
DA:80,0
DA:81,0
DA:85,0
DA:86,0
DA:87,0
DA:88,0
DA:91,0
DA:97,0
DA:98,0
DA:100,0
DA:102,0
DA:103,0
DA:105,0
DA:109,0
DA:110,0
DA:111,0
DA:112,0
DA:113,0
DA:114,0
DA:115,0
DA:120,0
DA:122,0
DA:127,0
DA:130,0
DA:131,0
DA:137,0
DA:141,0
DA:142,0
DA:147,0
DA:162,0
DA:167,0
DA:198,0
DA:199,0
DA:208,0
DA:209,0
DA:210,0
DA:211,0
DA:221,0
DA:222,0
DA:328,0
DA:329,0
DA:336,0
LF:79
LH:0
BRDA:49,0,0,0
BRDA:49,0,1,0
BRDA:50,1,0,0
BRDA:50,1,1,0
BRDA:51,2,0,0
BRDA:51,2,1,0
BRDA:61,3,0,0
BRDA:61,3,1,0
BRDA:62,4,0,0
BRDA:62,4,1,0
BRDA:79,5,0,0
BRDA:79,5,1,0
BRDA:86,6,0,0
BRDA:86,6,1,0
BRDA:86,7,0,0
BRDA:86,7,1,0
BRDA:113,8,0,0
BRDA:113,8,1,0
BRDA:117,9,0,0
BRDA:117,9,1,0
BRDA:141,10,0,0
BRDA:141,10,1,0
BRDA:185,11,0,0
BRDA:185,11,1,0
BRDA:199,12,0,0
BRDA:199,12,1,0
BRDA:207,13,0,0
BRDA:210,14,0,0
BRDA:210,14,1,0
BRDA:272,15,0,0
BRDA:272,15,1,0
BRDA:277,16,0,0
BRDA:277,16,1,0
BRDA:291,17,0,0
BRDA:291,17,1,0
BRDA:296,18,0,0
BRDA:296,18,1,0
BRDA:319,19,0,0
BRDA:319,19,1,0
BRF:39
BRH:0
end_of_record
TN:
SF:screens\debug\DebugScreen.tsx
FN:34,(anonymous_0)
FN:45,(anonymous_1)
FN:49,(anonymous_2)
FN:84,(anonymous_3)
FN:99,(anonymous_4)
FN:113,(anonymous_5)
FN:121,(anonymous_6)
FN:122,(anonymous_7)
FN:131,(anonymous_8)
FN:142,(anonymous_9)
FN:149,(anonymous_10)
FN:158,(anonymous_11)
FN:172,(anonymous_12)
FN:182,(anonymous_13)
FN:183,(anonymous_14)
FN:300,(anonymous_15)
FN:324,(anonymous_16)
FN:328,(anonymous_17)
FNF:18
FNH:0
FNDA:0,(anonymous_0)
FNDA:0,(anonymous_1)
FNDA:0,(anonymous_2)
FNDA:0,(anonymous_3)
FNDA:0,(anonymous_4)
FNDA:0,(anonymous_5)
FNDA:0,(anonymous_6)
FNDA:0,(anonymous_7)
FNDA:0,(anonymous_8)
FNDA:0,(anonymous_9)
FNDA:0,(anonymous_10)
FNDA:0,(anonymous_11)
FNDA:0,(anonymous_12)
FNDA:0,(anonymous_13)
FNDA:0,(anonymous_14)
FNDA:0,(anonymous_15)
FNDA:0,(anonymous_16)
FNDA:0,(anonymous_17)
DA:34,0
DA:35,0
DA:36,0
DA:37,0
DA:38,0
DA:39,0
DA:40,0
DA:41,0
DA:42,0
DA:43,0
DA:45,0
DA:46,0
DA:49,0
DA:50,0
DA:52,0
DA:53,0
DA:54,0
DA:55,0
DA:56,0
DA:57,0
DA:61,0
DA:62,0
DA:65,0
DA:66,0
DA:69,0
DA:70,0
DA:73,0
DA:74,0
DA:77,0
DA:80,0
DA:84,0
DA:85,0
DA:86,0
DA:87,0
DA:90,0
DA:91,0
DA:92,0
DA:93,0
DA:95,0
DA:99,0
DA:105,0
DA:107,0
DA:109,0
DA:113,0
DA:114,0
DA:115,0
DA:117,0
DA:121,0
DA:122,0
DA:127,0
DA:131,0
DA:132,0
DA:133,0
DA:138,0
DA:142,0
DA:145,0
DA:146,0
DA:149,0
DA:150,0
DA:159,0
DA:160,0
DA:161,0
DA:162,0
DA:164,0
DA:172,0
DA:173,0
DA:174,0
DA:175,0
DA:176,0
DA:178,0
DA:182,0
DA:183,0
DA:185,0
DA:300,0
DA:325,0
DA:328,0
DA:344,0
LF:77
LH:0
BRDA:53,0,0,0
BRDA:53,0,1,0
BRDA:55,1,0,0
BRDA:55,1,1,0
BRDA:56,2,0,0
BRDA:56,2,1,0
BRDA:57,3,0,0
BRDA:57,3,1,0
BRDA:85,4,0,0
BRDA:85,4,1,0
BRDA:92,5,0,0
BRDA:92,5,1,0
BRDA:92,6,0,0
BRDA:92,6,1,0
BRDA:182,7,0,0
BRDA:182,7,1,0
BRDA:183,8,0,0
BRDA:183,8,1,0
BRDA:217,9,0,0
BRDA:217,9,1,0
BRDA:232,10,0,0
BRDA:232,10,1,0
BRDA:240,11,0,0
BRDA:240,11,1,0
BRDA:247,12,0,0
BRDA:247,12,1,0
BRDA:258,13,0,0
BRDA:258,13,1,0
BRDA:262,14,0,0
BRDA:262,14,1,0
BRDA:267,15,0,0
BRDA:267,15,1,0
BRDA:291,16,0,0
BRDA:291,16,1,0
BRDA:321,17,0,0
BRDA:321,17,1,0
BRF:36
BRH:0
end_of_record
TN:
SF:screens\debug\SentryDebugScreen.tsx
FN:5,(anonymous_0)
FN:6,(anonymous_1)
FN:13,(anonymous_2)
FN:20,(anonymous_3)
FN:31,(anonymous_4)
FN:37,(anonymous_5)
FNF:6
FNH:0
FNDA:0,(anonymous_0)
FNDA:0,(anonymous_1)
FNDA:0,(anonymous_2)
FNDA:0,(anonymous_3)
FNDA:0,(anonymous_4)
FNDA:0,(anonymous_5)
DA:5,0
DA:6,0
DA:7,0
DA:13,0
DA:14,0
DA:20,0
DA:21,0
DA:22,0
DA:24,0
DA:31,0
DA:33,0
DA:34,0
DA:37,0
DA:38,0
DA:43,0
DA:46,0
DA:57,0
LF:17
LH:0
BRF:0
BRH:0
end_of_record
TN:
SF:screens\diagnostics\DiagnosticsScreen.tsx
FN:28,DiagnosticsScreen
FN:49,(anonymous_1)
FN:53,(anonymous_2)
FN:79,(anonymous_3)
FN:85,(anonymous_4)
FN:111,(anonymous_5)
FN:122,(anonymous_6)
FN:135,(anonymous_7)
FN:165,(anonymous_8)
FN:193,(anonymous_9)
FN:210,(anonymous_10)
FN:229,(anonymous_11)
FN:237,(anonymous_12)
FN:245,(anonymous_13)
FN:280,(anonymous_14)
FN:291,(anonymous_15)
FN:373,(anonymous_16)
FN:379,(anonymous_17)
FNF:18
FNH:0
FNDA:0,DiagnosticsScreen
FNDA:0,(anonymous_1)
FNDA:0,(anonymous_2)
FNDA:0,(anonymous_3)
FNDA:0,(anonymous_4)
FNDA:0,(anonymous_5)
FNDA:0,(anonymous_6)
FNDA:0,(anonymous_7)
FNDA:0,(anonymous_8)
FNDA:0,(anonymous_9)
FNDA:0,(anonymous_10)
FNDA:0,(anonymous_11)
FNDA:0,(anonymous_12)
FNDA:0,(anonymous_13)
FNDA:0,(anonymous_14)
FNDA:0,(anonymous_15)
FNDA:0,(anonymous_16)
FNDA:0,(anonymous_17)
DA:29,0
DA:30,0
DA:31,0
DA:32,0
DA:33,0
DA:36,0
DA:37,0
DA:38,0
DA:41,0
DA:42,0
DA:45,0
DA:46,0
DA:47,0
DA:49,0
DA:50,0
DA:53,0
DA:54,0
DA:55,0
DA:56,0
DA:63,0
DA:64,0
DA:65,0
DA:66,0
DA:68,0
DA:69,0
DA:72,0
DA:73,0
DA:75,0
DA:79,0
DA:80,0
DA:81,0
DA:82,0
DA:85,0
DA:86,0
DA:87,0
DA:88,0
DA:91,0
DA:92,0
DA:94,0
DA:95,0
DA:96,0
DA:98,0
DA:99,0
DA:101,0
DA:104,0
DA:105,0
DA:107,0
DA:111,0
DA:112,0
DA:113,0
DA:114,0
DA:116,0
DA:118,0
DA:122,0
DA:123,0
DA:124,0
DA:126,0
DA:135,0
DA:136,0
DA:140,0
DA:165,0
DA:166,0
DA:173,0
DA:189,0
DA:190,0
DA:193,0
DA:207,0
DA:210,0
DA:229,0
DA:237,0
DA:245,0
DA:281,0
DA:292,0
DA:374,0
DA:379,0
DA:457,0
LF:76
LH:0
BRDA:68,0,0,0
BRDA:68,0,1,0
BRDA:86,1,0,0
BRDA:86,1,1,0
BRDA:86,2,0,0
BRDA:86,2,1,0
BRDA:98,3,0,0
BRDA:98,3,1,0
BRDA:123,4,0,0
BRDA:123,4,1,0
BRDA:123,5,0,0
BRDA:123,5,1,0
BRDA:124,6,0,0
BRDA:124,6,1,0
BRDA:130,7,0,0
BRDA:130,7,1,0
BRDA:136,8,0,0
BRDA:136,8,1,0
BRDA:137,9,0,0
BRDA:137,9,1,0
BRDA:137,9,2,0
BRDA:138,10,0,0
BRDA:138,10,1,0
BRDA:147,11,0,0
BRDA:147,11,1,0
BRDA:152,12,0,0
BRDA:152,12,1,0
BRDA:154,13,0,0
BRDA:154,13,1,0
BRDA:157,14,0,0
BRDA:157,14,1,0
BRDA:189,15,0,0
BRDA:189,15,1,0
BRDA:228,16,0,0
BRDA:228,16,1,0
BRDA:231,17,0,0
BRDA:231,17,1,0
BRDA:236,18,0,0
BRDA:236,18,1,0
BRDA:239,19,0,0
BRDA:239,19,1,0
BRDA:244,20,0,0
BRDA:244,20,1,0
BRDA:247,21,0,0
BRDA:247,21,1,0
BRDA:254,22,0,0
BRDA:254,22,1,0
BRDA:257,23,0,0
BRDA:257,23,1,0
BRDA:273,24,0,0
BRDA:273,24,1,0
BRDA:277,25,0,0
BRDA:277,25,1,0
BRDA:288,26,0,0
BRDA:288,26,1,0
BRDA:300,27,0,0
BRDA:300,27,1,0
BRDA:300,27,2,0
BRDA:307,28,0,0
BRDA:307,28,1,0
BRDA:317,29,0,0
BRDA:317,29,1,0
BRDA:327,30,0,0
BRDA:327,30,1,0
BRDA:339,31,0,0
BRDA:339,31,1,0
BRDA:353,32,0,0
BRDA:353,32,1,0
BRDA:369,33,0,0
BRDA:369,33,1,0
BRDA:374,34,0,0
BRDA:374,34,1,0
BRDA:374,34,2,0
BRDA:388,35,0,0
BRDA:388,35,1,0
BRDA:401,36,0,0
BRDA:401,36,1,0
BRDA:405,37,0,0
BRDA:405,37,1,0
BRDA:416,38,0,0
BRDA:416,38,1,0
BRDA:420,39,0,0
BRDA:420,39,1,0
BRDA:424,40,0,0
BRDA:424,40,1,0
BRDA:426,41,0,0
BRDA:426,41,1,0
BRDA:432,42,0,0
BRDA:432,42,1,0
BRF:89
BRH:0
end_of_record
TN:
SF:screens\firewall\PortForwardingScreen.tsx
FN:28,PortForwardingScreen
FN:57,(anonymous_1)
FN:61,(anonymous_2)
FN:93,(anonymous_3)
FN:114,(anonymous_4)
FN:153,(anonymous_5)
FN:174,(anonymous_6)
FN:183,(anonymous_7)
FN:201,(anonymous_8)
FN:221,(anonymous_9)
FN:245,(anonymous_10)
FN:269,(anonymous_11)
FN:274,(anonymous_12)
FN:277,(anonymous_13)
FN:283,(anonymous_14)
FN:285,(anonymous_15)
FN:285,(anonymous_16)
FN:300,(anonymous_17)
FN:306,(anonymous_18)
FN:318,(anonymous_19)
FN:335,(anonymous_20)
FN:347,(anonymous_21)
FN:355,(anonymous_22)
FN:363,(anonymous_23)
FN:379,(anonymous_24)
FN:391,(anonymous_25)
FN:409,(anonymous_26)
FN:425,(anonymous_27)
FN:443,(anonymous_28)
FN:460,(anonymous_29)
FN:478,(anonymous_30)
FN:496,(anonymous_31)
FN:532,(anonymous_32)
FN:552,(anonymous_33)
FN:561,(anonymous_34)
FN:605,(anonymous_35)
FNF:36
FNH:0
FNDA:0,PortForwardingScreen
FNDA:0,(anonymous_1)
FNDA:0,(anonymous_2)
FNDA:0,(anonymous_3)
FNDA:0,(anonymous_4)
FNDA:0,(anonymous_5)
FNDA:0,(anonymous_6)
FNDA:0,(anonymous_7)
FNDA:0,(anonymous_8)
FNDA:0,(anonymous_9)
FNDA:0,(anonymous_10)
FNDA:0,(anonymous_11)
FNDA:0,(anonymous_12)
FNDA:0,(anonymous_13)
FNDA:0,(anonymous_14)
FNDA:0,(anonymous_15)
FNDA:0,(anonymous_16)
FNDA:0,(anonymous_17)
FNDA:0,(anonymous_18)
FNDA:0,(anonymous_19)
FNDA:0,(anonymous_20)
FNDA:0,(anonymous_21)
FNDA:0,(anonymous_22)
FNDA:0,(anonymous_23)
FNDA:0,(anonymous_24)
FNDA:0,(anonymous_25)
FNDA:0,(anonymous_26)
FNDA:0,(anonymous_27)
FNDA:0,(anonymous_28)
FNDA:0,(anonymous_29)
FNDA:0,(anonymous_30)
FNDA:0,(anonymous_31)
FNDA:0,(anonymous_32)
FNDA:0,(anonymous_33)
FNDA:0,(anonymous_34)
FNDA:0,(anonymous_35)
DA:29,0
DA:30,0
DA:31,0
DA:32,0
DA:33,0
DA:36,0
DA:37,0
DA:38,0
DA:41,0
DA:51,0
DA:54,0
DA:55,0
DA:57,0
DA:58,0
DA:61,0
DA:62,0
DA:63,0
DA:64,0
DA:70,0
DA:71,0
DA:72,0
DA:74,0
DA:76,0
DA:77,0
DA:80,0
DA:81,0
DA:84,0
DA:85,0
DA:86,0
DA:94,0
DA:100,0
DA:104,0
DA:110,0
DA:114,0
DA:115,0
DA:117,0
DA:118,0
DA:119,0
DA:129,0
DA:130,0
DA:131,0
DA:132,0
DA:133,0
DA:141,0
DA:143,0
DA:146,0
DA:147,0
DA:149,0
DA:153,0
DA:154,0
DA:156,0
DA:157,0
DA:158,0
DA:159,0
DA:160,0
DA:161,0
DA:162,0
DA:164,0
DA:167,0
DA:168,0
DA:170,0
DA:174,0
DA:175,0
DA:184,0
DA:185,0
DA:186,0
DA:187,0
DA:188,0
DA:190,0
DA:193,0
DA:201,0
DA:202,0
DA:204,0
DA:205,0
DA:206,0
DA:207,0
DA:208,0
DA:209,0
DA:211,0
DA:214,0
DA:215,0
DA:217,0
DA:221,0
DA:222,0
DA:223,0
DA:224,0
DA:225,0
DA:226,0
DA:227,0
DA:228,0
DA:230,0
DA:232,0
DA:235,0
DA:238,0
DA:239,0
DA:241,0
DA:245,0
DA:246,0
DA:247,0
DA:248,0
DA:251,0
DA:252,0
DA:253,0
DA:256,0
DA:257,0
DA:258,0
DA:261,0
DA:262,0
DA:263,0
DA:266,0
DA:269,0
DA:270,0
DA:271,0
DA:273,0
DA:274,0
DA:277,0
DA:278,0
DA:284,0
DA:285,0
DA:286,0
DA:300,0
DA:306,0
DA:314,0
DA:315,0
DA:318,0
DA:332,0
DA:335,0
DA:347,0
DA:355,0
DA:363,0
DA:379,0
DA:391,0
DA:410,0
DA:411,0
DA:413,0
DA:426,0
DA:427,0
DA:428,0
DA:430,0
DA:444,0
DA:445,0
DA:447,0
DA:461,0
DA:462,0
DA:463,0
DA:465,0
DA:479,0
DA:480,0
DA:482,0
DA:497,0
DA:498,0
DA:533,0
DA:553,0
DA:562,0
DA:606,0
DA:637,0
LF:156
LH:0
BRDA:74,0,0,0
BRDA:74,0,1,0
BRDA:80,1,0,0
BRDA:80,1,1,0
BRDA:85,2,0,0
BRDA:85,2,1,0
BRDA:115,3,0,0
BRDA:115,3,1,0
BRDA:130,4,0,0
BRDA:130,4,1,0
BRDA:147,5,0,0
BRDA:147,5,1,0
BRDA:154,6,0,0
BRDA:154,6,1,0
BRDA:154,7,0,0
BRDA:154,7,1,0
BRDA:159,8,0,0
BRDA:159,8,1,0
BRDA:168,9,0,0
BRDA:168,9,1,0
BRDA:186,10,0,0
BRDA:186,10,1,0
BRDA:202,11,0,0
BRDA:202,11,1,0
BRDA:207,12,0,0
BRDA:207,12,1,0
BRDA:215,13,0,0
BRDA:215,13,1,0
BRDA:225,14,0,0
BRDA:225,14,1,0
BRDA:227,15,0,0
BRDA:227,15,1,0
BRDA:228,16,0,0
BRDA:228,16,1,0
BRDA:239,17,0,0
BRDA:239,17,1,0
BRDA:246,18,0,0
BRDA:246,18,1,0
BRDA:246,19,0,0
BRDA:246,19,1,0
BRDA:251,20,0,0
BRDA:251,20,1,0
BRDA:251,21,0,0
BRDA:251,21,1,0
BRDA:251,21,2,0
BRDA:256,22,0,0
BRDA:256,22,1,0
BRDA:256,23,0,0
BRDA:256,23,1,0
BRDA:256,23,2,0
BRDA:261,24,0,0
BRDA:261,24,1,0
BRDA:261,25,0,0
BRDA:261,25,1,0
BRDA:271,26,0,0
BRDA:271,26,1,0
BRDA:274,27,0,0
BRDA:274,27,1,0
BRDA:284,28,0,0
BRDA:284,28,1,0
BRDA:285,29,0,0
BRDA:285,29,1,0
BRDA:314,30,0,0
BRDA:314,30,1,0
BRDA:346,31,0,0
BRDA:346,31,1,0
BRDA:349,32,0,0
BRDA:349,32,1,0
BRDA:354,33,0,0
BRDA:354,33,1,0
BRDA:357,34,0,0
BRDA:357,34,1,0
BRDA:362,35,0,0
BRDA:362,35,1,0
BRDA:365,36,0,0
BRDA:365,36,1,0
BRDA:372,37,0,0
BRDA:372,37,1,0
BRDA:385,38,0,0
BRDA:385,38,1,0
BRDA:398,39,0,0
BRDA:398,39,1,0
BRDA:398,39,2,0
BRDA:401,40,0,0
BRDA:401,40,1,0
BRDA:408,41,0,0
BRDA:408,41,1,0
BRDA:410,42,0,0
BRDA:410,42,1,0
BRDA:424,43,0,0
BRDA:424,43,1,0
BRDA:424,44,0,0
BRDA:424,44,1,0
BRDA:426,45,0,0
BRDA:426,45,1,0
BRDA:427,46,0,0
BRDA:427,46,1,0
BRDA:442,47,0,0
BRDA:442,47,1,0
BRDA:444,48,0,0
BRDA:444,48,1,0
BRDA:459,49,0,0
BRDA:459,49,1,0
BRDA:459,50,0,0
BRDA:459,50,1,0
BRDA:461,51,0,0
BRDA:461,51,1,0
BRDA:462,52,0,0
BRDA:462,52,1,0
BRDA:477,53,0,0
BRDA:477,53,1,0
BRDA:479,54,0,0
BRDA:479,54,1,0
BRDA:504,55,0,0
BRDA:504,55,1,0
BRDA:505,56,0,0
BRDA:505,56,1,0
BRDA:508,57,0,0
BRDA:508,57,1,0
BRDA:512,58,0,0
BRDA:512,58,1,0
BRDA:523,59,0,0
BRDA:523,59,1,0
BRDA:523,59,2,0
BRDA:543,60,0,0
BRDA:543,60,1,0
BRDA:544,61,0,0
BRDA:544,61,1,0
BRDA:545,62,0,0
BRDA:545,62,1,0
BRDA:546,63,0,0
BRDA:546,63,1,0
BRDA:553,64,0,0
BRDA:553,64,1,0
BRDA:562,65,0,0
BRDA:562,65,1,0
BRDA:569,66,0,0
BRDA:569,66,1,0
BRDA:573,67,0,0
BRDA:573,67,1,0
BRDA:586,68,0,0
BRDA:586,68,1,0
BRDA:599,69,0,0
BRDA:599,69,1,0
BRDA:602,70,0,0
BRDA:602,70,1,0
BRDA:611,71,0,0
BRDA:611,71,1,0
BRF:148
BRH:0
end_of_record
TN:
SF:screens\network\NetworkConfigurationScreen.tsx
FN:20,NetworkConfigurationScreen
FN:37,(anonymous_1)
FN:41,(anonymous_2)
FN:83,(anonymous_3)
FN:114,(anonymous_4)
FN:147,(anonymous_5)
FN:168,(anonymous_6)
FN:175,(anonymous_7)
FN:179,(anonymous_8)
FN:197,(anonymous_9)
FN:202,(anonymous_10)
FN:209,(anonymous_11)
FN:226,(anonymous_12)
FN:238,(anonymous_13)
FN:246,(anonymous_14)
FN:254,(anonymous_15)
FN:270,(anonymous_16)
FN:282,(anonymous_17)
FN:293,(anonymous_18)
FN:304,(anonymous_19)
FN:318,(anonymous_20)
FN:329,(anonymous_21)
FN:371,(anonymous_22)
FN:383,(anonymous_23)
FN:397,(anonymous_24)
FNF:25
FNH:0
FNDA:0,NetworkConfigurationScreen
FNDA:0,(anonymous_1)
FNDA:0,(anonymous_2)
FNDA:0,(anonymous_3)
FNDA:0,(anonymous_4)
FNDA:0,(anonymous_5)
FNDA:0,(anonymous_6)
FNDA:0,(anonymous_7)
FNDA:0,(anonymous_8)
FNDA:0,(anonymous_9)
FNDA:0,(anonymous_10)
FNDA:0,(anonymous_11)
FNDA:0,(anonymous_12)
FNDA:0,(anonymous_13)
FNDA:0,(anonymous_14)
FNDA:0,(anonymous_15)
FNDA:0,(anonymous_16)
FNDA:0,(anonymous_17)
FNDA:0,(anonymous_18)
FNDA:0,(anonymous_19)
FNDA:0,(anonymous_20)
FNDA:0,(anonymous_21)
FNDA:0,(anonymous_22)
FNDA:0,(anonymous_23)
FNDA:0,(anonymous_24)
DA:21,0
DA:22,0
DA:23,0
DA:24,0
DA:25,0
DA:28,0
DA:31,0
DA:34,0
DA:35,0
DA:37,0
DA:38,0
DA:41,0
DA:42,0
DA:43,0
DA:45,0
DA:51,0
DA:52,0
DA:53,0
DA:54,0
DA:56,0
DA:57,0
DA:60,0
DA:61,0
DA:64,0
DA:73,0
DA:79,0
DA:83,0
DA:84,0
DA:87,0
DA:88,0
DA:89,0
DA:92,0
DA:93,0
DA:94,0
DA:97,0
DA:98,0
DA:99,0
DA:100,0
DA:101,0
DA:102,0
DA:104,0
DA:107,0
DA:108,0
DA:110,0
DA:114,0
DA:115,0
DA:118,0
DA:119,0
DA:120,0
DA:121,0
DA:124,0
DA:125,0
DA:126,0
DA:130,0
DA:131,0
DA:132,0
DA:133,0
DA:134,0
DA:135,0
DA:137,0
DA:140,0
DA:141,0
DA:143,0
DA:147,0
DA:148,0
DA:149,0
DA:150,0
DA:153,0
DA:157,0
DA:169,0
DA:170,0
DA:171,0
DA:172,0
DA:173,0
DA:175,0
DA:176,0
DA:179,0
DA:183,0
DA:186,0
DA:187,0
DA:189,0
DA:197,0
DA:198,0
DA:199,0
DA:201,0
DA:202,0
DA:205,0
DA:206,0
DA:209,0
DA:223,0
DA:226,0
DA:238,0
DA:246,0
DA:254,0
DA:270,0
DA:282,0
DA:293,0
DA:304,0
DA:318,0
DA:329,0
DA:371,0
DA:383,0
DA:397,0
DA:489,0
LF:104
LH:0
BRDA:56,0,0,0
BRDA:56,0,1,0
BRDA:84,1,0,0
BRDA:84,1,1,0
BRDA:87,2,0,0
BRDA:87,2,1,0
BRDA:87,3,0,0
BRDA:87,3,1,0
BRDA:92,4,0,0
BRDA:92,4,1,0
BRDA:92,5,0,0
BRDA:92,5,1,0
BRDA:100,6,0,0
BRDA:100,6,1,0
BRDA:108,7,0,0
BRDA:108,7,1,0
BRDA:115,8,0,0
BRDA:115,8,1,0
BRDA:118,9,0,0
BRDA:118,9,1,0
BRDA:119,10,0,0
BRDA:119,10,1,0
BRDA:124,11,0,0
BRDA:124,11,1,0
BRDA:124,12,0,0
BRDA:124,12,1,0
BRDA:133,13,0,0
BRDA:133,13,1,0
BRDA:141,14,0,0
BRDA:141,14,1,0
BRDA:148,15,0,0
BRDA:148,15,1,0
BRDA:153,16,0,0
BRDA:153,16,1,0
BRDA:158,17,0,0
BRDA:158,17,1,0
BRDA:167,18,0,0
BRDA:167,18,1,0
BRDA:172,19,0,0
BRDA:172,19,1,0
BRDA:173,20,0,0
BRDA:173,20,1,0
BRDA:187,21,0,0
BRDA:187,21,1,0
BRDA:199,22,0,0
BRDA:199,22,1,0
BRDA:202,23,0,0
BRDA:202,23,1,0
BRDA:205,24,0,0
BRDA:205,24,1,0
BRDA:237,25,0,0
BRDA:237,25,1,0
BRDA:240,26,0,0
BRDA:240,26,1,0
BRDA:245,27,0,0
BRDA:245,27,1,0
BRDA:248,28,0,0
BRDA:248,28,1,0
BRDA:253,29,0,0
BRDA:253,29,1,0
BRDA:256,30,0,0
BRDA:256,30,1,0
BRDA:263,31,0,0
BRDA:263,31,1,0
BRDA:263,31,2,0
BRDA:270,32,0,0
BRDA:270,32,1,0
BRDA:275,33,0,0
BRDA:275,33,1,0
BRDA:304,34,0,0
BRDA:304,34,1,0
BRDA:338,35,0,0
BRDA:338,35,1,0
BRDA:342,36,0,0
BRDA:342,36,1,0
BRDA:353,37,0,0
BRDA:353,37,1,0
BRDA:365,38,0,0
BRDA:365,38,1,0
BRDA:365,38,2,0
BRDA:371,39,0,0
BRDA:371,39,1,0
BRDA:376,40,0,0
BRDA:376,40,1,0
BRDA:409,41,0,0
BRDA:409,41,1,0
BRDA:413,42,0,0
BRDA:413,42,1,0
BRDA:426,43,0,0
BRDA:426,43,1,0
BRDA:433,44,0,0
BRDA:433,44,1,0
BRDA:435,45,0,0
BRDA:435,45,1,0
BRDA:438,46,0,0
BRDA:438,46,1,0
BRDA:443,47,0,0
BRDA:443,47,1,0
BRDA:451,48,0,0
BRDA:451,48,1,0
BRDA:452,49,0,0
BRDA:452,49,1,0
BRDA:455,50,0,0
BRDA:455,50,1,0
BRDA:457,51,0,0
BRDA:457,51,1,0
BRDA:462,52,0,0
BRDA:462,52,1,0
BRDA:467,53,0,0
BRDA:467,53,1,0
BRDA:477,54,0,0
BRDA:477,54,1,0
BRF:112
BRH:0
end_of_record
TN:
SF:screens\wifi\WifiConfigurationScreen.tsx
FN:23,WifiConfigurationScreen
FN:44,(anonymous_1)
FN:48,(anonymous_2)
FN:103,(anonymous_3)
FN:107,(anonymous_4)
FN:115,(anonymous_5)
FN:148,(anonymous_6)
FN:171,(anonymous_7)
FN:191,(anonymous_8)
FN:209,(anonymous_9)
FN:217,(anonymous_10)
FN:246,(anonymous_11)
FN:256,(anonymous_12)
FN:272,(anonymous_13)
FN:291,(anonymous_14)
FN:299,(anonymous_15)
FN:317,(anonymous_16)
FN:333,(anonymous_17)
FN:337,(anonymous_18)
FNF:19
FNH:0
FNDA:0,WifiConfigurationScreen
FNDA:0,(anonymous_1)
FNDA:0,(anonymous_2)
FNDA:0,(anonymous_3)
FNDA:0,(anonymous_4)
FNDA:0,(anonymous_5)
FNDA:0,(anonymous_6)
FNDA:0,(anonymous_7)
FNDA:0,(anonymous_8)
FNDA:0,(anonymous_9)
FNDA:0,(anonymous_10)
FNDA:0,(anonymous_11)
FNDA:0,(anonymous_12)
FNDA:0,(anonymous_13)
FNDA:0,(anonymous_14)
FNDA:0,(anonymous_15)
FNDA:0,(anonymous_16)
FNDA:0,(anonymous_17)
FNDA:0,(anonymous_18)
DA:24,0
DA:25,0
DA:26,0
DA:27,0
DA:28,0
DA:31,0
DA:34,0
DA:35,0
DA:38,0
DA:39,0
DA:42,0
DA:44,0
DA:45,0
DA:48,0
DA:49,0
DA:50,0
DA:52,0
DA:57,0
DA:58,0
DA:61,0
DA:66,0
DA:67,0
DA:69,0
DA:70,0
DA:73,0
DA:74,0
DA:77,0
DA:88,0
DA:99,0
DA:103,0
DA:104,0
DA:107,0
DA:108,0
DA:109,0
DA:111,0
DA:115,0
DA:116,0
DA:117,0
DA:120,0
DA:121,0
DA:122,0
DA:125,0
DA:126,0
DA:127,0
DA:130,0
DA:131,0
DA:132,0
DA:133,0
DA:134,0
DA:136,0
DA:138,0
DA:141,0
DA:142,0
DA:144,0
DA:148,0
DA:149,0
DA:150,0
DA:151,0
DA:152,0
DA:153,0
DA:154,0
DA:155,0
DA:157,0
DA:159,0
DA:162,0
DA:163,0
DA:167,0
DA:168,0
DA:171,0
DA:185,0
DA:186,0
DA:188,0
DA:191,0
DA:209,0
DA:217,0
DA:246,0
DA:256,0
DA:272,0
DA:291,0
DA:299,0
DA:317,0
DA:333,0
DA:338,0
DA:362,0
LF:84
LH:0
BRDA:69,0,0,0
BRDA:69,0,1,0
BRDA:104,1,0,0
BRDA:104,1,1,0
BRDA:108,2,0,0
BRDA:108,2,1,0
BRDA:117,3,0,0
BRDA:117,3,1,0
BRDA:120,4,0,0
BRDA:120,4,1,0
BRDA:120,5,0,0
BRDA:120,5,1,0
BRDA:125,6,0,0
BRDA:125,6,1,0
BRDA:125,7,0,0
BRDA:125,7,1,0
BRDA:125,7,2,0
BRDA:133,8,0,0
BRDA:133,8,1,0
BRDA:142,9,0,0
BRDA:142,9,1,0
BRDA:151,10,0,0
BRDA:151,10,1,0
BRDA:153,11,0,0
BRDA:153,11,1,0
BRDA:157,12,0,0
BRDA:157,12,1,0
BRDA:167,13,0,0
BRDA:167,13,1,0
BRDA:186,14,0,0
BRDA:186,14,1,0
BRDA:196,15,0,0
BRDA:196,15,1,0
BRDA:208,16,0,0
BRDA:208,16,1,0
BRDA:211,17,0,0
BRDA:211,17,1,0
BRDA:216,18,0,0
BRDA:216,18,1,0
BRDA:219,19,0,0
BRDA:219,19,1,0
BRDA:225,20,0,0
BRDA:225,20,1,0
BRDA:233,21,0,0
BRDA:233,21,1,0
BRDA:256,22,0,0
BRDA:256,22,1,0
BRDA:284,23,0,0
BRDA:284,23,1,0
BRDA:302,24,0,0
BRDA:302,24,1,0
BRDA:317,25,0,0
BRDA:317,25,1,0
BRDA:320,26,0,0
BRDA:320,26,1,0
BRF:55
BRH:0
end_of_record
TN:
SF:services\LiveDeviceService.ts
FN:11,(anonymous_0)
FN:17,(anonymous_1)
FN:19,(anonymous_2)
FN:29,(anonymous_3)
FN:66,(anonymous_4)
FN:91,(anonymous_5)
FN:134,(anonymous_6)
FN:135,(anonymous_7)
FN:149,(anonymous_8)
FN:162,(anonymous_9)
FN:180,(anonymous_10)
FN:186,(anonymous_11)
FN:197,(anonymous_12)
FN:223,(anonymous_13)
FN:242,(anonymous_14)
FN:261,(anonymous_15)
FNF:16
FNH:0
FNDA:0,(anonymous_0)
FNDA:0,(anonymous_1)
FNDA:0,(anonymous_2)
FNDA:0,(anonymous_3)
FNDA:0,(anonymous_4)
FNDA:0,(anonymous_5)
FNDA:0,(anonymous_6)
FNDA:0,(anonymous_7)
FNDA:0,(anonymous_8)
FNDA:0,(anonymous_9)
FNDA:0,(anonymous_10)
FNDA:0,(anonymous_11)
FNDA:0,(anonymous_12)
FNDA:0,(anonymous_13)
FNDA:0,(anonymous_14)
FNDA:0,(anonymous_15)
DA:12,0
DA:13,0
DA:14,0
DA:18,0
DA:19,0
DA:20,0
DA:30,0
DA:31,0
DA:40,0
DA:41,0
DA:45,0
DA:47,0
DA:48,0
DA:57,0
DA:59,0
DA:60,0
DA:62,0
DA:67,0
DA:69,0
DA:70,0
DA:73,0
DA:74,0
DA:75,0
DA:79,0
DA:80,0
DA:81,0
DA:85,0
DA:86,0
DA:87,0
DA:91,0
DA:92,0
DA:94,0
DA:95,0
DA:98,0
DA:101,0
DA:102,0
DA:103,0
DA:104,0
DA:106,0
DA:123,0
DA:125,0
DA:126,0
DA:128,0
DA:133,0
DA:134,0
DA:135,0
DA:137,0
DA:138,0
DA:140,0
DA:142,0
DA:143,0
DA:145,0
DA:150,0
DA:158,0
DA:159,0
DA:161,0
DA:162,0
DA:163,0
DA:164,0
DA:165,0
DA:166,0
DA:167,0
DA:168,0
DA:169,0
DA:170,0
DA:171,0
DA:172,0
DA:173,0
DA:177,0
DA:181,0
DA:182,0
DA:183,0
DA:187,0
DA:188,0
DA:189,0
DA:190,0
DA:191,0
DA:192,0
DA:194,0
DA:198,0
DA:199,0
DA:206,0
DA:207,0
DA:210,0
DA:211,0
DA:214,0
DA:216,0
DA:217,0
DA:219,0
DA:224,0
DA:225,0
DA:233,0
DA:235,0
DA:236,0
DA:238,0
DA:243,0
DA:244,0
DA:252,0
DA:254,0
DA:255,0
DA:257,0
DA:262,0
DA:263,0
DA:270,0
DA:271,0
DA:274,0
DA:275,0
DA:278,0
DA:279,0
DA:284,0
DA:285,0
DA:287,0
LF:112
LH:0
BRDA:40,0,0,0
BRDA:40,0,1,0
BRDA:47,1,0,0
BRDA:47,1,1,0
BRDA:59,2,0,0
BRDA:59,2,1,0
BRDA:74,3,0,0
BRDA:74,3,1,0
BRDA:80,4,0,0
BRDA:80,4,1,0
BRDA:86,5,0,0
BRDA:86,5,1,0
BRDA:95,6,0,0
BRDA:95,6,1,0
BRDA:107,7,0,0
BRDA:107,7,1,0
BRDA:113,8,0,0
BRDA:113,8,1,0
BRDA:117,9,0,0
BRDA:117,9,1,0
BRDA:125,10,0,0
BRDA:125,10,1,0
BRDA:137,11,0,0
BRDA:137,11,1,0
BRDA:142,12,0,0
BRDA:142,12,1,0
BRDA:159,13,0,0
BRDA:159,13,1,0
BRDA:164,14,0,0
BRDA:164,14,1,0
BRDA:166,15,0,0
BRDA:166,15,1,0
BRDA:168,16,0,0
BRDA:168,16,1,0
BRDA:170,17,0,0
BRDA:170,17,1,0
BRDA:172,18,0,0
BRDA:172,18,1,0
BRDA:181,19,0,0
BRDA:181,19,1,0
BRDA:183,20,0,0
BRDA:183,20,1,0
BRDA:187,21,0,0
BRDA:187,21,1,0
BRDA:189,22,0,0
BRDA:189,22,1,0
BRDA:189,23,0,0
BRDA:189,23,1,0
BRDA:189,23,2,0
BRDA:191,24,0,0
BRDA:191,24,1,0
BRDA:191,25,0,0
BRDA:191,25,1,0
BRDA:206,26,0,0
BRDA:206,26,1,0
BRDA:210,27,0,0
BRDA:210,27,1,0
BRDA:216,28,0,0
BRDA:216,28,1,0
BRDA:235,29,0,0
BRDA:235,29,1,0
BRDA:254,30,0,0
BRDA:254,30,1,0
BRDA:270,31,0,0
BRDA:270,31,1,0
BRDA:274,32,0,0
BRDA:274,32,1,0
BRDA:284,33,0,0
BRDA:284,33,1,0
BRF:69
BRH:0
end_of_record
TN:
SF:services\LiveRouterService.ts
FN:16,(anonymous_0)
FN:44,(anonymous_1)
FN:46,(anonymous_2)
FN:53,(anonymous_3)
FN:74,(anonymous_4)
FN:106,(anonymous_5)
FN:173,(anonymous_6)
FN:183,(anonymous_7)
FN:187,(anonymous_8)
FN:267,(anonymous_9)
FN:315,(anonymous_10)
FN:339,(anonymous_11)
FN:365,(anonymous_12)
FNF:13
FNH:0
FNDA:0,(anonymous_0)
FNDA:0,(anonymous_1)
FNDA:0,(anonymous_2)
FNDA:0,(anonymous_3)
FNDA:0,(anonymous_4)
FNDA:0,(anonymous_5)
FNDA:0,(anonymous_6)
FNDA:0,(anonymous_7)
FNDA:0,(anonymous_8)
FNDA:0,(anonymous_9)
FNDA:0,(anonymous_10)
FNDA:0,(anonymous_11)
FNDA:0,(anonymous_12)
DA:18,0
DA:19,0
DA:20,0
DA:21,0
DA:23,0
DA:30,0
DA:31,0
DA:45,0
DA:46,0
DA:47,0
DA:54,0
DA:55,0
DA:56,0
DA:58,0
DA:59,0
DA:65,0
DA:66,0
DA:75,0
DA:77,0
DA:80,0
DA:81,0
DA:83,0
DA:84,0
DA:85,0
DA:89,0
DA:99,0
DA:101,0
DA:102,0
DA:108,0
DA:109,0
DA:110,0
DA:117,0
DA:119,0
DA:120,0
DA:128,0
DA:129,0
DA:130,0
DA:139,0
DA:140,0
DA:141,0
DA:147,0
DA:154,0
DA:156,0
DA:157,0
DA:165,0
DA:166,0
DA:173,0
DA:177,0
DA:184,0
DA:188,0
DA:191,0
DA:192,0
DA:193,0
DA:194,0
DA:198,0
DA:200,0
DA:202,0
DA:212,0
DA:218,0
DA:219,0
DA:228,0
DA:229,0
DA:233,0
DA:241,0
DA:242,0
DA:251,0
DA:253,0
DA:254,0
DA:255,0
DA:263,0
DA:268,0
DA:270,0
DA:271,0
DA:272,0
DA:276,0
DA:279,0
DA:280,0
DA:283,0
DA:284,0
DA:286,0
DA:288,0
DA:299,0
DA:303,0
DA:304,0
DA:305,0
DA:308,0
DA:309,0
DA:311,0
DA:312,0
DA:316,0
DA:317,0
DA:319,0
DA:326,0
DA:327,0
DA:329,0
DA:331,0
DA:340,0
DA:342,0
DA:343,0
DA:344,0
DA:348,0
DA:350,0
DA:351,0
DA:354,0
DA:359,0
DA:361,0
DA:362,0
DA:366,0
DA:368,0
DA:369,0
DA:370,0
DA:374,0
DA:377,0
DA:378,0
DA:379,0
DA:382,0
DA:383,0
DA:386,0
DA:394,0
DA:399,0
DA:402,0
DA:403,0
DA:404,0
DA:405,0
DA:406,0
DA:407,0
DA:412,0
DA:413,0
DA:414,0
DA:415,0
DA:416,0
DA:417,0
DA:422,0
DA:423,0
DA:424,0
DA:431,0
DA:432,0
DA:433,0
DA:434,0
DA:437,0
DA:438,0
DA:439,0
DA:440,0
DA:441,0
DA:442,0
DA:443,0
DA:444,0
DA:447,0
DA:448,0
DA:452,0
DA:453,0
DA:458,0
DA:459,0
DA:460,0
DA:462,0
DA:471,0
DA:472,0
DA:475,0
LF:158
LH:0
BRDA:30,0,0,0
BRDA:30,0,1,0
BRDA:58,1,0,0
BRDA:58,1,1,0
BRDA:83,2,0,0
BRDA:83,2,1,0
BRDA:92,3,0,0
BRDA:92,3,1,0
BRDA:94,4,0,0
BRDA:94,4,1,0
BRDA:95,5,0,0
BRDA:95,5,1,0
BRDA:109,6,0,0
BRDA:109,6,1,0
BRDA:119,7,0,0
BRDA:119,7,1,0
BRDA:139,8,0,0
BRDA:139,8,1,0
BRDA:140,9,0,0
BRDA:140,9,1,0
BRDA:156,10,0,0
BRDA:156,10,1,0
BRDA:165,11,0,0
BRDA:165,11,1,0
BRDA:184,12,0,0
BRDA:184,12,1,0
BRDA:192,13,0,0
BRDA:192,13,1,0
BRDA:218,14,0,0
BRDA:218,14,1,0
BRDA:228,15,0,0
BRDA:228,15,1,0
BRDA:241,16,0,0
BRDA:241,16,1,0
BRDA:253,17,0,0
BRDA:253,17,1,0
BRDA:267,18,0,0
BRDA:271,19,0,0
BRDA:271,19,1,0
BRDA:279,20,0,0
BRDA:279,20,1,0
BRDA:279,21,0,0
BRDA:279,21,1,0
BRDA:299,22,0,0
BRDA:299,22,1,0
BRDA:299,22,2,0
BRDA:303,23,0,0
BRDA:303,23,1,0
BRDA:319,24,0,0
BRDA:319,24,1,0
BRDA:343,25,0,0
BRDA:343,25,1,0
BRDA:369,26,0,0
BRDA:369,26,1,0
BRDA:378,27,0,0
BRDA:378,27,1,0
BRDA:404,28,0,0
BRDA:404,28,1,0
BRDA:406,29,0,0
BRDA:406,29,1,0
BRDA:414,30,0,0
BRDA:414,30,1,0
BRDA:416,31,0,0
BRDA:416,31,1,0
BRDA:432,32,0,0
BRDA:432,32,1,0
BRDA:438,33,0,0
BRDA:438,33,1,0
BRDA:440,34,0,0
BRDA:440,34,1,0
BRDA:442,35,0,0
BRDA:442,35,1,0
BRDA:443,36,0,0
BRDA:443,36,1,0
BRDA:447,37,0,0
BRDA:447,37,1,0
BRDA:452,38,0,0
BRDA:452,38,1,0
BRDA:458,39,0,0
BRDA:458,39,1,0
BRDA:459,40,0,0
BRDA:459,40,1,0
BRDA:460,41,0,0
BRDA:460,41,1,0
BRDA:471,42,0,0
BRDA:471,42,1,0
BRDA:479,43,0,0
BRDA:479,43,1,0
BRDA:480,44,0,0
BRDA:480,44,1,0
BRDA:481,45,0,0
BRDA:481,45,1,0
BRF:92
BRH:0
end_of_record
TN:
SF:services\LoggerUtils.ts
FN:13,initializeLogger
FN:67,initializeProductionLogger
FN:81,initializeDevelopmentLogger
FN:95,initializeLoggerWithNetworking
FN:153,initializeLoggerWithCustomFilters
FN:174,initializeTestLogger
FNF:6
FNH:0
FNDA:0,initializeLogger
FNDA:0,initializeProductionLogger
FNDA:0,initializeDevelopmentLogger
FNDA:0,initializeLoggerWithNetworking
FNDA:0,initializeLoggerWithCustomFilters
FNDA:0,initializeTestLogger
DA:14,0
DA:38,0
DA:40,0
DA:41,0
DA:44,0
DA:57,0
DA:59,0
DA:60,0
DA:68,0
DA:82,0
DA:96,0
DA:147,0
DA:156,0
DA:175,0
LF:14
LH:0
BRDA:15,0,0,0
BRDA:15,0,1,0
BRDA:49,1,0,0
BRDA:49,1,1,0
BRF:4
BRH:0
end_of_record
TN:
SF:services\MockDeviceService.ts
FN:20,(anonymous_0)
FN:23,(anonymous_1)
FN:54,(anonymous_2)
FN:65,(anonymous_3)
FN:79,(anonymous_4)
FN:81,(anonymous_5)
FN:93,(anonymous_6)
FN:95,(anonymous_7)
FN:97,(anonymous_8)
FN:101,(anonymous_9)
FN:103,(anonymous_10)
FN:105,(anonymous_11)
FN:118,(anonymous_12)
FN:120,(anonymous_13)
FN:122,(anonymous_14)
FN:136,(anonymous_15)
FN:138,(anonymous_16)
FN:140,(anonymous_17)
FN:159,(anonymous_18)
FN:161,(anonymous_19)
FN:185,(anonymous_20)
FNF:21
FNH:0
FNDA:0,(anonymous_0)
FNDA:0,(anonymous_1)
FNDA:0,(anonymous_2)
FNDA:0,(anonymous_3)
FNDA:0,(anonymous_4)
FNDA:0,(anonymous_5)
FNDA:0,(anonymous_6)
FNDA:0,(anonymous_7)
FNDA:0,(anonymous_8)
FNDA:0,(anonymous_9)
FNDA:0,(anonymous_10)
FNDA:0,(anonymous_11)
FNDA:0,(anonymous_12)
FNDA:0,(anonymous_13)
FNDA:0,(anonymous_14)
FNDA:0,(anonymous_15)
FNDA:0,(anonymous_16)
FNDA:0,(anonymous_17)
FNDA:0,(anonymous_18)
FNDA:0,(anonymous_19)
FNDA:0,(anonymous_20)
DA:6,0
DA:18,0
DA:21,0
DA:23,0
DA:24,0
DA:46,0
DA:47,0
DA:50,0
DA:51,0
DA:55,0
DA:58,0
DA:59,0
DA:60,0
DA:61,0
DA:62,0
DA:66,0
DA:67,0
DA:70,0
DA:72,0
DA:73,0
DA:74,0
DA:75,0
DA:76,0
DA:81,0
DA:83,0
DA:84,0
DA:86,0
DA:87,0
DA:90,0
DA:95,0
DA:97,0
DA:98,0
DA:103,0
DA:105,0
DA:106,0
DA:107,0
DA:108,0
DA:110,0
DA:111,0
DA:113,0
DA:115,0
DA:120,0
DA:122,0
DA:123,0
DA:124,0
DA:125,0
DA:126,0
DA:128,0
DA:129,0
DA:131,0
DA:133,0
DA:138,0
DA:140,0
DA:141,0
DA:144,0
DA:152,0
DA:161,0
DA:163,0
DA:164,0
DA:168,0
DA:185,0
DA:210,0
LF:62
LH:0
BRDA:28,0,0,0
BRDA:28,0,1,0
BRDA:35,1,0,0
BRDA:35,1,1,0
BRDA:37,2,0,0
BRDA:37,2,1,0
BRDA:55,3,0,0
BRDA:55,3,1,0
BRDA:59,4,0,0
BRDA:59,4,1,0
BRDA:60,5,0,0
BRDA:60,5,1,0
BRDA:61,6,0,0
BRDA:61,6,1,0
BRDA:66,7,0,0
BRDA:66,7,1,0
BRDA:66,8,0,0
BRDA:66,8,1,0
BRDA:70,9,0,0
BRDA:70,9,1,0
BRDA:73,10,0,0
BRDA:73,10,1,0
BRDA:74,11,0,0
BRDA:74,11,1,0
BRDA:75,12,0,0
BRDA:75,12,1,0
BRDA:86,13,0,0
BRDA:86,13,1,0
BRDA:98,14,0,0
BRDA:98,14,1,0
BRDA:106,15,0,0
BRDA:106,15,1,0
BRDA:110,16,0,0
BRDA:110,16,1,0
BRDA:123,17,0,0
BRDA:123,17,1,0
BRDA:128,18,0,0
BRDA:128,18,1,0
BRDA:141,19,0,0
BRDA:141,19,1,0
BRDA:163,20,0,0
BRDA:163,20,1,0
BRDA:196,21,0,0
BRDA:196,21,1,0
BRDA:197,22,0,0
BRDA:197,22,1,0
BRDA:199,23,0,0
BRDA:199,23,1,0
BRF:48
BRH:0
end_of_record
TN:
SF:services\MockRouterService.ts
FN:5,(anonymous_0)
FN:11,(anonymous_1)
FN:20,(anonymous_2)
FN:24,(anonymous_3)
FN:30,(anonymous_4)
FN:35,(anonymous_5)
FN:41,(anonymous_6)
FNF:7
FNH:0
FNDA:0,(anonymous_0)
FNDA:0,(anonymous_1)
FNDA:0,(anonymous_2)
FNDA:0,(anonymous_3)
FNDA:0,(anonymous_4)
FNDA:0,(anonymous_5)
FNDA:0,(anonymous_6)
DA:6,0
DA:7,0
DA:11,0
DA:13,0
DA:21,0
DA:25,0
DA:26,0
DA:30,0
DA:32,0
DA:36,0
DA:37,0
DA:41,0
DA:43,0
LF:13
LH:0
BRDA:6,0,0,0
BRDA:6,0,1,0
BRDA:25,1,0,0
BRDA:25,1,1,0
BRDA:36,2,0,0
BRDA:36,2,1,0
BRF:6
BRH:0
end_of_record
TN:
SF:services\RouterConnectionService.ts
FN:24,(anonymous_0)
FN:26,(anonymous_1)
FN:34,(anonymous_2)
FN:68,(anonymous_3)
FN:100,(anonymous_4)
FN:117,(anonymous_5)
FN:178,(anonymous_6)
FN:190,(anonymous_7)
FN:200,(anonymous_8)
FN:222,(anonymous_9)
FN:286,(anonymous_10)
FN:326,(anonymous_11)
FN:346,(anonymous_12)
FN:459,(anonymous_13)
FN:514,(anonymous_14)
FN:566,(anonymous_15)
FN:567,(anonymous_16)
FN:579,(anonymous_17)
FN:592,(anonymous_18)
FN:611,(anonymous_19)
FN:618,(anonymous_20)
FN:658,(anonymous_21)
FN:675,(anonymous_22)
FN:702,(anonymous_23)
FN:713,(anonymous_24)
FN:741,(anonymous_25)
FN:787,(anonymous_26)
FN:810,(anonymous_27)
FN:840,(anonymous_28)
FN:867,(anonymous_29)
FN:897,(anonymous_30)
FN:931,(anonymous_31)
FN:939,(anonymous_32)
FN:950,(anonymous_33)
FN:967,(anonymous_34)
FN:1034,(anonymous_35)
FN:1062,(anonymous_36)
FN:1073,(anonymous_37)
FNF:38
FNH:0
FNDA:0,(anonymous_0)
FNDA:0,(anonymous_1)
FNDA:0,(anonymous_2)
FNDA:0,(anonymous_3)
FNDA:0,(anonymous_4)
FNDA:0,(anonymous_5)
FNDA:0,(anonymous_6)
FNDA:0,(anonymous_7)
FNDA:0,(anonymous_8)
FNDA:0,(anonymous_9)
FNDA:0,(anonymous_10)
FNDA:0,(anonymous_11)
FNDA:0,(anonymous_12)
FNDA:0,(anonymous_13)
FNDA:0,(anonymous_14)
FNDA:0,(anonymous_15)
FNDA:0,(anonymous_16)
FNDA:0,(anonymous_17)
FNDA:0,(anonymous_18)
FNDA:0,(anonymous_19)
FNDA:0,(anonymous_20)
FNDA:0,(anonymous_21)
FNDA:0,(anonymous_22)
FNDA:0,(anonymous_23)
FNDA:0,(anonymous_24)
FNDA:0,(anonymous_25)
FNDA:0,(anonymous_26)
FNDA:0,(anonymous_27)
FNDA:0,(anonymous_28)
FNDA:0,(anonymous_29)
FNDA:0,(anonymous_30)
FNDA:0,(anonymous_31)
FNDA:0,(anonymous_32)
FNDA:0,(anonymous_33)
FNDA:0,(anonymous_34)
FNDA:0,(anonymous_35)
FNDA:0,(anonymous_36)
FNDA:0,(anonymous_37)
DA:13,0
DA:16,0
DA:17,0
DA:25,0
DA:26,0
DA:27,0
DA:35,0
DA:37,0
DA:40,0
DA:41,0
DA:43,0
DA:44,0
DA:45,0
DA:49,0
DA:50,0
DA:60,0
DA:62,0
DA:63,0
DA:69,0
DA:71,0
DA:73,0
DA:75,0
DA:82,0
DA:85,0
DA:86,0
DA:88,0
DA:90,0
DA:101,0
DA:103,0
DA:104,0
DA:108,0
DA:109,0
DA:111,0
DA:112,0
DA:118,0
DA:120,0
DA:121,0
DA:123,0
DA:130,0
DA:131,0
DA:132,0
DA:134,0
DA:142,0
DA:143,0
DA:144,0
DA:146,0
DA:147,0
DA:148,0
DA:159,0
DA:160,0
DA:161,0
DA:167,0
DA:173,0
DA:174,0
DA:179,0
DA:180,0
DA:181,0
DA:182,0
DA:184,0
DA:185,0
DA:192,0
DA:194,0
DA:196,0
DA:201,0
DA:202,0
DA:214,0
DA:223,0
DA:225,0
DA:226,0
DA:227,0
DA:231,0
DA:233,0
DA:234,0
DA:236,0
DA:237,0
DA:244,0
DA:253,0
DA:259,0
DA:260,0
DA:261,0
DA:265,0
DA:273,0
DA:278,0
DA:280,0
DA:281,0
DA:287,0
DA:289,0
DA:290,0
DA:291,0
DA:292,0
DA:296,0
DA:297,0
DA:298,0
DA:299,0
DA:300,0
DA:304,0
DA:305,0
DA:308,0
DA:310,0
DA:311,0
DA:312,0
DA:314,0
DA:315,0
DA:318,0
DA:319,0
DA:327,0
DA:329,0
DA:330,0
DA:331,0
DA:332,0
DA:336,0
DA:337,0
DA:338,0
DA:340,0
DA:341,0
DA:347,0
DA:349,0
DA:350,0
DA:351,0
DA:352,0
DA:363,0
DA:364,0
DA:365,0
DA:369,0
DA:370,0
DA:371,0
DA:374,0
DA:375,0
DA:378,0
DA:386,0
DA:391,0
DA:394,0
DA:395,0
DA:396,0
DA:397,0
DA:398,0
DA:399,0
DA:404,0
DA:405,0
DA:406,0
DA:407,0
DA:408,0
DA:409,0
DA:414,0
DA:415,0
DA:416,0
DA:420,0
DA:423,0
DA:424,0
DA:426,0
DA:427,0
DA:429,0
DA:430,0
DA:431,0
DA:434,0
DA:437,0
DA:439,0
DA:442,0
DA:448,0
DA:450,0
DA:460,0
DA:462,0
DA:463,0
DA:464,0
DA:467,0
DA:468,0
DA:470,0
DA:473,0
DA:478,0
DA:479,0
DA:480,0
DA:481,0
DA:482,0
DA:485,0
DA:488,0
DA:492,0
DA:495,0
DA:496,0
DA:497,0
DA:501,0
DA:502,0
DA:503,0
DA:507,0
DA:508,0
DA:511,0
DA:514,0
DA:515,0
DA:517,0
DA:518,0
DA:521,0
DA:524,0
DA:525,0
DA:526,0
DA:527,0
DA:529,0
DA:550,0
DA:551,0
DA:552,0
DA:553,0
DA:557,0
DA:559,0
DA:560,0
DA:565,0
DA:566,0
DA:567,0
DA:569,0
DA:570,0
DA:573,0
DA:574,0
DA:580,0
DA:588,0
DA:589,0
DA:591,0
DA:592,0
DA:593,0
DA:594,0
DA:595,0
DA:596,0
DA:597,0
DA:598,0
DA:599,0
DA:600,0
DA:601,0
DA:602,0
DA:603,0
DA:607,0
DA:612,0
DA:613,0
DA:614,0
DA:619,0
DA:621,0
DA:654,0
DA:659,0
DA:661,0
DA:662,0
DA:664,0
DA:665,0
DA:666,0
DA:667,0
DA:669,0
DA:670,0
DA:675,0
DA:679,0
DA:680,0
DA:682,0
DA:685,0
DA:691,0
DA:692,0
DA:693,0
DA:694,0
DA:696,0
DA:697,0
DA:703,0
DA:704,0
DA:705,0
DA:707,0
DA:708,0
DA:714,0
DA:716,0
DA:717,0
DA:718,0
DA:722,0
DA:723,0
DA:724,0
DA:727,0
DA:728,0
DA:730,0
DA:731,0
DA:732,0
DA:736,0
DA:741,0
DA:748,0
DA:749,0
DA:750,0
DA:752,0
DA:753,0
DA:756,0
DA:757,0
DA:758,0
DA:759,0
DA:768,0
DA:769,0
DA:770,0
DA:771,0
DA:772,0
DA:773,0
DA:774,0
DA:775,0
DA:776,0
DA:777,0
DA:780,0
DA:782,0
DA:788,0
DA:790,0
DA:791,0
DA:792,0
DA:796,0
DA:797,0
DA:798,0
DA:801,0
DA:802,0
DA:805,0
DA:810,0
DA:817,0
DA:818,0
DA:819,0
DA:821,0
DA:822,0
DA:825,0
DA:826,0
DA:827,0
DA:835,0
DA:841,0
DA:843,0
DA:844,0
DA:845,0
DA:849,0
DA:850,0
DA:851,0
DA:854,0
DA:855,0
DA:858,0
DA:867,0
DA:874,0
DA:875,0
DA:876,0
DA:878,0
DA:879,0
DA:882,0
DA:883,0
DA:884,0
DA:892,0
DA:898,0
DA:900,0
DA:901,0
DA:902,0
DA:906,0
DA:907,0
DA:908,0
DA:911,0
DA:912,0
DA:913,0
DA:915,0
DA:918,0
DA:919,0
DA:922,0
DA:931,0
DA:936,0
DA:939,0
DA:942,0
DA:943,0
DA:944,0
DA:945,0
DA:946,0
DA:947,0
DA:949,0
DA:950,0
DA:954,0
DA:957,0
DA:958,0
DA:959,0
DA:961,0
DA:962,0
DA:968,0
DA:970,0
DA:971,0
DA:972,0
DA:976,0
DA:977,0
DA:978,0
DA:979,0
DA:983,0
DA:986,0
DA:989,0
DA:990,0
DA:1003,0
DA:1014,0
DA:1015,0
DA:1018,0
DA:1026,0
DA:1028,0
DA:1029,0
DA:1038,0
DA:1039,0
DA:1040,0
DA:1043,0
DA:1044,0
DA:1045,0
DA:1046,0
DA:1050,0
DA:1051,0
DA:1052,0
DA:1053,0
DA:1054,0
DA:1055,0
DA:1058,0
DA:1063,0
DA:1064,0
DA:1065,0
DA:1066,0
DA:1067,0
DA:1069,0
DA:1075,0
DA:1076,0
LF:404
LH:0
BRDA:43,0,0,0
BRDA:43,0,1,0
BRDA:53,1,0,0
BRDA:53,1,1,0
BRDA:55,2,0,0
BRDA:55,2,1,0
BRDA:56,3,0,0
BRDA:56,3,1,0
BRDA:75,4,0,0
BRDA:75,4,1,0
BRDA:137,5,0,0
BRDA:137,5,1,0
BRDA:144,6,0,0
BRDA:144,6,1,0
BRDA:192,7,0,0
BRDA:192,7,1,0
BRDA:192,8,0,0
BRDA:192,8,1,0
BRDA:201,9,0,0
BRDA:201,9,1,0
BRDA:226,10,0,0
BRDA:226,10,1,0
BRDA:259,11,0,0
BRDA:259,11,1,0
BRDA:286,12,0,0
BRDA:290,13,0,0
BRDA:290,13,1,0
BRDA:296,14,0,0
BRDA:296,14,1,0
BRDA:298,15,0,0
BRDA:298,15,1,0
BRDA:310,16,0,0
BRDA:310,16,1,0
BRDA:330,17,0,0
BRDA:330,17,1,0
BRDA:350,18,0,0
BRDA:350,18,1,0
BRDA:364,19,0,0
BRDA:364,19,1,0
BRDA:370,20,0,0
BRDA:370,20,1,0
BRDA:396,21,0,0
BRDA:396,21,1,0
BRDA:398,22,0,0
BRDA:398,22,1,0
BRDA:406,23,0,0
BRDA:406,23,1,0
BRDA:408,24,0,0
BRDA:408,24,1,0
BRDA:424,25,0,0
BRDA:424,25,1,0
BRDA:427,26,0,0
BRDA:427,26,1,0
BRDA:430,27,0,0
BRDA:430,27,1,0
BRDA:463,28,0,0
BRDA:463,28,1,0
BRDA:478,29,0,0
BRDA:478,29,1,0
BRDA:481,30,0,0
BRDA:481,30,1,0
BRDA:496,31,0,0
BRDA:496,31,1,0
BRDA:502,32,0,0
BRDA:502,32,1,0
BRDA:518,33,0,0
BRDA:518,33,1,0
BRDA:533,34,0,0
BRDA:533,34,1,0
BRDA:550,35,0,0
BRDA:550,35,1,0
BRDA:550,36,0,0
BRDA:550,36,1,0
BRDA:552,37,0,0
BRDA:552,37,1,0
BRDA:574,38,0,0
BRDA:574,38,1,0
BRDA:589,39,0,0
BRDA:589,39,1,0
BRDA:594,40,0,0
BRDA:594,40,1,0
BRDA:596,41,0,0
BRDA:596,41,1,0
BRDA:598,42,0,0
BRDA:598,42,1,0
BRDA:600,43,0,0
BRDA:600,43,1,0
BRDA:602,44,0,0
BRDA:602,44,1,0
BRDA:612,45,0,0
BRDA:612,45,1,0
BRDA:614,46,0,0
BRDA:614,46,1,0
BRDA:629,47,0,0
BRDA:629,47,1,0
BRDA:644,48,0,0
BRDA:644,48,1,0
BRDA:662,49,0,0
BRDA:662,49,1,0
BRDA:665,50,0,0
BRDA:665,50,1,0
BRDA:679,51,0,0
BRDA:679,51,1,0
BRDA:679,52,0,0
BRDA:679,52,1,0
BRDA:705,53,0,0
BRDA:705,53,1,0
BRDA:717,54,0,0
BRDA:717,54,1,0
BRDA:723,55,0,0
BRDA:723,55,1,0
BRDA:731,56,0,0
BRDA:731,56,1,0
BRDA:748,57,0,0
BRDA:748,57,1,0
BRDA:748,58,0,0
BRDA:748,58,1,0
BRDA:757,59,0,0
BRDA:757,59,1,0
BRDA:757,60,0,0
BRDA:757,60,1,0
BRDA:768,61,0,0
BRDA:768,61,1,0
BRDA:770,62,0,0
BRDA:770,62,1,0
BRDA:772,63,0,0
BRDA:772,63,1,0
BRDA:774,64,0,0
BRDA:774,64,1,0
BRDA:776,65,0,0
BRDA:776,65,1,0
BRDA:791,66,0,0
BRDA:791,66,1,0
BRDA:797,67,0,0
BRDA:797,67,1,0
BRDA:817,68,0,0
BRDA:817,68,1,0
BRDA:817,69,0,0
BRDA:817,69,1,0
BRDA:826,70,0,0
BRDA:826,70,1,0
BRDA:826,71,0,0
BRDA:826,71,1,0
BRDA:844,72,0,0
BRDA:844,72,1,0
BRDA:850,73,0,0
BRDA:850,73,1,0
BRDA:874,74,0,0
BRDA:874,74,1,0
BRDA:874,75,0,0
BRDA:874,75,1,0
BRDA:883,76,0,0
BRDA:883,76,1,0
BRDA:883,77,0,0
BRDA:883,77,1,0
BRDA:901,78,0,0
BRDA:901,78,1,0
BRDA:907,79,0,0
BRDA:907,79,1,0
BRDA:931,80,0,0
BRDA:931,80,1,0
BRDA:957,81,0,0
BRDA:957,81,1,0
BRDA:957,82,0,0
BRDA:957,82,1,0
BRDA:957,82,2,0
BRDA:957,82,3,0
BRDA:970,83,0,0
BRDA:970,83,1,0
BRDA:970,84,0,0
BRDA:970,84,1,0
BRDA:977,85,0,0
BRDA:977,85,1,0
BRDA:983,86,0,0
BRDA:983,86,1,0
BRDA:986,87,0,0
BRDA:986,87,1,0
BRDA:989,88,0,0
BRDA:989,88,1,0
BRDA:995,89,0,0
BRDA:995,89,1,0
BRDA:1008,90,0,0
BRDA:1008,90,1,0
BRDA:1008,90,2,0
BRDA:1014,91,0,0
BRDA:1014,91,1,0
BRDA:1043,92,0,0
BRDA:1043,92,1,0
BRDA:1043,93,0,0
BRDA:1043,93,1,0
BRDA:1045,94,0,0
BRDA:1045,94,1,0
BRDA:1045,95,0,0
BRDA:1045,95,1,0
BRDA:1050,96,0,0
BRDA:1050,96,1,0
BRDA:1050,97,0,0
BRDA:1050,97,1,0
BRDA:1052,98,0,0
BRDA:1052,98,1,0
BRDA:1052,99,0,0
BRDA:1052,99,1,0
BRDA:1054,100,0,0
BRDA:1054,100,1,0
BRDA:1054,101,0,0
BRDA:1054,101,1,0
BRDA:1064,102,0,0
BRDA:1064,102,1,0
BRDA:1064,103,0,0
BRDA:1064,103,1,0
BRDA:1066,104,0,0
BRDA:1066,104,1,0
BRDA:1066,105,0,0
BRDA:1066,105,1,0
BRF:214
BRH:0
end_of_record
TN:
SF:services\ServiceInterfaces.ts
FN:38,(anonymous_0)
FN:52,(anonymous_1)
FNF:2
FNH:0
FNDA:0,(anonymous_0)
FNDA:0,(anonymous_1)
DA:39,0
DA:41,0
DA:42,0
DA:43,0
DA:44,0
DA:46,0
DA:47,0
DA:48,0
DA:53,0
DA:55,0
DA:56,0
DA:57,0
DA:58,0
DA:60,0
DA:61,0
LF:15
LH:0
BRDA:41,0,0,0
BRDA:41,0,1,0
BRDA:55,1,0,0
BRDA:55,1,1,0
BRF:4
BRH:0
end_of_record
TN:
SF:services\index.ts
FNF:0
FNH:0
LF:0
LH:0
BRF:0
BRH:0
end_of_record
TN:
SF:services\core\AuthenticationService.ts
FN:45,(anonymous_0)
FN:58,(anonymous_1)
FN:78,(anonymous_2)
FN:124,(anonymous_3)
FN:132,(anonymous_4)
FN:153,(anonymous_5)
FN:194,(anonymous_6)
FN:241,(anonymous_7)
FN:258,(anonymous_8)
FN:278,(anonymous_9)
FN:311,(anonymous_10)
FN:328,(anonymous_11)
FN:345,(anonymous_12)
FN:373,(anonymous_13)
FN:381,(anonymous_14)
FNF:15
FNH:0
FNDA:0,(anonymous_0)
FNDA:0,(anonymous_1)
FNDA:0,(anonymous_2)
FNDA:0,(anonymous_3)
FNDA:0,(anonymous_4)
FNDA:0,(anonymous_5)
FNDA:0,(anonymous_6)
FNDA:0,(anonymous_7)
FNDA:0,(anonymous_8)
FNDA:0,(anonymous_9)
FNDA:0,(anonymous_10)
FNDA:0,(anonymous_11)
FNDA:0,(anonymous_12)
FNDA:0,(anonymous_13)
FNDA:0,(anonymous_14)
DA:36,0
DA:37,0
DA:38,0
DA:43,0
DA:47,0
DA:48,0
DA:51,0
DA:53,0
DA:59,0
DA:60,0
DA:61,0
DA:64,0
DA:67,0
DA:78,0
DA:83,0
DA:86,0
DA:88,0
DA:89,0
DA:92,0
DA:93,0
DA:96,0
DA:97,0
DA:99,0
DA:105,0
DA:106,0
DA:108,0
DA:114,0
DA:115,0
DA:117,0
DA:125,0
DA:126,0
DA:129,0
DA:130,0
DA:131,0
DA:132,0
DA:134,0
DA:136,0
DA:137,0
DA:142,0
DA:143,0
DA:144,0
DA:146,0
DA:147,0
DA:149,0
DA:154,0
DA:155,0
DA:157,0
DA:158,0
DA:159,0
DA:160,0
DA:163,0
DA:164,0
DA:167,0
DA:169,0
DA:171,0
DA:172,0
DA:173,0
DA:174,0
DA:176,0
DA:177,0
DA:180,0
DA:181,0
DA:184,0
DA:185,0
DA:186,0
DA:188,0
DA:189,0
DA:190,0
DA:195,0
DA:196,0
DA:198,0
DA:200,0
DA:202,0
DA:203,0
DA:205,0
DA:208,0
DA:209,0
DA:212,0
DA:214,0
DA:216,0
DA:217,0
DA:218,0
DA:219,0
DA:222,0
DA:224,0
DA:227,0
DA:229,0
DA:230,0
DA:233,0
DA:234,0
DA:237,0
DA:242,0
DA:243,0
DA:244,0
DA:245,0
DA:246,0
DA:247,0
DA:248,0
DA:249,0
DA:251,0
DA:253,0
DA:254,0
DA:259,0
DA:261,0
DA:262,0
DA:263,0
DA:264,0
DA:269,0
DA:270,0
DA:271,0
DA:273,0
DA:274,0
DA:279,0
DA:280,0
DA:281,0
DA:282,0
DA:283,0
DA:291,0
DA:293,0
DA:294,0
DA:295,0
DA:296,0
DA:299,0
DA:301,0
DA:302,0
DA:312,0
DA:315,0
DA:317,0
DA:322,0
DA:324,0
DA:329,0
DA:330,0
DA:331,0
DA:332,0
DA:333,0
DA:338,0
DA:340,0
DA:341,0
DA:346,0
DA:347,0
DA:348,0
DA:349,0
DA:350,0
DA:352,0
DA:354,0
DA:355,0
DA:357,0
DA:360,0
DA:363,0
DA:364,0
DA:366,0
DA:367,0
DA:368,0
DA:375,0
DA:382,0
DA:383,0
DA:385,0
DA:394,0
DA:396,0
DA:402,0
LF:160
LH:0
BRDA:86,0,0,0
BRDA:86,0,1,0
BRDA:86,1,0,0
BRDA:86,1,1,0
BRDA:92,2,0,0
BRDA:92,2,1,0
BRDA:119,3,0,0
BRDA:119,3,1,0
BRDA:129,4,0,0
BRDA:129,4,1,0
BRDA:157,5,0,0
BRDA:157,5,1,0
BRDA:169,6,0,0
BRDA:169,6,1,0
BRDA:172,7,0,0
BRDA:172,7,1,0
BRDA:198,8,0,0
BRDA:198,8,1,0
BRDA:202,9,0,0
BRDA:202,9,1,0
BRDA:214,10,0,0
BRDA:214,10,1,0
BRDA:216,11,0,0
BRDA:216,11,1,0
BRDA:233,12,0,0
BRDA:233,12,1,0
BRDA:244,13,0,0
BRDA:244,13,1,0
BRDA:262,14,0,0
BRDA:262,14,1,0
BRDA:281,15,0,0
BRDA:281,15,1,0
BRDA:294,16,0,0
BRDA:294,16,1,0
BRDA:331,17,0,0
BRDA:331,17,1,0
BRDA:348,18,0,0
BRDA:348,18,1,0
BRDA:354,19,0,0
BRDA:354,19,1,0
BRDA:394,20,0,0
BRDA:394,20,1,0
BRF:42
BRH:0
end_of_record
TN:
SF:services\core\SessionManager.ts
FN:30,(anonymous_0)
FN:39,(anonymous_1)
FN:49,(anonymous_2)
FN:65,(anonymous_3)
FN:71,(anonymous_4)
FN:72,(anonymous_5)
FN:85,(anonymous_6)
FN:98,(anonymous_7)
FN:120,(anonymous_8)
FN:156,(anonymous_9)
FN:184,(anonymous_10)
FN:212,(anonymous_11)
FN:221,(anonymous_12)
FN:247,(anonymous_13)
FN:257,(anonymous_14)
FN:288,(anonymous_15)
FN:296,(anonymous_16)
FN:304,(anonymous_17)
FN:313,(anonymous_18)
FN:324,(anonymous_19)
FN:332,(anonymous_20)
FNF:21
FNH:0
FNDA:0,(anonymous_0)
FNDA:0,(anonymous_1)
FNDA:0,(anonymous_2)
FNDA:0,(anonymous_3)
FNDA:0,(anonymous_4)
FNDA:0,(anonymous_5)
FNDA:0,(anonymous_6)
FNDA:0,(anonymous_7)
FNDA:0,(anonymous_8)
FNDA:0,(anonymous_9)
FNDA:0,(anonymous_10)
FNDA:0,(anonymous_11)
FNDA:0,(anonymous_12)
FNDA:0,(anonymous_13)
FNDA:0,(anonymous_14)
FNDA:0,(anonymous_15)
FNDA:0,(anonymous_16)
FNDA:0,(anonymous_17)
FNDA:0,(anonymous_18)
FNDA:0,(anonymous_19)
FNDA:0,(anonymous_20)
DA:20,0
DA:21,0
DA:22,0
DA:24,0
DA:27,0
DA:28,0
DA:31,0
DA:32,0
DA:33,0
DA:41,0
DA:42,0
DA:43,0
DA:50,0
DA:51,0
DA:52,0
DA:53,0
DA:54,0
DA:57,0
DA:58,0
DA:66,0
DA:69,0
DA:71,0
DA:72,0
DA:73,0
DA:77,0
DA:78,0
DA:86,0
DA:87,0
DA:89,0
DA:94,0
DA:95,0
DA:98,0
DA:99,0
DA:100,0
DA:102,0
DA:103,0
DA:106,0
DA:107,0
DA:113,0
DA:114,0
DA:121,0
DA:122,0
DA:123,0
DA:124,0
DA:125,0
DA:126,0
DA:128,0
DA:129,0
DA:130,0
DA:133,0
DA:134,0
DA:135,0
DA:138,0
DA:139,0
DA:140,0
DA:142,0
DA:143,0
DA:144,0
DA:148,0
DA:149,0
DA:157,0
DA:158,0
DA:159,0
DA:161,0
DA:170,0
DA:171,0
DA:173,0
DA:174,0
DA:176,0
DA:177,0
DA:185,0
DA:186,0
DA:187,0
DA:188,0
DA:190,0
DA:191,0
DA:192,0
DA:196,0
DA:199,0
DA:201,0
DA:202,0
DA:204,0
DA:205,0
DA:213,0
DA:214,0
DA:215,0
DA:216,0
DA:220,0
DA:221,0
DA:225,0
DA:227,0
DA:229,0
DA:230,0
DA:231,0
DA:233,0
DA:236,0
DA:238,0
DA:239,0
DA:240,0
DA:248,0
DA:249,0
DA:250,0
DA:251,0
DA:254,0
DA:256,0
DA:257,0
DA:261,0
DA:263,0
DA:264,0
DA:265,0
DA:266,0
DA:270,0
DA:271,0
DA:272,0
DA:275,0
DA:276,0
DA:277,0
DA:279,0
DA:280,0
DA:281,0
DA:289,0
DA:290,0
DA:297,0
DA:298,0
DA:301,0
DA:303,0
DA:304,0
DA:305,0
DA:314,0
DA:326,0
DA:333,0
DA:334,0
DA:345,0
DA:347,0
LF:134
LH:0
BRDA:52,0,0,0
BRDA:52,0,1,0
BRDA:66,1,0,0
BRDA:66,1,1,0
BRDA:77,2,0,0
BRDA:77,2,1,0
BRDA:85,3,0,0
BRDA:87,4,0,0
BRDA:87,4,1,0
BRDA:89,5,0,0
BRDA:89,5,1,0
BRDA:94,6,0,0
BRDA:94,6,1,0
BRDA:102,7,0,0
BRDA:102,7,1,0
BRDA:102,8,0,0
BRDA:102,8,1,0
BRDA:106,9,0,0
BRDA:106,9,1,0
BRDA:123,10,0,0
BRDA:123,10,1,0
BRDA:128,11,0,0
BRDA:128,11,1,0
BRDA:133,12,0,0
BRDA:133,12,1,0
BRDA:133,13,0,0
BRDA:133,13,1,0
BRDA:167,14,0,0
BRDA:167,14,1,0
BRDA:190,15,0,0
BRDA:190,15,1,0
BRDA:214,16,0,0
BRDA:214,16,1,0
BRDA:227,17,0,0
BRDA:227,17,1,0
BRDA:229,18,0,0
BRDA:229,18,1,0
BRDA:249,19,0,0
BRDA:249,19,1,0
BRDA:263,20,0,0
BRDA:263,20,1,0
BRDA:263,21,0,0
BRDA:263,21,1,0
BRDA:271,22,0,0
BRDA:271,22,1,0
BRDA:288,23,0,0
BRDA:297,24,0,0
BRDA:297,24,1,0
BRDA:303,25,0,0
BRDA:303,25,1,0
BRDA:324,26,0,0
BRDA:326,27,0,0
BRDA:326,27,1,0
BRDA:341,28,0,0
BRDA:341,28,1,0
BRDA:345,29,0,0
BRDA:345,29,1,0
BRF:57
BRH:0
end_of_record
TN:
SF:services\debug\ConnectionDiagnostics.ts
FN:45,(anonymous_0)
FN:48,(anonymous_1)
FN:65,(anonymous_2)
FN:92,(anonymous_3)
FN:110,(anonymous_4)
FN:129,(anonymous_5)
FN:141,(anonymous_6)
FN:172,(anonymous_7)
FN:184,(anonymous_8)
FN:200,(anonymous_9)
FN:207,(anonymous_10)
FN:223,(anonymous_11)
FN:294,(anonymous_12)
FNF:13
FNH:0
FNDA:0,(anonymous_0)
FNDA:0,(anonymous_1)
FNDA:0,(anonymous_2)
FNDA:0,(anonymous_3)
FNDA:0,(anonymous_4)
FNDA:0,(anonymous_5)
FNDA:0,(anonymous_6)
FNDA:0,(anonymous_7)
FNDA:0,(anonymous_8)
FNDA:0,(anonymous_9)
FNDA:0,(anonymous_10)
FNDA:0,(anonymous_11)
FNDA:0,(anonymous_12)
DA:7,0
DA:8,0
DA:45,0
DA:46,0
DA:47,0
DA:48,0
DA:50,0
DA:55,0
DA:56,0
DA:57,0
DA:59,0
DA:60,0
DA:65,0
DA:66,0
DA:67,0
DA:69,0
DA:70,0
DA:71,0
DA:77,0
DA:79,0
DA:80,0
DA:88,0
DA:92,0
DA:93,0
DA:104,0
DA:106,0
DA:107,0
DA:108,0
DA:110,0
DA:112,0
DA:113,0
DA:115,0
DA:116,0
DA:117,0
DA:125,0
DA:129,0
DA:134,0
DA:136,0
DA:141,0
DA:145,0
DA:148,0
DA:149,0
DA:156,0
DA:163,0
DA:165,0
DA:166,0
DA:167,0
DA:172,0
DA:173,0
DA:180,0
DA:181,0
DA:182,0
DA:184,0
DA:187,0
DA:188,0
DA:189,0
DA:192,0
DA:196,0
DA:200,0
DA:201,0
DA:203,0
DA:204,0
DA:205,0
DA:207,0
DA:210,0
DA:211,0
DA:212,0
DA:215,0
DA:219,0
DA:223,0
DA:227,0
DA:229,0
DA:240,0
DA:242,0
DA:243,0
DA:246,0
DA:247,0
DA:250,0
DA:251,0
DA:252,0
DA:255,0
DA:256,0
DA:257,0
DA:262,0
DA:263,0
DA:264,0
DA:269,0
DA:270,0
DA:273,0
DA:274,0
DA:276,0
DA:279,0
DA:280,0
DA:284,0
DA:285,0
DA:287,0
DA:290,0
DA:294,0
DA:298,0
DA:299,0
DA:303,0
DA:304,0
DA:305,0
DA:309,0
LF:104
LH:0
BRDA:7,0,0,0
BRDA:7,0,1,0
BRDA:7,1,0,0
BRDA:7,1,1,0
BRDA:73,2,0,0
BRDA:73,2,1,0
BRDA:73,3,0,0
BRDA:73,3,1,0
BRDA:110,4,0,0
BRDA:110,4,1,0
BRDA:141,5,0,0
BRDA:141,5,1,0
BRDA:148,6,0,0
BRDA:148,6,1,0
BRDA:148,7,0,0
BRDA:148,7,1,0
BRDA:184,8,0,0
BRDA:184,8,1,0
BRDA:187,9,0,0
BRDA:187,9,1,0
BRDA:187,10,0,0
BRDA:187,10,1,0
BRDA:188,11,0,0
BRDA:188,11,1,0
BRDA:207,12,0,0
BRDA:207,12,1,0
BRDA:210,13,0,0
BRDA:210,13,1,0
BRDA:251,14,0,0
BRDA:251,14,1,0
BRDA:255,15,0,0
BRDA:255,15,1,0
BRDA:263,16,0,0
BRDA:263,16,1,0
BRDA:263,17,0,0
BRDA:263,17,1,0
BRDA:298,18,0,0
BRDA:298,18,1,0
BRDA:304,19,0,0
BRDA:304,19,1,0
BRF:40
BRH:0
end_of_record
TN:
SF:services\debug\DebugDashboard.ts
FN:71,(anonymous_0)
FN:152,(anonymous_1)
FN:193,(anonymous_2)
FN:260,(anonymous_3)
FN:315,(anonymous_4)
FN:338,(anonymous_5)
FN:362,(anonymous_6)
FN:375,(anonymous_7)
FN:388,(anonymous_8)
FN:405,(anonymous_9)
FN:441,(anonymous_10)
FN:445,(anonymous_11)
FN:446,(anonymous_12)
FN:461,(anonymous_13)
FN:475,(anonymous_14)
FNF:15
FNH:0
FNDA:0,(anonymous_0)
FNDA:0,(anonymous_1)
FNDA:0,(anonymous_2)
FNDA:0,(anonymous_3)
FNDA:0,(anonymous_4)
FNDA:0,(anonymous_5)
FNDA:0,(anonymous_6)
FNDA:0,(anonymous_7)
FNDA:0,(anonymous_8)
FNDA:0,(anonymous_9)
FNDA:0,(anonymous_10)
FNDA:0,(anonymous_11)
FNDA:0,(anonymous_12)
FNDA:0,(anonymous_13)
FNDA:0,(anonymous_14)
DA:65,0
DA:66,0
DA:71,0
DA:72,0
DA:74,0
DA:138,0
DA:141,0
DA:143,0
DA:144,0
DA:146,0
DA:147,0
DA:149,0
DA:150,0
DA:152,0
DA:158,0
DA:168,0
DA:171,0
DA:179,0
DA:180,0
DA:186,0
DA:187,0
DA:193,0
DA:194,0
DA:196,0
DA:221,0
DA:222,0
DA:223,0
DA:224,0
DA:231,0
DA:235,0
DA:236,0
DA:237,0
DA:239,0
DA:240,0
DA:241,0
DA:243,0
DA:248,0
DA:254,0
DA:260,0
DA:265,0
DA:267,0
DA:268,0
DA:270,0
DA:283,0
DA:285,0
DA:286,0
DA:287,0
DA:290,0
DA:291,0
DA:292,0
DA:295,0
DA:296,0
DA:297,0
DA:298,0
DA:302,0
DA:303,0
DA:304,0
DA:305,0
DA:307,0
DA:311,0
DA:312,0
DA:313,0
DA:314,0
DA:315,0
DA:317,0
DA:319,0
DA:322,0
DA:325,0
DA:328,0
DA:329,0
DA:332,0
DA:338,0
DA:339,0
DA:341,0
DA:344,0
DA:347,0
DA:350,0
DA:351,0
DA:353,0
DA:355,0
DA:362,0
DA:363,0
DA:364,0
DA:365,0
DA:367,0
DA:368,0
DA:375,0
DA:376,0
DA:377,0
DA:378,0
DA:380,0
DA:381,0
DA:388,0
DA:389,0
DA:390,0
DA:396,0
DA:398,0
DA:405,0
DA:406,0
DA:408,0
DA:409,0
DA:412,0
DA:441,0
DA:445,0
DA:446,0
DA:462,0
DA:469,0
DA:475,0
DA:476,0
DA:479,0
DA:480,0
DA:481,0
DA:485,0
DA:486,0
DA:487,0
DA:488,0
DA:492,0
DA:493,0
DA:494,0
DA:498,0
DA:499,0
DA:503,0
DA:504,0
DA:505,0
DA:508,0
LF:125
LH:0
BRDA:152,0,0,0
BRDA:152,0,1,0
BRDA:153,1,0,0
BRDA:153,1,1,0
BRDA:164,2,0,0
BRDA:164,2,1,0
BRDA:165,3,0,0
BRDA:165,3,1,0
BRDA:179,4,0,0
BRDA:179,4,1,0
BRDA:179,5,0,0
BRDA:179,5,1,0
BRDA:216,6,0,0
BRDA:216,6,1,0
BRDA:222,7,0,0
BRDA:222,7,1,0
BRDA:223,8,0,0
BRDA:223,8,1,0
BRDA:237,9,0,0
BRDA:237,9,1,0
BRDA:245,10,0,0
BRDA:245,10,1,0
BRDA:263,11,0,0
BRDA:286,12,0,0
BRDA:286,12,1,0
BRDA:287,13,0,0
BRDA:287,13,1,0
BRDA:297,14,0,0
BRDA:297,14,1,0
BRDA:305,15,0,0
BRDA:305,15,1,0
BRDA:365,16,0,0
BRDA:365,16,1,0
BRDA:378,17,0,0
BRDA:378,17,1,0
BRDA:406,18,0,0
BRDA:406,18,1,0
BRDA:408,19,0,0
BRDA:408,19,1,0
BRDA:424,20,0,0
BRDA:424,20,1,0
BRDA:425,21,0,0
BRDA:425,21,1,0
BRDA:426,22,0,0
BRDA:426,22,1,0
BRDA:429,23,0,0
BRDA:429,23,1,0
BRDA:430,24,0,0
BRDA:430,24,1,0
BRDA:432,25,0,0
BRDA:432,25,1,0
BRDA:433,26,0,0
BRDA:433,26,1,0
BRDA:434,27,0,0
BRDA:434,27,1,0
BRDA:435,28,0,0
BRDA:435,28,1,0
BRDA:439,29,0,0
BRDA:439,29,1,0
BRDA:451,30,0,0
BRDA:451,30,1,0
BRDA:454,31,0,0
BRDA:454,31,1,0
BRDA:455,32,0,0
BRDA:455,32,1,0
BRDA:462,33,0,0
BRDA:462,33,1,0
BRDA:479,34,0,0
BRDA:479,34,1,0
BRDA:485,35,0,0
BRDA:485,35,1,0
BRDA:485,36,0,0
BRDA:485,36,1,0
BRDA:492,37,0,0
BRDA:492,37,1,0
BRDA:492,38,0,0
BRDA:492,38,1,0
BRDA:498,39,0,0
BRDA:498,39,1,0
BRDA:498,40,0,0
BRDA:498,40,1,0
BRDA:503,41,0,0
BRDA:503,41,1,0
BRDA:503,42,0,0
BRDA:503,42,1,0
BRDA:508,43,0,0
BRDA:508,43,1,0
BRF:87
BRH:0
end_of_record
TN:
SF:services\debug\LogStore.ts
FN:45,(anonymous_0)
FN:47,(anonymous_1)
FN:57,(anonymous_2)
FN:81,(anonymous_3)
FN:103,(anonymous_4)
FN:111,(anonymous_5)
FN:113,(anonymous_6)
FN:119,(anonymous_7)
FN:121,(anonymous_8)
FN:127,(anonymous_9)
FN:129,(anonymous_10)
FN:135,(anonymous_11)
FN:137,(anonymous_12)
FN:148,(anonymous_13)
FN:156,(anonymous_14)
FN:164,(anonymous_15)
FN:175,(anonymous_16)
FN:178,(anonymous_17)
FN:179,(anonymous_18)
FN:181,(anonymous_19)
FN:187,(anonymous_20)
FN:189,(anonymous_21)
FN:194,(anonymous_22)
FN:206,(anonymous_23)
FN:214,(anonymous_24)
FN:225,(anonymous_25)
FN:234,(anonymous_26)
FN:235,(anonymous_27)
FN:236,(anonymous_28)
FN:237,(anonymous_29)
FN:238,(anonymous_30)
FN:239,(anonymous_31)
FN:240,(anonymous_32)
FN:241,(anonymous_33)
FNF:34
FNH:0
FNDA:0,(anonymous_0)
FNDA:0,(anonymous_1)
FNDA:0,(anonymous_2)
FNDA:0,(anonymous_3)
FNDA:0,(anonymous_4)
FNDA:0,(anonymous_5)
FNDA:0,(anonymous_6)
FNDA:0,(anonymous_7)
FNDA:0,(anonymous_8)
FNDA:0,(anonymous_9)
FNDA:0,(anonymous_10)
FNDA:0,(anonymous_11)
FNDA:0,(anonymous_12)
FNDA:0,(anonymous_13)
FNDA:0,(anonymous_14)
FNDA:0,(anonymous_15)
FNDA:0,(anonymous_16)
FNDA:0,(anonymous_17)
FNDA:0,(anonymous_18)
FNDA:0,(anonymous_19)
FNDA:0,(anonymous_20)
FNDA:0,(anonymous_21)
FNDA:0,(anonymous_22)
FNDA:0,(anonymous_23)
FNDA:0,(anonymous_24)
FNDA:0,(anonymous_25)
FNDA:0,(anonymous_26)
FNDA:0,(anonymous_27)
FNDA:0,(anonymous_28)
FNDA:0,(anonymous_29)
FNDA:0,(anonymous_30)
FNDA:0,(anonymous_31)
FNDA:0,(anonymous_32)
FNDA:0,(anonymous_33)
DA:3,0
DA:4,0
DA:42,0
DA:43,0
DA:48,0
DA:49,0
DA:51,0
DA:58,0
DA:60,0
DA:61,0
DA:62,0
DA:63,0
DA:65,0
DA:66,0
DA:67,0
DA:70,0
DA:72,0
DA:73,0
DA:74,0
DA:82,0
DA:84,0
DA:90,0
DA:93,0
DA:94,0
DA:97,0
DA:104,0
DA:105,0
DA:112,0
DA:113,0
DA:120,0
DA:121,0
DA:128,0
DA:129,0
DA:136,0
DA:137,0
DA:138,0
DA:139,0
DA:140,0
DA:141,0
DA:149,0
DA:150,0
DA:157,0
DA:158,0
DA:173,0
DA:175,0
DA:176,0
DA:178,0
DA:179,0
DA:181,0
DA:187,0
DA:188,0
DA:189,0
DA:190,0
DA:194,0
DA:195,0
DA:196,0
DA:200,0
DA:207,0
DA:208,0
DA:215,0
DA:216,0
DA:218,0
DA:226,0
DA:231,0
DA:234,0
DA:235,0
DA:236,0
DA:237,0
DA:238,0
DA:239,0
DA:240,0
DA:241,0
LF:72
LH:0
BRDA:48,0,0,0
BRDA:48,0,1,0
BRDA:58,1,0,0
BRDA:58,1,1,0
BRDA:62,2,0,0
BRDA:62,2,1,0
BRDA:65,3,0,0
BRDA:65,3,1,0
BRDA:93,4,0,0
BRDA:93,4,1,0
BRDA:141,5,0,0
BRDA:141,5,1,0
BRDA:148,6,0,0
BRDA:188,7,0,0
BRDA:188,7,1,0
BRDA:189,8,0,0
BRDA:189,8,1,0
BRDA:195,9,0,0
BRDA:195,9,1,0
BRDA:196,10,0,0
BRDA:196,10,1,0
BRF:21
BRH:0
end_of_record
TN:
SF:services\debug\NetworkMonitor.ts
FN:41,(anonymous_0)
FN:69,(anonymous_1)
FN:95,(anonymous_2)
FN:161,(anonymous_3)
FN:172,(anonymous_4)
FN:183,(anonymous_5)
FN:190,(anonymous_6)
FN:203,(anonymous_7)
FN:210,(anonymous_8)
FN:223,(anonymous_9)
FN:236,(anonymous_10)
FN:243,(anonymous_11)
FN:250,(anonymous_12)
FN:257,(anonymous_13)
FN:264,(anonymous_14)
FN:274,(anonymous_15)
FN:288,(anonymous_16)
FNF:17
FNH:0
FNDA:0,(anonymous_0)
FNDA:0,(anonymous_1)
FNDA:0,(anonymous_2)
FNDA:0,(anonymous_3)
FNDA:0,(anonymous_4)
FNDA:0,(anonymous_5)
FNDA:0,(anonymous_6)
FNDA:0,(anonymous_7)
FNDA:0,(anonymous_8)
FNDA:0,(anonymous_9)
FNDA:0,(anonymous_10)
FNDA:0,(anonymous_11)
FNDA:0,(anonymous_12)
FNDA:0,(anonymous_13)
FNDA:0,(anonymous_14)
FNDA:0,(anonymous_15)
FNDA:0,(anonymous_16)
DA:28,0
DA:29,0
DA:30,0
DA:31,0
DA:32,0
DA:35,0
DA:36,0
DA:41,0
DA:42,0
DA:43,0
DA:44,0
DA:47,0
DA:48,0
DA:51,0
DA:54,0
DA:55,0
DA:57,0
DA:58,0
DA:61,0
DA:62,0
DA:69,0
DA:70,0
DA:71,0
DA:72,0
DA:75,0
DA:76,0
DA:79,0
DA:80,0
DA:81,0
DA:84,0
DA:85,0
DA:88,0
DA:95,0
DA:96,0
DA:97,0
DA:106,0
DA:114,0
DA:117,0
DA:120,0
DA:121,0
DA:125,0
DA:126,0
DA:129,0
DA:130,0
DA:134,0
DA:135,0
DA:136,0
DA:138,0
DA:139,0
DA:144,0
DA:145,0
DA:150,0
DA:154,0
DA:161,0
DA:162,0
DA:163,0
DA:165,0
DA:172,0
DA:173,0
DA:174,0
DA:176,0
DA:183,0
DA:184,0
DA:190,0
DA:191,0
DA:192,0
DA:193,0
DA:195,0
DA:196,0
DA:203,0
DA:204,0
DA:210,0
DA:211,0
DA:212,0
DA:213,0
DA:215,0
DA:216,0
DA:223,0
DA:224,0
DA:225,0
DA:226,0
DA:227,0
DA:229,0
DA:236,0
DA:237,0
DA:243,0
DA:244,0
DA:250,0
DA:251,0
DA:257,0
DA:258,0
DA:264,0
DA:265,0
DA:266,0
DA:268,0
DA:274,0
DA:275,0
DA:276,0
DA:277,0
DA:278,0
DA:280,0
DA:281,0
DA:288,0
DA:289,0
LF:104
LH:0
BRDA:42,0,0,0
BRDA:42,0,1,0
BRDA:70,1,0,0
BRDA:70,1,1,0
BRDA:79,2,0,0
BRDA:79,2,1,0
BRDA:98,3,0,0
BRDA:98,3,1,0
BRDA:99,4,0,0
BRDA:99,4,1,0
BRDA:101,5,0,0
BRDA:101,5,1,0
BRDA:108,6,0,0
BRDA:108,6,1,0
BRDA:120,7,0,0
BRDA:120,7,1,0
BRDA:129,8,0,0
BRDA:129,8,1,0
BRDA:134,9,0,0
BRDA:134,9,1,0
BRDA:138,10,0,0
BRDA:138,10,1,0
BRDA:140,11,0,0
BRDA:140,11,1,0
BRDA:140,12,0,0
BRDA:140,12,1,0
BRDA:144,13,0,0
BRDA:144,13,1,0
BRDA:150,14,0,0
BRDA:150,14,1,0
BRDA:193,15,0,0
BRDA:193,15,1,0
BRDA:213,16,0,0
BRDA:213,16,1,0
BRDA:251,17,0,0
BRDA:251,17,1,0
BRDA:258,18,0,0
BRDA:258,18,1,0
BRDA:265,19,0,0
BRDA:265,19,1,0
BRDA:266,20,0,0
BRDA:266,20,1,0
BRF:42
BRH:0
end_of_record
TN:
SF:services\logging\Logger.ts
FN:36,(anonymous_0)
FN:53,(anonymous_1)
FN:63,(anonymous_2)
FN:72,(anonymous_3)
FN:128,(anonymous_4)
FN:135,(anonymous_5)
FN:142,(anonymous_6)
FN:149,(anonymous_7)
FN:160,(anonymous_8)
FN:171,(anonymous_9)
FN:215,(anonymous_10)
FN:228,(anonymous_11)
FN:240,(anonymous_12)
FN:263,(anonymous_13)
FN:271,(anonymous_14)
FN:284,(anonymous_15)
FN:291,(anonymous_16)
FN:298,(anonymous_17)
FN:307,(anonymous_18)
FN:321,(anonymous_19)
FN:339,(anonymous_20)
FN:347,(anonymous_21)
FN:354,(anonymous_22)
FN:361,(anonymous_23)
FN:382,(anonymous_24)
FN:386,(anonymous_25)
FN:410,(anonymous_26)
FN:411,(anonymous_27)
FN:430,(anonymous_28)
FN:445,(anonymous_29)
FN:447,(anonymous_30)
FN:448,(anonymous_31)
FN:457,(anonymous_32)
FN:467,(anonymous_33)
FN:483,(anonymous_34)
FN:506,(anonymous_35)
FN:532,(anonymous_36)
FN:539,(anonymous_37)
FN:546,(anonymous_38)
FN:567,(anonymous_39)
FN:585,(anonymous_40)
FN:594,(anonymous_41)
FN:614,(anonymous_42)
FN:620,(anonymous_43)
FN:623,(anonymous_44)
FN:626,(anonymous_45)
FN:629,(anonymous_46)
FN:632,(anonymous_47)
FN:635,(anonymous_48)
FNF:49
FNH:0
FNDA:0,(anonymous_0)
FNDA:0,(anonymous_1)
FNDA:0,(anonymous_2)
FNDA:0,(anonymous_3)
FNDA:0,(anonymous_4)
FNDA:0,(anonymous_5)
FNDA:0,(anonymous_6)
FNDA:0,(anonymous_7)
FNDA:0,(anonymous_8)
FNDA:0,(anonymous_9)
FNDA:0,(anonymous_10)
FNDA:0,(anonymous_11)
FNDA:0,(anonymous_12)
FNDA:0,(anonymous_13)
FNDA:0,(anonymous_14)
FNDA:0,(anonymous_15)
FNDA:0,(anonymous_16)
FNDA:0,(anonymous_17)
FNDA:0,(anonymous_18)
FNDA:0,(anonymous_19)
FNDA:0,(anonymous_20)
FNDA:0,(anonymous_21)
FNDA:0,(anonymous_22)
FNDA:0,(anonymous_23)
FNDA:0,(anonymous_24)
FNDA:0,(anonymous_25)
FNDA:0,(anonymous_26)
FNDA:0,(anonymous_27)
FNDA:0,(anonymous_28)
FNDA:0,(anonymous_29)
FNDA:0,(anonymous_30)
FNDA:0,(anonymous_31)
FNDA:0,(anonymous_32)
FNDA:0,(anonymous_33)
FNDA:0,(anonymous_34)
FNDA:0,(anonymous_35)
FNDA:0,(anonymous_36)
FNDA:0,(anonymous_37)
FNDA:0,(anonymous_38)
FNDA:0,(anonymous_39)
FNDA:0,(anonymous_40)
FNDA:0,(anonymous_41)
FNDA:0,(anonymous_42)
FNDA:0,(anonymous_43)
FNDA:0,(anonymous_44)
FNDA:0,(anonymous_45)
FNDA:0,(anonymous_46)
FNDA:0,(anonymous_47)
FNDA:0,(anonymous_48)
DA:19,0
DA:27,0
DA:28,0
DA:29,0
DA:30,0
DA:31,0
DA:34,0
DA:37,0
DA:38,0
DA:39,0
DA:40,0
DA:41,0
DA:44,0
DA:47,0
DA:54,0
DA:55,0
DA:57,0
DA:64,0
DA:65,0
DA:66,0
DA:73,0
DA:74,0
DA:75,0
DA:78,0
DA:80,0
DA:83,0
DA:86,0
DA:87,0
DA:91,0
DA:92,0
DA:98,0
DA:101,0
DA:104,0
DA:107,0
DA:109,0
DA:112,0
DA:114,0
DA:120,0
DA:121,0
DA:129,0
DA:136,0
DA:143,0
DA:150,0
DA:154,0
DA:161,0
DA:165,0
DA:172,0
DA:173,0
DA:176,0
DA:177,0
DA:188,0
DA:191,0
DA:192,0
DA:196,0
DA:197,0
DA:200,0
DA:201,0
DA:205,0
DA:208,0
DA:216,0
DA:222,0
DA:229,0
DA:230,0
DA:233,0
DA:234,0
DA:241,0
DA:242,0
DA:245,0
DA:246,0
DA:248,0
DA:249,0
DA:250,0
DA:251,0
DA:254,0
DA:256,0
DA:264,0
DA:265,0
DA:272,0
DA:273,0
DA:274,0
DA:275,0
DA:277,0
DA:285,0
DA:292,0
DA:299,0
DA:300,0
DA:301,0
DA:308,0
DA:322,0
DA:325,0
DA:328,0
DA:329,0
DA:330,0
DA:333,0
DA:340,0
DA:341,0
DA:348,0
DA:355,0
DA:362,0
DA:364,0
DA:383,0
DA:384,0
DA:386,0
DA:387,0
DA:388,0
DA:389,0
DA:392,0
DA:394,0
DA:396,0
DA:400,0
DA:401,0
DA:411,0
DA:412,0
DA:414,0
DA:415,0
DA:417,0
DA:418,0
DA:419,0
DA:422,0
DA:431,0
DA:433,0
DA:446,0
DA:447,0
DA:448,0
DA:449,0
DA:458,0
DA:459,0
DA:460,0
DA:468,0
DA:469,0
DA:471,0
DA:473,0
DA:474,0
DA:477,0
DA:484,0
DA:486,0
DA:488,0
DA:489,0
DA:491,0
DA:492,0
DA:494,0
DA:495,0
DA:498,0
DA:499,0
DA:507,0
DA:508,0
DA:509,0
DA:511,0
DA:513,0
DA:516,0
DA:517,0
DA:518,0
DA:519,0
DA:520,0
DA:523,0
DA:525,0
DA:533,0
DA:540,0
DA:547,0
DA:549,0
DA:568,0
DA:570,0
DA:571,0
DA:572,0
DA:573,0
DA:574,0
DA:576,0
DA:578,0
DA:586,0
DA:588,0
DA:595,0
DA:598,0
DA:601,0
DA:604,0
DA:605,0
DA:608,0
DA:615,0
DA:620,0
DA:621,0
DA:623,0
DA:624,0
DA:626,0
DA:627,0
DA:629,0
DA:630,0
DA:632,0
DA:633,0
DA:635,0
DA:636,0
LF:189
LH:0
BRDA:54,0,0,0
BRDA:54,0,1,0
BRDA:73,1,0,0
BRDA:73,1,1,0
BRDA:86,2,0,0
BRDA:86,2,1,0
BRDA:152,3,0,0
BRDA:152,3,1,0
BRDA:163,4,0,0
BRDA:163,4,1,0
BRDA:172,5,0,0
BRDA:172,5,1,0
BRDA:181,6,0,0
BRDA:181,6,1,0
BRDA:183,7,0,0
BRDA:183,7,1,0
BRDA:191,8,0,0
BRDA:191,8,1,0
BRDA:200,9,0,0
BRDA:200,9,1,0
BRDA:200,10,0,0
BRDA:200,10,1,0
BRDA:218,11,0,0
BRDA:218,11,1,0
BRDA:222,12,0,0
BRDA:222,12,1,0
BRDA:229,13,0,0
BRDA:229,13,1,0
BRDA:241,14,0,0
BRDA:241,14,1,0
BRDA:241,15,0,0
BRDA:241,15,1,0
BRDA:274,16,0,0
BRDA:274,16,1,0
BRDA:328,17,0,0
BRDA:328,17,1,0
BRDA:367,18,0,0
BRDA:367,18,1,0
BRDA:383,19,0,0
BRDA:383,19,1,0
BRDA:400,20,0,0
BRDA:400,20,1,0
BRDA:412,21,0,0
BRDA:412,21,1,0
BRDA:412,21,2,0
BRDA:458,22,0,0
BRDA:458,22,1,0
BRDA:469,23,0,0
BRDA:469,23,1,0
BRDA:473,24,0,0
BRDA:473,24,1,0
BRDA:486,25,0,0
BRDA:486,25,1,0
BRDA:486,25,2,0
BRDA:486,25,3,0
BRDA:486,25,4,0
BRDA:509,26,0,0
BRDA:509,26,1,0
BRDA:513,27,0,0
BRDA:513,27,1,0
BRDA:513,27,2,0
BRDA:517,28,0,0
BRDA:517,28,1,0
BRDA:519,29,0,0
BRDA:519,29,1,0
BRDA:551,30,0,0
BRDA:551,30,1,0
BRDA:572,31,0,0
BRDA:572,31,1,0
BRDA:604,32,0,0
BRDA:604,32,1,0
BRF:71
BRH:0
end_of_record
TN:
SF:services\logging\LoggerConfig.ts
FN:38,(anonymous_0)
FN:45,(anonymous_1)
FN:66,(anonymous_2)
FN:73,(anonymous_3)
FN:82,(anonymous_4)
FN:89,(anonymous_5)
FN:96,(anonymous_6)
FN:103,(anonymous_7)
FN:110,(anonymous_8)
FN:117,(anonymous_9)
FN:124,(anonymous_10)
FN:131,(anonymous_11)
FN:138,(anonymous_12)
FN:145,(anonymous_13)
FN:152,(anonymous_14)
FN:159,(anonymous_15)
FN:166,(anonymous_16)
FN:173,(anonymous_17)
FN:180,(anonymous_18)
FN:191,(anonymous_19)
FN:193,(anonymous_20)
FN:201,(anonymous_21)
FN:209,(anonymous_22)
FN:242,(anonymous_23)
FN:250,(anonymous_24)
FN:260,(anonymous_25)
FN:267,(anonymous_26)
FNF:27
FNH:0
FNDA:0,(anonymous_0)
FNDA:0,(anonymous_1)
FNDA:0,(anonymous_2)
FNDA:0,(anonymous_3)
FNDA:0,(anonymous_4)
FNDA:0,(anonymous_5)
FNDA:0,(anonymous_6)
FNDA:0,(anonymous_7)
FNDA:0,(anonymous_8)
FNDA:0,(anonymous_9)
FNDA:0,(anonymous_10)
FNDA:0,(anonymous_11)
FNDA:0,(anonymous_12)
FNDA:0,(anonymous_13)
FNDA:0,(anonymous_14)
FNDA:0,(anonymous_15)
FNDA:0,(anonymous_16)
FNDA:0,(anonymous_17)
FNDA:0,(anonymous_18)
FNDA:0,(anonymous_19)
FNDA:0,(anonymous_20)
FNDA:0,(anonymous_21)
FNDA:0,(anonymous_22)
FNDA:0,(anonymous_23)
FNDA:0,(anonymous_24)
FNDA:0,(anonymous_25)
FNDA:0,(anonymous_26)
DA:10,0
DA:11,0
DA:39,0
DA:46,0
DA:47,0
DA:48,0
DA:54,0
DA:55,0
DA:58,0
DA:59,0
DA:60,0
DA:67,0
DA:74,0
DA:75,0
DA:76,0
DA:83,0
DA:90,0
DA:97,0
DA:104,0
DA:111,0
DA:118,0
DA:125,0
DA:132,0
DA:139,0
DA:146,0
DA:153,0
DA:160,0
DA:167,0
DA:174,0
DA:181,0
DA:182,0
DA:183,0
DA:184,0
DA:192,0
DA:193,0
DA:195,0
DA:202,0
DA:203,0
DA:210,0
DA:211,0
DA:214,0
DA:215,0
DA:218,0
DA:219,0
DA:222,0
DA:223,0
DA:226,0
DA:227,0
DA:230,0
DA:231,0
DA:234,0
DA:235,0
DA:243,0
DA:244,0
DA:251,0
DA:261,0
DA:268,0
DA:269,0
DA:270,0
DA:272,0
LF:60
LH:0
BRDA:182,0,0,0
BRDA:182,0,1,0
BRDA:210,1,0,0
BRDA:210,1,1,0
BRDA:214,2,0,0
BRDA:214,2,1,0
BRDA:218,3,0,0
BRDA:218,3,1,0
BRDA:222,4,0,0
BRDA:222,4,1,0
BRDA:226,5,0,0
BRDA:226,5,1,0
BRDA:230,6,0,0
BRDA:230,6,1,0
BRDA:234,7,0,0
BRDA:234,7,1,0
BRDA:244,8,0,0
BRDA:244,8,1,0
BRF:18
BRH:0
end_of_record
TN:
SF:services\logging\LoggerDataSanitizer.ts
FN:13,(anonymous_0)
FN:20,(anonymous_1)
FN:56,(anonymous_2)
FN:80,(anonymous_3)
FN:94,(anonymous_4)
FN:119,(anonymous_5)
FN:127,(anonymous_6)
FN:138,(anonymous_7)
FN:144,(anonymous_8)
FN:185,(anonymous_9)
FN:220,(anonymous_10)
FN:246,(anonymous_11)
FN:253,(anonymous_12)
FN:263,(anonymous_13)
FN:278,(anonymous_14)
FN:285,(anonymous_15)
FN:292,(anonymous_16)
FN:299,(anonymous_17)
FN:309,(anonymous_18)
FN:348,(anonymous_19)
FNF:20
FNH:0
FNDA:0,(anonymous_0)
FNDA:0,(anonymous_1)
FNDA:0,(anonymous_2)
FNDA:0,(anonymous_3)
FNDA:0,(anonymous_4)
FNDA:0,(anonymous_5)
FNDA:0,(anonymous_6)
FNDA:0,(anonymous_7)
FNDA:0,(anonymous_8)
FNDA:0,(anonymous_9)
FNDA:0,(anonymous_10)
FNDA:0,(anonymous_11)
FNDA:0,(anonymous_12)
FNDA:0,(anonymous_13)
FNDA:0,(anonymous_14)
FNDA:0,(anonymous_15)
FNDA:0,(anonymous_16)
FNDA:0,(anonymous_17)
FNDA:0,(anonymous_18)
FNDA:0,(anonymous_19)
DA:9,0
DA:10,0
DA:11,0
DA:14,0
DA:21,0
DA:50,0
DA:57,0
DA:58,0
DA:61,0
DA:64,0
DA:65,0
DA:69,0
DA:70,0
DA:71,0
DA:74,0
DA:81,0
DA:82,0
DA:85,0
DA:86,0
DA:89,0
DA:90,0
DA:93,0
DA:94,0
DA:97,0
DA:98,0
DA:100,0
DA:101,0
DA:103,0
DA:104,0
DA:106,0
DA:110,0
DA:113,0
DA:121,0
DA:128,0
DA:130,0
DA:138,0
DA:150,0
DA:153,0
DA:154,0
DA:158,0
DA:159,0
DA:160,0
DA:161,0
DA:162,0
DA:164,0
DA:170,0
DA:171,0
DA:175,0
DA:176,0
DA:179,0
DA:186,0
DA:187,0
DA:190,0
DA:193,0
DA:194,0
DA:195,0
DA:197,0
DA:198,0
DA:199,0
DA:201,0
DA:205,0
DA:206,0
DA:210,0
DA:213,0
DA:221,0
DA:223,0
DA:229,0
DA:230,0
DA:234,0
DA:235,0
DA:236,0
DA:240,0
DA:247,0
DA:254,0
DA:255,0
DA:256,0
DA:264,0
DA:265,0
DA:266,0
DA:267,0
DA:269,0
DA:272,0
DA:279,0
DA:286,0
DA:293,0
DA:300,0
DA:301,0
DA:302,0
DA:313,0
DA:316,0
DA:324,0
DA:327,0
DA:328,0
DA:331,0
DA:332,0
DA:335,0
DA:336,0
DA:339,0
DA:353,0
LF:99
LH:0
BRDA:57,0,0,0
BRDA:57,0,1,0
BRDA:57,1,0,0
BRDA:57,1,1,0
BRDA:81,2,0,0
BRDA:81,2,1,0
BRDA:81,3,0,0
BRDA:81,3,1,0
BRDA:85,4,0,0
BRDA:85,4,1,0
BRDA:89,5,0,0
BRDA:89,5,1,0
BRDA:89,6,0,0
BRDA:89,6,1,0
BRDA:93,7,0,0
BRDA:93,7,1,0
BRDA:97,8,0,0
BRDA:97,8,1,0
BRDA:103,9,0,0
BRDA:103,9,1,0
BRDA:153,10,0,0
BRDA:153,10,1,0
BRDA:158,11,0,0
BRDA:158,11,1,0
BRDA:161,12,0,0
BRDA:161,12,1,0
BRDA:170,13,0,0
BRDA:170,13,1,0
BRDA:175,14,0,0
BRDA:175,14,1,0
BRDA:193,15,0,0
BRDA:193,15,1,0
BRDA:198,16,0,0
BRDA:198,16,1,0
BRDA:205,17,0,0
BRDA:205,17,1,0
BRDA:221,18,0,0
BRDA:221,18,1,0
BRDA:224,19,0,0
BRDA:224,19,1,0
BRDA:225,20,0,0
BRDA:225,20,1,0
BRDA:229,21,0,0
BRDA:229,21,1,0
BRDA:235,22,0,0
BRDA:235,22,1,0
BRDA:235,23,0,0
BRDA:235,23,1,0
BRDA:235,23,2,0
BRDA:255,24,0,0
BRDA:255,24,1,0
BRDA:301,25,0,0
BRDA:301,25,1,0
BRDA:327,26,0,0
BRDA:327,26,1,0
BRDA:331,27,0,0
BRDA:331,27,1,0
BRDA:335,28,0,0
BRDA:335,28,1,0
BRF:59
BRH:0
end_of_record
TN:
SF:services\logging\LoggerFileManager.ts
FN:20,(anonymous_0)
FN:35,(anonymous_1)
FN:57,(anonymous_2)
FN:72,(anonymous_3)
FN:97,(anonymous_4)
FN:119,(anonymous_5)
FN:150,(anonymous_6)
FN:166,(anonymous_7)
FN:189,(anonymous_8)
FN:199,(anonymous_9)
FN:223,(anonymous_10)
FN:230,(anonymous_11)
FN:245,(anonymous_12)
FN:276,(anonymous_13)
FN:302,(anonymous_14)
FN:321,(anonymous_15)
FN:324,(anonymous_16)
FN:334,(anonymous_17)
FN:344,(anonymous_18)
FN:369,(anonymous_19)
FN:376,(anonymous_20)
FN:406,(anonymous_21)
FN:438,(anonymous_22)
FN:456,(anonymous_23)
FN:463,(anonymous_24)
FN:481,(anonymous_25)
FN:483,(anonymous_26)
FN:498,(anonymous_27)
FNF:28
FNH:0
FNDA:0,(anonymous_0)
FNDA:0,(anonymous_1)
[...]
DA:120,0
DA:122,0
DA:123,0
DA:124,0
DA:132,0
DA:133,0
DA:135,0
DA:139,0
DA:140,0
DA:143,0
DA:144,0
DA:145,0
DA:146,0
DA:147,0
DA:149,0
DA:152,0
DA:153,0
DA:161,0
DA:162,0
DA:169,0
DA:174,0
DA:175,0
DA:180,0
DA:191,0
DA:198,0
DA:205,0
DA:212,0
DA:219,0
DA:221,0
DA:223,0
DA:225,0
DA:233,0
DA:243,0
DA:253,0
DA:254,0
DA:255,0
DA:258,0
DA:264,0
DA:272,0
DA:273,0
DA:275,0
DA:277,0
DA:281,0
DA:284,0
DA:285,0
DA:297,0
DA:298,0
DA:299,0
DA:301,0
DA:309,0
DA:321,0
DA:323,0
DA:324,0
DA:325,0
DA:327,0
DA:334,0
DA:335,0
DA:346,0
DA:347,0
DA:349,0
DA:350,0
DA:352,0
DA:353,0
DA:356,0
DA:357,0
DA:359,0
DA:360,0
DA:364,0
DA:365,0
DA:366,0
DA:367,0
DA:369,0
DA:372,0
LF:107
LH:0
BRDA:20,0,0,0
BRDA:21,1,0,0
BRDA:21,1,1,0
BRDA:38,2,0,0
BRDA:38,2,1,0
BRDA:76,3,0,0
BRDA:76,3,1,0
BRDA:81,4,0,0
BRDA:81,4,1,0
BRDA:112,5,0,0
BRDA:112,5,1,0
BRDA:133,6,0,0
BRDA:133,6,1,0
BRDA:140,7,0,0
BRDA:140,7,1,0
BRDA:219,8,0,0
BRDA:219,8,1,0
BRDA:219,8,2,0
BRDA:253,9,0,0
BRDA:253,9,1,0
BRDA:254,10,0,0
BRDA:254,10,1,0
BRDA:258,11,0,0
BRDA:258,11,1,0
BRDA:273,12,0,0
BRDA:273,12,1,0
BRDA:304,13,0,0
BRDA:304,13,1,0
BRDA:321,14,0,0
BRDA:321,14,1,0
BRDA:349,15,0,0
BRDA:349,15,1,0
BRDA:356,16,0,0
BRDA:356,16,1,0
BRDA:364,17,0,0
BRDA:364,17,1,0
BRDA:364,18,0,0
BRDA:364,18,1,0
BRDA:366,19,0,0
BRDA:366,19,1,0
BRF:40
BRH:0
end_of_record
TN:
SF:services\logging\LoggerTypes.ts
FNF:0
FNH:0
LF:0
LH:0
BRF:0
BRH:0
end_of_record
TN:
SF:services\logging\SentryTransport.ts
FN:5,(anonymous_0)
FN:24,(anonymous_1)
FN:30,(anonymous_2)
FN:34,(anonymous_3)
FNF:4
FNH:0
FNDA:0,(anonymous_0)
FNDA:0,(anonymous_1)
FNDA:0,(anonymous_2)
FNDA:0,(anonymous_3)
DA:6,0
DA:8,0
DA:9,0
DA:16,0
DA:17,0
DA:18,0
DA:25,0
DA:31,0
DA:35,0
DA:37,0
DA:39,0
DA:41,0
DA:43,0
DA:45,0
DA:47,0
LF:15
LH:0
BRDA:8,0,0,0
BRDA:8,0,1,0
BRDA:16,1,0,0
BRDA:16,1,1,0
BRDA:17,2,0,0
BRDA:17,2,1,0
BRDA:35,3,0,0
BRDA:35,3,1,0
BRDA:35,3,2,0
BRDA:35,3,3,0
BRDA:35,3,4,0
BRDA:35,3,5,0
BRF:12
BRH:0
end_of_record
TN:
SF:services\network\DiagnosticsService.ts
FN:107,(anonymous_0)
FN:111,(anonymous_1)
FN:129,(anonymous_2)
FN:140,(anonymous_3)
FN:144,(anonymous_4)
FN:145,(anonymous_5)
FN:150,(anonymous_6)
FN:154,(anonymous_7)
FN:159,(anonymous_8)
FN:172,(anonymous_9)
FN:215,(anonymous_10)
FN:252,(anonymous_11)
FN:275,(anonymous_12)
FN:311,(anonymous_13)
FN:340,(anonymous_14)
FN:376,(anonymous_15)
FN:394,(anonymous_16)
FN:402,(anonymous_17)
FN:423,(anonymous_18)
FN:433,(anonymous_19)
FN:459,(anonymous_20)
FN:467,(anonymous_21)
FN:470,(anonymous_22)
FN:483,(anonymous_23)
FN:487,(anonymous_24)
FN:494,(anonymous_25)
FN:511,(anonymous_26)
FN:525,(anonymous_27)
FN:545,(anonymous_28)
FN:553,(anonymous_29)
FNF:30
FNH:0
FNDA:0,(anonymous_0)
FNDA:0,(anonymous_1)
FNDA:0,(anonymous_2)
FNDA:0,(anonymous_3)
FNDA:0,(anonymous_4)
FNDA:0,(anonymous_5)
FNDA:0,(anonymous_6)
FNDA:0,(anonymous_7)
FNDA:0,(anonymous_8)
FNDA:0,(anonymous_9)
FNDA:0,(anonymous_10)
FNDA:0,(anonymous_11)
FNDA:0,(anonymous_12)
FNDA:0,(anonymous_13)
FNDA:0,(anonymous_14)
FNDA:0,(anonymous_15)
FNDA:0,(anonymous_16)
FNDA:0,(anonymous_17)
FNDA:0,(anonymous_18)
FNDA:0,(anonymous_19)
FNDA:0,(anonymous_20)
FNDA:0,(anonymous_21)
FNDA:0,(anonymous_22)
FNDA:0,(anonymous_23)
FNDA:0,(anonymous_24)
FNDA:0,(anonymous_25)
FNDA:0,(anonymous_26)
FNDA:0,(anonymous_27)
FNDA:0,(anonymous_28)
FNDA:0,(anonymous_29)
DA:108,0
DA:112,0
DA:113,0
DA:116,0
DA:119,0
DA:121,0
DA:122,0
DA:124,0
DA:125,0
DA:130,0
DA:131,0
DA:134,0
DA:137,0
DA:139,0
DA:140,0
DA:143,0
DA:144,0
DA:145,0
DA:149,0
DA:150,0
DA:153,0
DA:154,0
DA:157,0
DA:158,0
DA:159,0
DA:160,0
DA:164,0
DA:165,0
DA:167,0
DA:168,0
DA:173,0
DA:174,0
DA:177,0
DA:183,0
DA:195,0
DA:197,0
DA:198,0
DA:200,0
DA:202,0
DA:216,0
DA:217,0
DA:219,0
DA:225,0
DA:237,0
DA:239,0
DA:240,0
DA:242,0
DA:244,0
DA:253,0
DA:254,0
DA:258,0
DA:261,0
DA:270,0
DA:271,0
DA:276,0
DA:277,0
DA:280,0
DA:281,0
DA:284,0
DA:294,0
DA:295,0
DA:297,0
DA:299,0
DA:312,0
DA:313,0
DA:316,0
DA:317,0
DA:320,0
DA:321,0
DA:323,0
DA:328,0
DA:329,0
DA:331,0
DA:333,0
DA:341,0
DA:342,0
DA:345,0
DA:346,0
DA:349,0
DA:359,0
DA:360,0
DA:362,0
DA:364,0
DA:377,0
DA:378,0
DA:381,0
DA:385,0
DA:386,0
DA:388,0
DA:389,0
DA:395,0
DA:396,0
DA:400,0
DA:402,0
DA:403,0
DA:404,0
DA:405,0
DA:411,0
DA:413,0
DA:423,0
DA:424,0
DA:425,0
DA:426,0
DA:430,0
DA:438,0
DA:439,0
DA:440,0
DA:442,0
DA:443,0
DA:444,0
DA:445,0
DA:447,0
DA:460,0
DA:461,0
DA:465,0
DA:467,0
DA:468,0
DA:469,0
DA:470,0
DA:471,0
DA:480,0
DA:483,0
DA:488,0
DA:490,0
DA:492,0
DA:494,0
DA:495,0
DA:496,0
DA:497,0
DA:508,0
DA:513,0
DA:514,0
DA:515,0
DA:516,0
DA:517,0
DA:518,0
DA:522,0
DA:526,0
DA:527,0
DA:528,0
DA:531,0
DA:532,0
DA:533,0
DA:537,0
DA:538,0
DA:539,0
DA:542,0
DA:546,0
DA:547,0
DA:548,0
DA:549,0
DA:550,0
DA:554,0
DA:555,0
DA:556,0
DA:557,0
DA:558,0
DA:559,0
DA:564,0
LF:159
LH:0
BRDA:139,0,0,0
BRDA:139,0,1,0
BRDA:139,1,0,0
BRDA:139,1,1,0
BRDA:143,2,0,0
BRDA:143,2,1,0
BRDA:143,3,0,0
BRDA:143,3,1,0
BRDA:149,4,0,0
BRDA:149,4,1,0
BRDA:153,5,0,0
BRDA:153,5,1,0
BRDA:157,6,0,0
BRDA:157,6,1,0
BRDA:172,7,0,0
BRDA:352,8,0,0
BRDA:352,8,1,0
BRDA:353,9,0,0
BRDA:353,9,1,0
BRDA:354,10,0,0
BRDA:354,10,1,0
BRDA:355,11,0,0
BRDA:355,11,1,0
BRDA:404,12,0,0
BRDA:404,12,1,0
BRDA:411,13,0,0
BRDA:411,13,1,0
BRDA:424,14,0,0
BRDA:424,14,1,0
BRDA:438,15,0,0
BRDA:438,15,1,0
BRDA:439,16,0,0
BRDA:439,16,1,0
BRDA:440,17,0,0
BRDA:440,17,1,0
BRDA:443,18,0,0
BRDA:443,18,1,0
BRDA:444,19,0,0
BRDA:444,19,1,0
BRDA:445,20,0,0
BRDA:445,20,1,0
BRDA:469,21,0,0
BRDA:469,21,1,0
BRDA:470,22,0,0
BRDA:470,22,1,0
BRDA:483,23,0,0
BRDA:483,23,1,0
BRDA:490,24,0,0
BRDA:490,24,1,0
BRDA:496,25,0,0
BRDA:496,25,1,0
BRDA:498,26,0,0
BRDA:498,26,1,0
BRDA:499,27,0,0
BRDA:499,27,1,0
BRDA:500,28,0,0
BRDA:500,28,1,0
BRDA:501,29,0,0
BRDA:501,29,1,0
BRDA:503,30,0,0
BRDA:503,30,1,0
BRDA:514,31,0,0
BRDA:514,31,1,0
BRDA:515,32,0,0
BRDA:515,32,1,0
BRDA:516,33,0,0
BRDA:516,33,1,0
BRDA:517,34,0,0
BRDA:517,34,1,0
BRDA:527,35,0,0
BRDA:527,35,1,0
BRDA:528,36,0,0
BRDA:528,36,1,0
BRDA:532,37,0,0
BRDA:532,37,1,0
BRDA:533,38,0,0
BRDA:533,38,1,0
BRDA:533,38,2,0
BRDA:538,39,0,0
BRDA:538,39,1,0
BRDA:539,40,0,0
BRDA:539,40,1,0
BRDA:539,40,2,0
BRDA:547,41,0,0
BRDA:547,41,1,0
BRDA:548,42,0,0
BRDA:548,42,1,0
BRDA:549,43,0,0
BRDA:549,43,1,0
BRDA:555,44,0,0
BRDA:555,44,1,0
BRDA:556,45,0,0
BRDA:556,45,1,0
BRDA:557,46,0,0
BRDA:557,46,1,0
BRDA:558,47,0,0
BRDA:558,47,1,0
BRF:97
BRH:0
end_of_record
TN:
SF:services\network\FirewallService.ts
FN:76,(anonymous_0)
FN:80,(anonymous_1)
FN:106,(anonymous_2)
FN:129,(anonymous_3)
FN:178,(anonymous_4)
FN:219,(anonymous_5)
FN:251,(anonymous_6)
FN:284,(anonymous_7)
FN:323,(anonymous_8)
FN:368,(anonymous_9)
FN:399,(anonymous_10)
FN:412,(anonymous_11)
FN:435,(anonymous_12)
FN:472,(anonymous_13)
FN:534,(anonymous_14)
FN:540,(anonymous_15)
FN:546,(anonymous_16)
FN:553,(anonymous_17)
FN:572,(anonymous_18)
FN:590,(anonymous_19)
FN:597,(anonymous_20)
FN:603,(anonymous_21)
FN:611,(anonymous_22)
FNF:23
FNH:0
FNDA:0,(anonymous_0)
FNDA:0,(anonymous_1)
FNDA:0,(anonymous_2)
FNDA:0,(anonymous_3)
FNDA:0,(anonymous_4)
FNDA:0,(anonymous_5)
FNDA:0,(anonymous_6)
FNDA:0,(anonymous_7)
FNDA:0,(anonymous_8)
FNDA:0,(anonymous_9)
FNDA:0,(anonymous_10)
FNDA:0,(anonymous_11)
FNDA:0,(anonymous_12)
FNDA:0,(anonymous_13)
FNDA:0,(anonymous_14)
FNDA:0,(anonymous_15)
FNDA:0,(anonymous_16)
FNDA:0,(anonymous_17)
FNDA:0,(anonymous_18)
FNDA:0,(anonymous_19)
FNDA:0,(anonymous_20)
FNDA:0,(anonymous_21)
FNDA:0,(anonymous_22)
DA:77,0
DA:81,0
DA:82,0
DA:85,0
DA:86,0
DA:89,0
DA:90,0
DA:91,0
DA:92,0
DA:96,0
DA:97,0
DA:98,0
DA:99,0
DA:103,0
DA:104,0
DA:106,0
DA:107,0
DA:108,0
DA:109,0
DA:121,0
DA:122,0
DA:124,0
DA:125,0
DA:130,0
DA:131,0
DA:134,0
DA:137,0
DA:138,0
DA:139,0
DA:140,0
DA:144,0
DA:154,0
DA:164,0
DA:165,0
DA:166,0
DA:170,0
DA:171,0
DA:173,0
DA:174,0
DA:179,0
DA:180,0
DA:183,0
DA:185,0
DA:196,0
DA:206,0
DA:207,0
DA:208,0
DA:211,0
DA:212,0
DA:214,0
DA:215,0
DA:220,0
DA:221,0
DA:223,0
DA:228,0
DA:238,0
DA:239,0
DA:240,0
DA:243,0
DA:244,0
DA:246,0
DA:247,0
DA:252,0
DA:253,0
DA:256,0
DA:257,0
DA:260,0
DA:267,0
DA:268,0
DA:271,0
DA:272,0
DA:274,0
DA:276,0
DA:285,0
DA:286,0
DA:288,0
DA:294,0
DA:304,0
DA:305,0
DA:308,0
DA:309,0
DA:312,0
DA:315,0
DA:316,0
DA:318,0
DA:319,0
DA:324,0
DA:325,0
DA:328,0
DA:329,0
DA:332,0
DA:333,0
DA:334,0
DA:335,0
DA:339,0
DA:340,0
DA:342,0
DA:343,0
DA:344,0
DA:345,0
DA:354,0
DA:356,0
DA:360,0
DA:361,0
DA:363,0
DA:364,0
DA:369,0
DA:370,0
DA:372,0
DA:376,0
DA:386,0
DA:387,0
DA:388,0
DA:391,0
DA:392,0
DA:394,0
DA:395,0
DA:400,0
DA:401,0
DA:402,0
DA:404,0
DA:405,0
DA:407,0
DA:408,0
DA:413,0
DA:414,0
DA:416,0
DA:417,0
DA:419,0
DA:424,0
DA:425,0
DA:427,0
DA:428,0
DA:436,0
DA:437,0
DA:439,0
DA:440,0
DA:443,0
DA:448,0
DA:458,0
DA:459,0
DA:460,0
DA:463,0
DA:464,0
DA:466,0
DA:467,0
DA:473,0
DA:474,0
DA:477,0
DA:495,0
DA:506,0
DA:507,0
DA:510,0
DA:511,0
DA:512,0
DA:524,0
DA:527,0
DA:529,0
DA:530,0
DA:537,0
DA:543,0
DA:549,0
DA:550,0
DA:554,0
DA:555,0
DA:556,0
DA:559,0
DA:560,0
DA:561,0
DA:564,0
DA:565,0
DA:566,0
DA:569,0
DA:573,0
DA:574,0
DA:577,0
DA:578,0
DA:581,0
DA:582,0
DA:585,0
DA:586,0
DA:591,0
DA:592,0
DA:593,0
DA:596,0
DA:597,0
DA:598,0
DA:599,0
DA:604,0
DA:605,0
DA:606,0
DA:608,0
DA:612,0
DA:619,0
DA:624,0
LF:195
LH:0
BRDA:90,0,0,0
BRDA:90,0,1,0
BRDA:97,1,0,0
BRDA:97,1,1,0
BRDA:108,2,0,0
BRDA:108,2,1,0
BRDA:112,3,0,0
BRDA:112,3,1,0
BRDA:113,4,0,0
BRDA:113,4,1,0
BRDA:138,5,0,0
BRDA:138,5,1,0
BRDA:151,6,0,0
BRDA:151,6,1,0
BRDA:164,7,0,0
BRDA:164,7,1,0
BRDA:164,8,0,0
BRDA:164,8,1,0
BRDA:193,9,0,0
BRDA:193,9,1,0
BRDA:206,10,0,0
BRDA:206,10,1,0
BRDA:206,11,0,0
BRDA:206,11,1,0
BRDA:238,12,0,0
BRDA:238,12,1,0
BRDA:238,13,0,0
BRDA:238,13,1,0
BRDA:267,14,0,0
BRDA:267,14,1,0
BRDA:290,15,0,0
BRDA:290,15,1,0
BRDA:291,16,0,0
BRDA:291,16,1,0
BRDA:304,17,0,0
BRDA:304,17,1,0
BRDA:304,18,0,0
BRDA:304,18,1,0
BRDA:308,19,0,0
BRDA:308,19,1,0
BRDA:308,20,0,0
BRDA:308,20,1,0
BRDA:333,21,0,0
BRDA:333,21,1,0
BRDA:344,22,0,0
BRDA:344,22,1,0
BRDA:370,23,0,0
BRDA:370,23,1,0
BRDA:373,24,0,0
BRDA:373,24,1,0
BRDA:386,25,0,0
BRDA:386,25,1,0
BRDA:386,26,0,0
BRDA:386,26,1,0
BRDA:387,27,0,0
BRDA:387,27,1,0
BRDA:421,28,0,0
BRDA:421,28,1,0
BRDA:439,29,0,0
BRDA:439,29,1,0
BRDA:439,30,0,0
BRDA:439,30,1,0
BRDA:444,31,0,0
BRDA:444,31,1,0
BRDA:458,32,0,0
BRDA:458,32,1,0
BRDA:458,33,0,0
BRDA:458,33,1,0
BRDA:484,34,0,0
BRDA:484,34,1,0
BRDA:506,35,0,0
BRDA:506,35,1,0
BRDA:510,36,0,0
BRDA:510,36,1,0
BRDA:555,37,0,0
BRDA:555,37,1,0
BRDA:556,38,0,0
BRDA:556,38,1,0
BRDA:560,39,0,0
BRDA:560,39,1,0
BRDA:561,40,0,0
BRDA:561,40,1,0
BRDA:565,41,0,0
BRDA:565,41,1,0
BRDA:566,42,0,0
BRDA:566,42,1,0
BRDA:566,42,2,0
BRDA:573,43,0,0
BRDA:573,43,1,0
BRDA:573,44,0,0
BRDA:573,44,1,0
BRDA:577,45,0,0
BRDA:577,45,1,0
BRDA:577,46,0,0
BRDA:577,46,1,0
BRDA:581,47,0,0
BRDA:581,47,1,0
BRDA:581,48,0,0
BRDA:581,48,1,0
BRDA:585,49,0,0
BRDA:585,49,1,0
BRDA:592,50,0,0
BRDA:592,50,1,0
BRDA:599,51,0,0
BRDA:599,51,1,0
BRDA:605,52,0,0
BRDA:605,52,1,0
BRDA:605,53,0,0
BRDA:605,53,1,0
BRDA:619,54,0,0
BRDA:619,54,1,0
BRF:111
BRH:0
end_of_record
TN:
SF:services\network\MockWifiService.ts
FN:50,(anonymous_0)
FN:54,(anonymous_1)
FN:62,(anonymous_2)
FN:66,(anonymous_3)
FN:78,(anonymous_4)
FN:82,(anonymous_5)
FN:90,(anonymous_6)
FN:94,(anonymous_7)
FN:125,(anonymous_8)
FN:129,(anonymous_9)
FN:141,(anonymous_10)
FN:145,(anonymous_11)
FN:151,(anonymous_12)
FN:155,(anonymous_13)
FN:160,(anonymous_14)
FN:164,(anonymous_15)
FN:170,(anonymous_16)
FN:174,(anonymous_17)
FNF:18
FNH:0
FNDA:0,(anonymous_0)
FNDA:0,(anonymous_1)
FNDA:0,(anonymous_2)
FNDA:0,(anonymous_3)
FNDA:0,(anonymous_4)
FNDA:0,(anonymous_5)
FNDA:0,(anonymous_6)
FNDA:0,(anonymous_7)
FNDA:0,(anonymous_8)
FNDA:0,(anonymous_9)
FNDA:0,(anonymous_10)
FNDA:0,(anonymous_11)
FNDA:0,(anonymous_12)
FNDA:0,(anonymous_13)
FNDA:0,(anonymous_14)
FNDA:0,(anonymous_15)
FNDA:0,(anonymous_16)
FNDA:0,(anonymous_17)
DA:12,0
DA:23,0
DA:34,0
DA:43,0
DA:51,0
DA:54,0
DA:56,0
DA:57,0
DA:59,0
DA:63,0
DA:66,0
DA:69,0
DA:70,0
DA:72,0
DA:75,0
DA:79,0
DA:82,0
DA:84,0
DA:85,0
DA:87,0
DA:91,0
DA:94,0
DA:97,0
DA:126,0
DA:129,0
DA:131,0
DA:132,0
DA:134,0
DA:135,0
DA:138,0
DA:142,0
DA:145,0
DA:147,0
DA:148,0
DA:152,0
DA:155,0
DA:157,0
DA:161,0
DA:164,0
DA:166,0
DA:167,0
DA:171,0
DA:174,0
DA:176,0
DA:181,0
LF:45
LH:0
BRDA:51,0,0,0
BRDA:51,0,1,0
BRDA:56,1,0,0
BRDA:56,1,1,0
BRDA:69,2,0,0
BRDA:69,2,1,0
BRDA:84,3,0,0
BRDA:84,3,1,0
BRDA:126,4,0,0
BRDA:126,4,1,0
BRDA:126,5,0,0
BRDA:126,5,1,0
BRDA:131,6,0,0
BRDA:131,6,1,0
BRDA:131,7,0,0
BRDA:131,7,1,0
BRDA:134,8,0,0
BRDA:134,8,1,0
BRDA:134,9,0,0
BRDA:134,9,1,0
BRF:20
BRH:0
end_of_record
TN:
SF:services\network\NetworkService.ts
FN:58,(anonymous_0)
FN:62,(anonymous_1)
FN:88,(anonymous_2)
FN:128,(anonymous_3)
FN:147,(anonymous_4)
FN:168,(anonymous_5)
FN:206,(anonymous_6)
FN:238,(anonymous_7)
FN:270,(anonymous_8)
FN:310,(anonymous_9)
FN:338,(anonymous_10)
FN:374,(anonymous_11)
FN:402,(anonymous_12)
FN:444,(anonymous_13)
FN:466,(anonymous_14)
FN:488,(anonymous_15)
FN:507,(anonymous_16)
FN:521,(anonymous_17)
FN:523,(anonymous_18)
FNF:19
FNH:0
FNDA:0,(anonymous_0)
FNDA:0,(anonymous_1)
FNDA:0,(anonymous_2)
FNDA:0,(anonymous_3)
FNDA:0,(anonymous_4)
FNDA:0,(anonymous_5)
FNDA:0,(anonymous_6)
FNDA:0,(anonymous_7)
FNDA:0,(anonymous_8)
FNDA:0,(anonymous_9)
FNDA:0,(anonymous_10)
FNDA:0,(anonymous_11)
FNDA:0,(anonymous_12)
FNDA:0,(anonymous_13)
FNDA:0,(anonymous_14)
FNDA:0,(anonymous_15)
FNDA:0,(anonymous_16)
FNDA:0,(anonymous_17)
FNDA:0,(anonymous_18)
DA:59,0
DA:63,0
DA:64,0
DA:67,0
DA:68,0
DA:71,0
DA:80,0
DA:81,0
DA:83,0
DA:84,0
DA:89,0
DA:90,0
DA:93,0
DA:96,0
DA:105,0
DA:115,0
DA:116,0
DA:117,0
DA:120,0
DA:121,0
DA:123,0
DA:124,0
DA:129,0
DA:130,0
DA:133,0
DA:134,0
DA:137,0
DA:138,0
DA:139,0
DA:140,0
DA:144,0
DA:145,0
DA:147,0
DA:148,0
DA:149,0
DA:150,0
DA:159,0
DA:160,0
DA:162,0
DA:164,0
DA:169,0
DA:170,0
DA:173,0
DA:175,0
DA:183,0
DA:193,0
DA:194,0
DA:195,0
DA:198,0
DA:199,0
DA:201,0
DA:202,0
DA:207,0
DA:208,0
DA:210,0
DA:215,0
DA:225,0
DA:226,0
DA:227,0
DA:230,0
DA:231,0
DA:233,0
DA:234,0
DA:239,0
DA:240,0
DA:243,0
DA:244,0
DA:247,0
DA:248,0
DA:250,0
DA:258,0
DA:259,0
DA:261,0
DA:262,0
DA:271,0
DA:272,0
DA:275,0
DA:280,0
DA:292,0
DA:293,0
DA:294,0
DA:297,0
DA:298,0
DA:301,0
DA:302,0
DA:303,0
DA:305,0
DA:306,0
DA:311,0
DA:312,0
DA:315,0
DA:316,0
DA:319,0
DA:325,0
DA:326,0
DA:328,0
DA:330,0
DA:339,0
DA:340,0
DA:343,0
DA:345,0
DA:351,0
DA:361,0
DA:362,0
DA:363,0
DA:366,0
DA:367,0
DA:369,0
DA:370,0
DA:375,0
DA:376,0
DA:379,0
DA:380,0
DA:383,0
DA:390,0
DA:391,0
DA:393,0
DA:395,0
DA:403,0
DA:404,0
DA:406,0
DA:411,0
DA:412,0
DA:413,0
DA:416,0
DA:426,0
DA:427,0
DA:428,0
DA:431,0
DA:432,0
DA:434,0
DA:436,0
DA:437,0
DA:439,0
DA:446,0
DA:447,0
DA:448,0
DA:452,0
DA:453,0
DA:454,0
DA:458,0
DA:459,0
DA:460,0
DA:463,0
DA:468,0
DA:470,0
DA:471,0
DA:475,0
DA:476,0
DA:478,0
DA:479,0
DA:483,0
DA:484,0
DA:490,0
DA:491,0
DA:492,0
DA:496,0
DA:497,0
DA:498,0
DA:502,0
DA:503,0
DA:508,0
DA:510,0
DA:511,0
DA:512,0
DA:515,0
DA:516,0
DA:522,0
DA:523,0
DA:524,0
DA:530,0
LF:171
LH:0
BRDA:73,0,0,0
BRDA:73,0,1,0
BRDA:74,1,0,0
BRDA:74,1,1,0
BRDA:75,2,0,0
BRDA:75,2,1,0
BRDA:76,3,0,0
BRDA:76,3,1,0
BRDA:77,4,0,0
BRDA:77,4,1,0
BRDA:97,5,0,0
BRDA:97,5,1,0
BRDA:115,6,0,0
BRDA:115,6,1,0
BRDA:115,7,0,0
BRDA:115,7,1,0
BRDA:138,8,0,0
BRDA:138,8,1,0
BRDA:149,9,0,0
BRDA:149,9,1,0
BRDA:180,10,0,0
BRDA:180,10,1,0
BRDA:193,11,0,0
BRDA:193,11,1,0
BRDA:193,12,0,0
BRDA:193,12,1,0
BRDA:225,13,0,0
BRDA:225,13,1,0
BRDA:225,14,0,0
BRDA:225,14,1,0
BRDA:253,15,0,0
BRDA:253,15,1,0
BRDA:272,16,0,0
BRDA:272,16,1,0
BRDA:276,17,0,0
BRDA:276,17,1,0
BRDA:292,18,0,0
BRDA:292,18,1,0
BRDA:292,19,0,0
BRDA:292,19,1,0
BRDA:301,20,0,0
BRDA:301,20,1,0
BRDA:301,21,0,0
BRDA:301,21,1,0
BRDA:320,22,0,0
BRDA:320,22,1,0
BRDA:321,23,0,0
BRDA:321,23,1,0
BRDA:348,24,0,0
BRDA:348,24,1,0
BRDA:361,25,0,0
BRDA:361,25,1,0
BRDA:361,26,0,0
BRDA:361,26,1,0
BRDA:385,27,0,0
BRDA:385,27,1,0
BRDA:387,28,0,0
BRDA:387,28,1,0
BRDA:407,29,0,0
BRDA:407,29,1,0
BRDA:411,30,0,0
BRDA:411,30,1,0
BRDA:411,31,0,0
BRDA:411,31,1,0
BRDA:411,31,2,0
BRDA:426,32,0,0
BRDA:426,32,1,0
BRDA:426,33,0,0
BRDA:426,33,1,0
BRDA:436,34,0,0
BRDA:436,34,1,0
BRDA:447,35,0,0
BRDA:447,35,1,0
BRDA:448,36,0,0
BRDA:448,36,1,0
BRDA:453,37,0,0
BRDA:453,37,1,0
BRDA:454,38,0,0
BRDA:454,38,1,0
BRDA:459,39,0,0
BRDA:459,39,1,0
BRDA:460,40,0,0
BRDA:460,40,1,0
BRDA:460,40,2,0
BRDA:470,41,0,0
BRDA:470,41,1,0
BRDA:470,42,0,0
BRDA:470,42,1,0
BRDA:478,43,0,0
BRDA:478,43,1,0
BRDA:483,44,0,0
BRDA:483,44,1,0
BRDA:483,45,0,0
BRDA:483,45,1,0
BRDA:491,46,0,0
BRDA:491,46,1,0
BRDA:497,47,0,0
BRDA:497,47,1,0
BRDA:502,48,0,0
BRDA:502,48,1,0
BRDA:502,49,0,0
BRDA:502,49,1,0
BRDA:510,50,0,0
BRDA:510,50,1,0
BRDA:511,51,0,0
BRDA:511,51,1,0
BRDA:515,52,0,0
BRDA:515,52,1,0
BRDA:515,53,0,0
BRDA:515,53,1,0
BRF:110
BRH:0
end_of_record
TN:
SF:services\network\WifiService.ts
FN:61,(anonymous_0)
FN:65,(anonymous_1)
FN:87,(anonymous_2)
FN:130,(anonymous_3)
FN:152,(anonymous_4)
FN:168,(anonymous_5)
FN:192,(anonymous_6)
FN:234,(anonymous_7)
FN:268,(anonymous_8)
FN:307,(anonymous_9)
FN:318,(anonymous_10)
FN:338,(anonymous_11)
FN:355,(anonymous_12)
FN:377,(anonymous_13)
FN:400,(anonymous_14)
FN:414,(anonymous_15)
FNF:16
FNH:0
FNDA:0,(anonymous_0)
FNDA:0,(anonymous_1)
FNDA:0,(anonymous_2)
FNDA:0,(anonymous_3)
FNDA:0,(anonymous_4)
FNDA:0,(anonymous_5)
FNDA:0,(anonymous_6)
FNDA:0,(anonymous_7)
FNDA:0,(anonymous_8)
FNDA:0,(anonymous_9)
FNDA:0,(anonymous_10)
FNDA:0,(anonymous_11)
FNDA:0,(anonymous_12)
FNDA:0,(anonymous_13)
FNDA:0,(anonymous_14)
FNDA:0,(anonymous_15)
DA:62,0
DA:66,0
DA:67,0
DA:70,0
DA:73,0
DA:76,0
DA:77,0
DA:79,0
DA:80,0
DA:82,0
DA:83,0
DA:88,0
DA:89,0
DA:92,0
DA:95,0
DA:106,0
DA:117,0
DA:118,0
DA:119,0
DA:122,0
DA:123,0
DA:125,0
DA:126,0
DA:131,0
DA:132,0
DA:135,0
DA:142,0
DA:144,0
DA:145,0
DA:147,0
DA:148,0
DA:153,0
DA:154,0
DA:160,0
DA:161,0
DA:163,0
DA:164,0
DA:169,0
DA:170,0
DA:173,0
DA:176,0
DA:179,0
DA:181,0
DA:182,0
DA:185,0
DA:187,0
DA:188,0
DA:193,0
DA:194,0
DA:198,0
DA:207,0
DA:217,0
DA:218,0
DA:219,0
DA:222,0
DA:223,0
DA:225,0
DA:227,0
DA:228,0
DA:230,0
DA:235,0
DA:236,0
DA:239,0
DA:240,0
DA:243,0
DA:252,0
DA:253,0
DA:255,0
DA:257,0
DA:269,0
DA:270,0
DA:273,0
DA:280,0
DA:290,0
DA:291,0
DA:292,0
DA:295,0
DA:296,0
DA:298,0
DA:300,0
DA:301,0
DA:303,0
DA:308,0
DA:309,0
DA:312,0
DA:313,0
DA:316,0
DA:318,0
DA:323,0
DA:324,0
DA:326,0
DA:328,0
DA:341,0
DA:343,0
DA:357,0
DA:358,0
DA:359,0
DA:363,0
DA:364,0
DA:365,0
DA:369,0
DA:370,0
DA:371,0
DA:374,0
DA:379,0
DA:380,0
DA:384,0
DA:385,0
DA:386,0
DA:391,0
DA:395,0
DA:396,0
DA:402,0
DA:411,0
DA:416,0
DA:425,0
LF:116
LH:0
BRDA:67,0,0,0
BRDA:67,0,1,0
BRDA:76,1,0,0
BRDA:76,1,1,0
BRDA:96,2,0,0
BRDA:96,2,1,0
BRDA:101,3,0,0
BRDA:101,3,1,0
BRDA:102,4,0,0
BRDA:102,4,1,0
BRDA:103,5,0,0
BRDA:103,5,1,0
BRDA:117,6,0,0
BRDA:117,6,1,0
BRDA:117,7,0,0
BRDA:117,7,1,0
BRDA:142,8,0,0
BRDA:142,8,1,0
BRDA:170,9,0,0
BRDA:170,9,1,0
BRDA:170,10,0,0
BRDA:170,10,1,0
BRDA:181,11,0,0
BRDA:181,11,1,0
BRDA:182,12,0,0
BRDA:182,12,1,0
BRDA:199,13,0,0
BRDA:199,13,1,0
BRDA:204,14,0,0
BRDA:204,14,1,0
BRDA:217,15,0,0
BRDA:217,15,1,0
BRDA:217,16,0,0
BRDA:217,16,1,0
BRDA:227,17,0,0
BRDA:227,17,1,0
BRDA:248,18,0,0
BRDA:248,18,1,0
BRDA:274,19,0,0
BRDA:274,19,1,0
BRDA:290,20,0,0
BRDA:290,20,1,0
BRDA:290,21,0,0
BRDA:290,21,1,0
BRDA:300,22,0,0
BRDA:300,22,1,0
BRDA:319,23,0,0
BRDA:319,23,1,0
BRDA:320,24,0,0
BRDA:320,24,1,0
BRDA:341,25,0,0
BRDA:341,25,1,0
BRDA:348,26,0,0
BRDA:348,26,1,0
BRDA:358,27,0,0
BRDA:358,27,1,0
BRDA:359,28,0,0
BRDA:359,28,1,0
BRDA:364,29,0,0
BRDA:364,29,1,0
BRDA:365,30,0,0
BRDA:365,30,1,0
BRDA:370,31,0,0
BRDA:370,31,1,0
BRDA:371,32,0,0
BRDA:371,32,1,0
BRDA:371,32,2,0
BRDA:379,33,0,0
BRDA:379,33,1,0
BRDA:379,34,0,0
BRDA:379,34,1,0
BRDA:384,35,0,0
BRDA:384,35,1,0
BRDA:385,36,0,0
BRDA:385,36,1,0
BRDA:385,37,0,0
BRDA:385,37,1,0
BRDA:385,37,2,0
BRDA:391,38,0,0
BRDA:391,38,1,0
BRDA:395,39,0,0
BRDA:395,39,1,0
BRDA:411,40,0,0
BRDA:411,40,1,0
BRDA:425,41,0,0
BRDA:425,41,1,0
BRF:86
BRH:0
end_of_record
TN:
SF:services\network\WifiServiceFactory.ts
FN:9,(anonymous_0)
FNF:1
FNH:0
FNDA:0,(anonymous_0)
DA:10,0
DA:11,0
DA:12,0
DA:14,0
DA:16,0
DA:17,0
DA:19,0
LF:7
LH:0
BRDA:10,0,0,0
BRDA:10,0,1,0
BRDA:11,1,0,0
BRDA:11,1,1,0
BRDA:16,2,0,0
BRDA:16,2,1,0
BRF:6
BRH:0
end_of_record
